<?xml version="1.0" encoding="UTF-8"?>
<coverage generated="1780869162139" clover="3.2.0">
  <project timestamp="1780869162140" name="All files">
    <metrics statements="361" coveredstatements="326" conditionals="252" coveredconditionals="167" methods="81" coveredmethods="63" elements="694" coveredelements="556" complexity="0" loc="361" ncloc="361" packages="1" files="2" classes="2"/>
    <file name="analitica.tsx" path="C:\Users\felin\Desktop\ibichossss\iBichos\ibichos-dashboard\src\pages\Analitica\analitica.tsx">
      <metrics statements="42" coveredstatements="27" conditionals="42" coveredconditionals="33" methods="31" coveredmethods="16"/>
      <line num="12" count="1" type="stmt"/>
      <line num="13" count="1" type="stmt"/>
      <line num="16" count="7" type="stmt"/>
      <line num="25" count="7" type="stmt"/>
      <line num="28" count="7" type="cond" truecount="2" falsecount="0"/>
      <line num="29" count="1" type="stmt"/>
      <line num="38" count="6" type="stmt"/>
      <line num="47" count="1" type="stmt"/>
      <line num="70" count="0" type="cond" truecount="2" falsecount="0"/>
      <line num="75" count="0" type="cond" truecount="2" falsecount="0"/>
      <line num="80" count="0" type="cond" truecount="2" falsecount="0"/>
      <line num="85" count="0" type="cond" truecount="2" falsecount="0"/>
      <line num="97" count="0" type="stmt"/>
      <line num="172" count="0" type="stmt"/>
      <line num="338" count="0" type="stmt"/>
      <line num="342" count="2" type="stmt"/>
      <line num="367" count="0" type="stmt"/>
      <line num="406" count="1" type="cond" truecount="1" falsecount="1"/>
      <line num="436" count="1" type="stmt"/>
      <line num="474" count="0" type="stmt"/>
      <line num="478" count="4" type="stmt"/>
      <line num="507" count="1" type="stmt"/>
      <line num="540" count="1" type="stmt"/>
      <line num="557" count="0" type="stmt"/>
      <line num="571" count="0" type="stmt"/>
      <line num="607" count="1" type="cond" truecount="1" falsecount="1"/>
      <line num="608" count="2" type="cond" truecount="1" falsecount="1"/>
      <line num="609" count="3" type="cond" truecount="1" falsecount="1"/>
      <line num="610" count="1" type="stmt"/>
      <line num="611" count="4" type="cond" truecount="1" falsecount="1"/>
      <line num="612" count="1" type="stmt"/>
      <line num="614" count="1" type="cond" truecount="1" falsecount="1"/>
      <line num="615" count="1" type="cond" truecount="1" falsecount="1"/>
      <line num="616" count="1" type="cond" truecount="1" falsecount="1"/>
      <line num="618" count="1" type="stmt"/>
      <line num="740" count="0" type="stmt"/>
      <line num="763" count="0" type="stmt"/>
      <line num="767" count="1" type="stmt"/>
      <line num="783" count="0" type="stmt"/>
      <line num="784" count="1" type="stmt"/>
      <line num="791" count="0" type="stmt"/>
      <line num="801" count="1" type="stmt"/>
    </file>
    <file name="useAnalitica.tsx" path="C:\Users\felin\Desktop\ibichossss\iBichos\ibichos-dashboard\src\pages\Analitica\useAnalitica.tsx">
      <metrics statements="319" coveredstatements="299" conditionals="210" coveredconditionals="134" methods="50" coveredmethods="47"/>
      <line num="7" count="2" type="stmt"/>
      <line num="8" count="8" type="stmt"/>
      <line num="9" count="8" type="cond" truecount="1" falsecount="1"/>
      <line num="12" count="2" type="stmt"/>
      <line num="13" count="12" type="stmt"/>
      <line num="14" count="12" type="cond" truecount="1" falsecount="1"/>
      <line num="17" count="2" type="stmt"/>
      <line num="18" count="4" type="stmt"/>
      <line num="21" count="4" type="cond" truecount="1" falsecount="1"/>
      <line num="24" count="2" type="stmt"/>
      <line num="25" count="12" type="stmt"/>
      <line num="26" count="12" type="cond" truecount="1" falsecount="1"/>
      <line num="29" count="2" type="stmt"/>
      <line num="30" count="9" type="stmt"/>
      <line num="31" count="9" type="cond" truecount="1" falsecount="1"/>
      <line num="34" count="2" type="stmt"/>
      <line num="35" count="5" type="cond" truecount="3" falsecount="1"/>
      <line num="36" count="5" type="stmt"/>
      <line num="37" count="5" type="stmt"/>
      <line num="38" count="5" type="cond" truecount="1" falsecount="1"/>
      <line num="39" count="5" type="stmt"/>
      <line num="40" count="5" type="stmt"/>
      <line num="41" count="5" type="stmt"/>
      <line num="42" count="5" type="cond" truecount="4" falsecount="1"/>
      <line num="43" count="5" type="stmt"/>
      <line num="44" count="5" type="cond" truecount="1" falsecount="1"/>
      <line num="45" count="5" type="stmt"/>
      <line num="46" count="5" type="stmt"/>
      <line num="47" count="5" type="stmt"/>
      <line num="48" count="5" type="cond" truecount="3" falsecount="2"/>
      <line num="49" count="0" type="stmt"/>
      <line num="51" count="5" type="stmt"/>
      <line num="53" count="0" type="stmt"/>
      <line num="57" count="2" type="stmt"/>
      <line num="58" count="5" type="cond" truecount="3" falsecount="1"/>
      <line num="59" count="5" type="cond" truecount="1" falsecount="1"/>
      <line num="60" count="5" type="cond" truecount="1" falsecount="1"/>
      <line num="61" count="5" type="cond" truecount="1" falsecount="1"/>
      <line num="62" count="0" type="cond" truecount="0" falsecount="2"/>
      <line num="63" count="0" type="stmt"/>
      <line num="67" count="15" type="stmt"/>
      <line num="68" count="15" type="stmt"/>
      <line num="69" count="15" type="stmt"/>
      <line num="72" count="15" type="stmt"/>
      <line num="73" count="15" type="stmt"/>
      <line num="74" count="15" type="stmt"/>
      <line num="75" count="15" type="stmt"/>
      <line num="76" count="15" type="stmt"/>
      <line num="77" count="15" type="stmt"/>
      <line num="78" count="15" type="stmt"/>
      <line num="79" count="15" type="stmt"/>
      <line num="80" count="15" type="stmt"/>
      <line num="81" count="15" type="stmt"/>
      <line num="82" count="15" type="stmt"/>
      <line num="83" count="15" type="stmt"/>
      <line num="84" count="15" type="stmt"/>
      <line num="85" count="15" type="stmt"/>
      <line num="86" count="15" type="stmt"/>
      <line num="87" count="15" type="stmt"/>
      <line num="89" count="15" type="stmt"/>
      <line num="90" count="15" type="stmt"/>
      <line num="91" count="15" type="stmt"/>
      <line num="94" count="15" type="stmt"/>
      <line num="95" count="4" type="stmt"/>
      <line num="96" count="4" type="stmt"/>
      <line num="97" count="4" type="stmt"/>
      <line num="99" count="4" type="stmt"/>
      <line num="100" count="4" type="stmt"/>
      <line num="101" count="4" type="stmt"/>
      <line num="102" count="4" type="stmt"/>
      <line num="103" count="4" type="stmt"/>
      <line num="104" count="4" type="stmt"/>
      <line num="105" count="4" type="stmt"/>
      <line num="106" count="4" type="stmt"/>
      <line num="107" count="4" type="stmt"/>
      <line num="108" count="4" type="stmt"/>
      <line num="110" count="4" type="stmt"/>
      <line num="111" count="8" type="stmt"/>
      <line num="112" count="8" type="stmt"/>
      <line num="113" count="8" type="cond" truecount="2" falsecount="0"/>
      <line num="114" count="8" type="cond" truecount="2" falsecount="0"/>
      <line num="116" count="8" type="cond" truecount="2" falsecount="0"/>
      <line num="117" count="8" type="cond" truecount="1" falsecount="1"/>
      <line num="118" count="8" type="stmt"/>
      <line num="119" count="4" type="stmt"/>
      <line num="120" count="4" type="cond" truecount="2" falsecount="0"/>
      <line num="124" count="8" type="stmt"/>
      <line num="125" count="8" type="cond" truecount="1" falsecount="1"/>
      <line num="126" count="8" type="cond" truecount="2" falsecount="0"/>
      <line num="127" count="4" type="stmt"/>
      <line num="130" count="4" type="stmt"/>
      <line num="131" count="4" type="stmt"/>
      <line num="133" count="4" type="stmt"/>
      <line num="134" count="4" type="stmt"/>
      <line num="135" count="4" type="stmt"/>
      <line num="136" count="4" type="stmt"/>
      <line num="137" count="4" type="stmt"/>
      <line num="138" count="4" type="stmt"/>
      <line num="139" count="4" type="stmt"/>
      <line num="140" count="4" type="stmt"/>
      <line num="142" count="4" type="stmt"/>
      <line num="143" count="12" type="stmt"/>
      <line num="144" count="12" type="stmt"/>
      <line num="146" count="12" type="cond" truecount="4" falsecount="0"/>
      <line num="147" count="4" type="cond" truecount="1" falsecount="1"/>
      <line num="148" count="4" type="cond" truecount="2" falsecount="2"/>
      <line num="149" count="4" type="stmt"/>
      <line num="153" count="12" type="cond" truecount="1" falsecount="1"/>
      <line num="154" count="12" type="cond" truecount="4" falsecount="0"/>
      <line num="156" count="12" type="cond" truecount="2" falsecount="0"/>
      <line num="157" count="12" type="cond" truecount="2" falsecount="0"/>
      <line num="159" count="12" type="cond" truecount="2" falsecount="0"/>
      <line num="160" count="12" type="cond" truecount="2" falsecount="0"/>
      <line num="162" count="12" type="cond" truecount="2" falsecount="0"/>
      <line num="163" count="8" type="cond" truecount="1" falsecount="1"/>
      <line num="164" count="8" type="stmt"/>
      <line num="165" count="8" type="stmt"/>
      <line num="168" count="12" type="cond" truecount="4" falsecount="0"/>
      <line num="169" count="4" type="cond" truecount="1" falsecount="1"/>
      <line num="170" count="4" type="stmt"/>
      <line num="172" count="0" type="stmt"/>
      <line num="174" count="8" type="cond" truecount="5" falsecount="0"/>
      <line num="175" count="4" type="stmt"/>
      <line num="176" count="4" type="cond" truecount="3" falsecount="1"/>
      <line num="177" count="0" type="stmt"/>
      <line num="179" count="4" type="stmt"/>
      <line num="182" count="12" type="cond" truecount="1" falsecount="1"/>
      <line num="183" count="12" type="cond" truecount="1" falsecount="1"/>
      <line num="184" count="12" type="stmt"/>
      <line num="185" count="12" type="stmt"/>
      <line num="186" count="12" type="cond" truecount="2" falsecount="0"/>
      <line num="190" count="4" type="stmt"/>
      <line num="191" count="4" type="stmt"/>
      <line num="192" count="4" type="stmt"/>
      <line num="193" count="4" type="stmt"/>
      <line num="194" count="4" type="stmt"/>
      <line num="195" count="4" type="stmt"/>
      <line num="197" count="4" type="stmt"/>
      <line num="198" count="4" type="stmt"/>
      <line num="199" count="4" type="stmt"/>
      <line num="200" count="4" type="cond" truecount="1" falsecount="1"/>
      <line num="201" count="4" type="stmt"/>
      <line num="203" count="4" type="cond" truecount="3" falsecount="1"/>
      <line num="204" count="4" type="cond" truecount="1" falsecount="1"/>
      <line num="205" count="4" type="cond" truecount="2" falsecount="2"/>
      <line num="206" count="4" type="stmt"/>
      <line num="210" count="4" type="cond" truecount="1" falsecount="1"/>
      <line num="211" count="4" type="cond" truecount="1" falsecount="1"/>
      <line num="212" count="4" type="stmt"/>
      <line num="213" count="4" type="stmt"/>
      <line num="214" count="4" type="stmt"/>
      <line num="215" count="4" type="stmt"/>
      <line num="217" count="4" type="cond" truecount="1" falsecount="1"/>
      <line num="218" count="4" type="stmt"/>
      <line num="220" count="4" type="stmt"/>
      <line num="221" count="4" type="cond" truecount="2" falsecount="0"/>
      <line num="223" count="4" type="cond" truecount="1" falsecount="1"/>
      <line num="224" count="4" type="cond" truecount="1" falsecount="1"/>
      <line num="225" count="4" type="stmt"/>
      <line num="230" count="4" type="stmt"/>
      <line num="231" count="0" type="stmt"/>
      <line num="232" count="4" type="stmt"/>
      <line num="234" count="4" type="stmt"/>
      <line num="235" count="4" type="stmt"/>
      <line num="236" count="4" type="stmt"/>
      <line num="237" count="4" type="stmt"/>
      <line num="239" count="4" type="stmt"/>
      <line num="240" count="4" type="stmt"/>
      <line num="241" count="4" type="stmt"/>
      <line num="242" count="4" type="stmt"/>
      <line num="244" count="4" type="stmt"/>
      <line num="245" count="4" type="stmt"/>
      <line num="246" count="4" type="stmt"/>
      <line num="247" count="4" type="cond" truecount="1" falsecount="1"/>
      <line num="250" count="4" type="cond" truecount="1" falsecount="3"/>
      <line num="251" count="4" type="cond" truecount="1" falsecount="3"/>
      <line num="252" count="4" type="cond" truecount="1" falsecount="3"/>
      <line num="255" count="4" type="stmt"/>
      <line num="261" count="4" type="stmt"/>
      <line num="262" count="4" type="stmt"/>
      <line num="264" count="4" type="stmt"/>
      <line num="265" count="4" type="stmt"/>
      <line num="266" count="4" type="stmt"/>
      <line num="268" count="4" type="cond" truecount="1" falsecount="1"/>
      <line num="269" count="4" type="stmt"/>
      <line num="270" count="4" type="cond" truecount="3" falsecount="1"/>
      <line num="271" count="0" type="stmt"/>
      <line num="273" count="4" type="stmt"/>
      <line num="276" count="0" type="stmt"/>
      <line num="280" count="4" type="stmt"/>
      <line num="281" count="4" type="cond" truecount="1" falsecount="1"/>
      <line num="282" count="4" type="stmt"/>
      <line num="287" count="4" type="stmt"/>
      <line num="288" count="8" type="stmt"/>
      <line num="289" count="4" type="stmt"/>
      <line num="290" count="4" type="stmt"/>
      <line num="291" count="4" type="stmt"/>
      <line num="292" count="4" type="cond" truecount="2" falsecount="2"/>
      <line num="295" count="8" type="stmt"/>
      <line num="296" count="4" type="stmt"/>
      <line num="297" count="4" type="cond" truecount="1" falsecount="1"/>
      <line num="298" count="0" type="cond" truecount="0" falsecount="2"/>
      <line num="299" count="0" type="stmt"/>
      <line num="302" count="4" type="stmt"/>
      <line num="303" count="8" type="stmt"/>
      <line num="304" count="4" type="stmt"/>
      <line num="305" count="4" type="stmt"/>
      <line num="306" count="4" type="stmt"/>
      <line num="307" count="4" type="cond" truecount="2" falsecount="2"/>
      <line num="310" count="8" type="stmt"/>
      <line num="314" count="4" type="stmt"/>
      <line num="315" count="4" type="cond" truecount="1" falsecount="1"/>
      <line num="316" count="0" type="cond" truecount="0" falsecount="2"/>
      <line num="317" count="0" type="stmt"/>
      <line num="320" count="4" type="stmt"/>
      <line num="321" count="4" type="stmt"/>
      <line num="322" count="4" type="stmt"/>
      <line num="323" count="4" type="stmt"/>
      <line num="324" count="16" type="stmt"/>
      <line num="325" count="4" type="stmt"/>
      <line num="329" count="4" type="stmt"/>
      <line num="330" count="4" type="stmt"/>
      <line num="331" count="4" type="stmt"/>
      <line num="332" count="0" type="stmt"/>
      <line num="335" count="4" type="stmt"/>
      <line num="336" count="4" type="stmt"/>
      <line num="337" count="4" type="stmt"/>
      <line num="340" count="0" type="stmt"/>
      <line num="342" count="4" type="stmt"/>
      <line num="346" count="4" type="stmt"/>
      <line num="350" count="15" type="stmt"/>
      <line num="351" count="9" type="cond" truecount="2" falsecount="0"/>
      <line num="353" count="5" type="stmt"/>
      <line num="354" count="5" type="cond" truecount="2" falsecount="0"/>
      <line num="355" count="2" type="stmt"/>
      <line num="358" count="5" type="stmt"/>
      <line num="359" count="5" type="stmt"/>
      <line num="360" count="5" type="stmt"/>
      <line num="364" count="5" type="stmt"/>
      <line num="365" count="9" type="cond" truecount="2" falsecount="0"/>
      <line num="366" count="9" type="cond" truecount="2" falsecount="0"/>
      <line num="367" count="9" type="cond" truecount="2" falsecount="0"/>
      <line num="368" count="9" type="cond" truecount="2" falsecount="0"/>
      <line num="370" count="9" type="cond" truecount="4" falsecount="0"/>
      <line num="371" count="5" type="stmt"/>
      <line num="372" count="5" type="stmt"/>
      <line num="373" count="5" type="stmt"/>
      <line num="375" count="4" type="stmt"/>
      <line num="379" count="9" type="stmt"/>
      <line num="380" count="5" type="stmt"/>
      <line num="381" count="4" type="cond" truecount="2" falsecount="3"/>
      <line num="382" count="0" type="cond" truecount="0" falsecount="5"/>
      <line num="383" count="0" type="stmt"/>
      <line num="386" count="5" type="stmt"/>
      <line num="387" count="9" type="stmt"/>
      <line num="388" count="4" type="stmt"/>
      <line num="389" count="30" type="stmt"/>
      <line num="390" count="30" type="stmt"/>
      <line num="395" count="15" type="stmt"/>
      <line num="396" count="1" type="stmt"/>
      <line num="397" count="1" type="stmt"/>
      <line num="399" count="1" type="stmt"/>
      <line num="400" count="1" type="stmt"/>
      <line num="401" count="1" type="stmt"/>
      <line num="402" count="1" type="stmt"/>
      <line num="403" count="1" type="stmt"/>
      <line num="404" count="1" type="stmt"/>
      <line num="406" count="1" type="stmt"/>
      <line num="407" count="1" type="stmt"/>
      <line num="408" count="1" type="stmt"/>
      <line num="409" count="1" type="stmt"/>
      <line num="410" count="1" type="stmt"/>
      <line num="412" count="1" type="stmt"/>
      <line num="413" count="1" type="stmt"/>
      <line num="414" count="4" type="stmt"/>
      <line num="415" count="1" type="stmt"/>
      <line num="417" count="1" type="stmt"/>
      <line num="418" count="1" type="stmt"/>
      <line num="419" count="2" type="stmt"/>
      <line num="420" count="1" type="stmt"/>
      <line num="422" count="1" type="stmt"/>
      <line num="423" count="1" type="stmt"/>
      <line num="424" count="2" type="stmt"/>
      <line num="425" count="1" type="stmt"/>
      <line num="427" count="1" type="stmt"/>
      <line num="428" count="1" type="stmt"/>
      <line num="429" count="2" type="stmt"/>
      <line num="431" count="1" type="stmt"/>
      <line num="432" count="1" type="stmt"/>
      <line num="433" count="1" type="stmt"/>
      <line num="434" count="1" type="stmt"/>
      <line num="435" count="1" type="stmt"/>
      <line num="436" count="1" type="stmt"/>
      <line num="437" count="1" type="stmt"/>
      <line num="438" count="1" type="stmt"/>
      <line num="442" count="15" type="cond" truecount="1" falsecount="0"/>
      <line num="443" count="5" type="stmt"/>
      <line num="444" count="5" type="stmt"/>
      <line num="445" count="5" type="stmt"/>
      <line num="447" count="5" type="stmt"/>
      <line num="459" count="5" type="stmt"/>
      <line num="461" count="5" type="cond" truecount="2" falsecount="0"/>
      <line num="462" count="1" type="stmt"/>
      <line num="464" count="4" type="stmt"/>
      <line num="467" count="0" type="stmt"/>
      <line num="468" count="0" type="cond" truecount="0" falsecount="2"/>
      <line num="473" count="15" type="stmt"/>
      <line num="474" count="8" type="stmt"/>
      <line num="475" count="8" type="cond" truecount="4" falsecount="0"/>
      <line num="476" count="4" type="stmt"/>
      <line num="477" count="4" type="stmt"/>
      <line num="478" count="4" type="stmt"/>
      <line num="479" count="4" type="stmt"/>
      <line num="480" count="4" type="stmt"/>
      <line num="481" count="4" type="cond" truecount="1" falsecount="1"/>
      <line num="482" count="4" type="stmt"/>
      <line num="485" count="0" type="stmt"/>
      <line num="488" count="8" type="stmt"/>
      <line num="492" count="15" type="stmt"/>
    </file>
  </project>
</coverage>
