{"C:\\Users\\felin\\Desktop\\ibichossss\\iBichos\\ibichos-dashboard\\src\\components\\protectedRoute.tsx": {"path":"C:\\Users\\felin\\Desktop\\ibichossss\\iBichos\\ibichos-dashboard\\src\\components\\protectedRoute.tsx","statementMap":{"0":{"start":{"line":5,"column":13},"end":{"line":15,"column":null}},"1":{"start":{"line":6,"column":31},"end":{"line":6,"column":52}},"2":{"start":{"line":8,"column":2},"end":{"line":8,"column":null}},"3":{"start":{"line":8,"column":15},"end":{"line":8,"column":null}},"4":{"start":{"line":11,"column":2},"end":{"line":12,"column":null}},"5":{"start":{"line":12,"column":4},"end":{"line":12,"column":null}},"6":{"start":{"line":15,"column":2},"end":{"line":15,"column":null}}},"fnMap":{"0":{"name":"(anonymous_0)","decl":{"start":{"line":5,"column":13},"end":{"line":5,"column":31}},"loc":{"start":{"line":5,"column":75},"end":{"line":15,"column":null}},"line":5}},"branchMap":{"0":{"loc":{"start":{"line":8,"column":2},"end":{"line":8,"column":null}},"type":"if","locations":[{"start":{"line":8,"column":2},"end":{"line":8,"column":null}},{"start":{},"end":{}}],"line":8},"1":{"loc":{"start":{"line":11,"column":2},"end":{"line":12,"column":null}},"type":"if","locations":[{"start":{"line":11,"column":2},"end":{"line":12,"column":null}},{"start":{},"end":{}}],"line":11},"2":{"loc":{"start":{"line":11,"column":6},"end":{"line":11,"column":31}},"type":"binary-expr","locations":[{"start":{"line":11,"column":6},"end":{"line":11,"column":15}},{"start":{"line":11,"column":15},"end":{"line":11,"column":31}}],"line":11}},"s":{"0":1,"1":4,"2":4,"3":1,"4":3,"5":2,"6":1},"f":{"0":4},"b":{"0":[1,3],"1":[2,1],"2":[3,2]},"meta":{"lastBranch":3,"lastFunction":1,"lastStatement":7,"seen":{"s:5:13:15:Infinity":0,"f:5:13:5:31":0,"s:6:31:6:52":1,"b:8:2:8:Infinity:undefined:undefined:undefined:undefined":0,"s:8:2:8:Infinity":2,"s:8:15:8:Infinity":3,"b:11:2:12:Infinity:undefined:undefined:undefined:undefined":1,"s:11:2:12:Infinity":4,"b:11:6:11:15:11:15:11:31":2,"s:12:4:12:Infinity":5,"s:15:2:15:Infinity":6}}}
,"C:\\Users\\felin\\Desktop\\ibichossss\\iBichos\\ibichos-dashboard\\src\\components\\sidebar.tsx": {"path":"C:\\Users\\felin\\Desktop\\ibichossss\\iBichos\\ibichos-dashboard\\src\\components\\sidebar.tsx","statementMap":{"0":{"start":{"line":10,"column":16},"end":{"line":10,"column":38}},"1":{"start":{"line":11,"column":8},"end":{"line":11,"column":32}},"2":{"start":{"line":12,"column":8},"end":{"line":12,"column":32}},"3":{"start":{"line":13,"column":20},"end":{"line":13,"column":51}},"4":{"start":{"line":15,"column":23},"end":{"line":20,"column":null}},"5":{"start":{"line":16,"column":4},"end":{"line":20,"column":null}},"6":{"start":{"line":17,"column":6},"end":{"line":17,"column":null}},"7":{"start":{"line":18,"column":6},"end":{"line":18,"column":null}},"8":{"start":{"line":20,"column":6},"end":{"line":20,"column":null}},"9":{"start":{"line":24,"column":8},"end":{"line":24,"column":44}},"10":{"start":{"line":24,"column":25},"end":{"line":24,"column":44}},"11":{"start":{"line":27,"column":18},"end":{"line":30,"column":null}},"12":{"start":{"line":33,"column":8},"end":{"line":36,"column":null}},"13":{"start":{"line":34,"column":21},"end":{"line":34,"column":null}},"14":{"start":{"line":35,"column":4},"end":{"line":36,"column":null}},"15":{"start":{"line":40,"column":2},"end":{"line":207,"column":null}},"16":{"start":{"line":58,"column":27},"end":{"line":58,"column":51}},"17":{"start":{"line":198,"column":36},"end":{"line":198,"column":null}},"18":{"start":{"line":199,"column":35},"end":{"line":199,"column":null}}},"fnMap":{"0":{"name":"Sidebar","decl":{"start":{"line":9,"column":24},"end":{"line":9,"column":34}},"loc":{"start":{"line":9,"column":34},"end":{"line":207,"column":null}},"line":9},"1":{"name":"(anonymous_1)","decl":{"start":{"line":15,"column":23},"end":{"line":15,"column":35}},"loc":{"start":{"line":15,"column":35},"end":{"line":20,"column":null}},"line":15},"2":{"name":"(anonymous_2)","decl":{"start":{"line":24,"column":8},"end":{"line":24,"column":25}},"loc":{"start":{"line":24,"column":25},"end":{"line":24,"column":44}},"line":24},"3":{"name":"(anonymous_3)","decl":{"start":{"line":33,"column":8},"end":{"line":33,"column":26}},"loc":{"start":{"line":33,"column":43},"end":{"line":36,"column":null}},"line":33},"4":{"name":"(anonymous_4)","decl":{"start":{"line":58,"column":12},"end":{"line":58,"column":27}},"loc":{"start":{"line":58,"column":27},"end":{"line":58,"column":51}},"line":58},"5":{"name":"(anonymous_5)","decl":{"start":{"line":198,"column":14},"end":{"line":198,"column":28}},"loc":{"start":{"line":198,"column":34},"end":{"line":198,"column":null}},"line":198},"6":{"name":"(anonymous_6)","decl":{"start":{"line":199,"column":14},"end":{"line":199,"column":27}},"loc":{"start":{"line":199,"column":33},"end":{"line":199,"column":null}},"line":199}},"branchMap":{"0":{"loc":{"start":{"line":36,"column":6},"end":{"line":36,"column":null}},"type":"cond-expr","locations":[{"start":{"line":36,"column":17},"end":{"line":36,"column":81}},{"start":{"line":36,"column":81},"end":{"line":36,"column":null}}],"line":36},"1":{"loc":{"start":{"line":67,"column":54},"end":{"line":67,"column":78}},"type":"cond-expr","locations":[{"start":{"line":67,"column":66},"end":{"line":67,"column":75}},{"start":{"line":67,"column":75},"end":{"line":67,"column":78}}],"line":67},"2":{"loc":{"start":{"line":188,"column":58},"end":{"line":188,"column":null}},"type":"binary-expr","locations":[{"start":{"line":188,"column":58},"end":{"line":188,"column":73}},{"start":{"line":188,"column":73},"end":{"line":188,"column":null}}],"line":188}},"s":{"0":8,"1":8,"2":8,"3":8,"4":8,"5":2,"6":2,"7":1,"8":1,"9":8,"10":1,"11":8,"12":8,"13":112,"14":112,"15":8,"16":1,"17":1,"18":0},"f":{"0":8,"1":2,"2":1,"3":112,"4":1,"5":1,"6":0},"b":{"0":[4,108],"1":[1,7],"2":[8,8]},"meta":{"lastBranch":3,"lastFunction":7,"lastStatement":19,"seen":{"f:9:24:9:34":0,"s:10:16:10:38":0,"s:11:8:11:32":1,"s:12:8:12:32":2,"s:13:20:13:51":3,"s:15:23:20:Infinity":4,"f:15:23:15:35":1,"s:16:4:20:Infinity":5,"s:17:6:17:Infinity":6,"s:18:6:18:Infinity":7,"s:20:6:20:Infinity":8,"s:24:8:24:44":9,"f:24:8:24:25":2,"s:24:25:24:44":10,"s:27:18:30:Infinity":11,"s:33:8:36:Infinity":12,"f:33:8:33:26":3,"s:34:21:34:Infinity":13,"s:35:4:36:Infinity":14,"b:36:17:36:81:36:81:36:Infinity":0,"s:40:2:207:Infinity":15,"f:58:12:58:27":4,"s:58:27:58:51":16,"b:67:66:67:75:67:75:67:78":1,"b:188:58:188:73:188:73:188:Infinity":2,"f:198:14:198:28":5,"s:198:36:198:Infinity":17,"f:199:14:199:27":6,"s:199:35:199:Infinity":18}}}
,"C:\\Users\\felin\\Desktop\\ibichossss\\iBichos\\ibichos-dashboard\\src\\config\\firebaseConfig.ts": {"path":"C:\\Users\\felin\\Desktop\\ibichossss\\iBichos\\ibichos-dashboard\\src\\config\\firebaseConfig.ts","statementMap":{"0":{"start":{"line":12,"column":23},"end":{"line":20,"column":null}},"1":{"start":{"line":23,"column":6},"end":{"line":23,"column":41}},"2":{"start":{"line":25,"column":13},"end":{"line":25,"column":32}},"3":{"start":{"line":26,"column":13},"end":{"line":26,"column":35}}},"fnMap":{},"branchMap":{},"s":{"0":8,"1":8,"2":8,"3":8},"f":{},"b":{},"meta":{"lastBranch":0,"lastFunction":0,"lastStatement":4,"seen":{"s:12:23:20:Infinity":0,"s:23:6:23:41":1,"s:25:13:25:32":2,"s:26:13:26:35":3}}}
,"C:\\Users\\felin\\Desktop\\ibichossss\\iBichos\\ibichos-dashboard\\src\\context\\authcontext.tsx": {"path":"C:\\Users\\felin\\Desktop\\ibichossss\\iBichos\\ibichos-dashboard\\src\\context\\authcontext.tsx","statementMap":{"0":{"start":{"line":13,"column":6},"end":{"line":13,"column":117}},"1":{"start":{"line":15,"column":13},"end":{"line":74,"column":null}},"2":{"start":{"line":16,"column":15},"end":{"line":16,"column":53}},"3":{"start":{"line":17,"column":24},"end":{"line":17,"column":59}},"4":{"start":{"line":18,"column":19},"end":{"line":18,"column":46}},"5":{"start":{"line":19,"column":18},"end":{"line":19,"column":46}},"6":{"start":{"line":21,"column":2},"end":{"line":69,"column":null}},"7":{"start":{"line":22,"column":51},"end":{"line":22,"column":null}},"8":{"start":{"line":25,"column":10},"end":{"line":63,"column":null}},"9":{"start":{"line":27,"column":6},"end":{"line":29,"column":null}},"10":{"start":{"line":28,"column":8},"end":{"line":28,"column":null}},"11":{"start":{"line":29,"column":8},"end":{"line":29,"column":null}},"12":{"start":{"line":32,"column":6},"end":{"line":32,"column":null}},"13":{"start":{"line":34,"column":6},"end":{"line":61,"column":null}},"14":{"start":{"line":36,"column":8},"end":{"line":57,"column":null}},"15":{"start":{"line":37,"column":10},"end":{"line":50,"column":null}},"16":{"start":{"line":38,"column":12},"end":{"line":38,"column":null}},"17":{"start":{"line":41,"column":28},"end":{"line":41,"column":75}},"18":{"start":{"line":42,"column":12},"end":{"line":45,"column":null}},"19":{"start":{"line":43,"column":14},"end":{"line":43,"column":null}},"20":{"start":{"line":45,"column":14},"end":{"line":45,"column":null}},"21":{"start":{"line":49,"column":12},"end":{"line":49,"column":null}},"22":{"start":{"line":50,"column":12},"end":{"line":50,"column":null}},"23":{"start":{"line":52,"column":10},"end":{"line":52,"column":null}},"24":{"start":{"line":54,"column":10},"end":{"line":54,"column":null}},"25":{"start":{"line":55,"column":10},"end":{"line":55,"column":null}},"26":{"start":{"line":56,"column":10},"end":{"line":56,"column":null}},"27":{"start":{"line":59,"column":8},"end":{"line":59,"column":null}},"28":{"start":{"line":60,"column":8},"end":{"line":60,"column":null}},"29":{"start":{"line":61,"column":8},"end":{"line":61,"column":null}},"30":{"start":{"line":65,"column":4},"end":{"line":67,"column":null}},"31":{"start":{"line":66,"column":6},"end":{"line":66,"column":null}},"32":{"start":{"line":67,"column":6},"end":{"line":67,"column":null}},"33":{"start":{"line":67,"column":31},"end":{"line":67,"column":null}},"34":{"start":{"line":71,"column":2},"end":{"line":74,"column":null}},"35":{"start":{"line":78,"column":13},"end":{"line":78,"column":52}}},"fnMap":{"0":{"name":"(anonymous_0)","decl":{"start":{"line":15,"column":13},"end":{"line":15,"column":29}},"loc":{"start":{"line":15,"column":71},"end":{"line":74,"column":null}},"line":15},"1":{"name":"(anonymous_1)","decl":{"start":{"line":21,"column":2},"end":{"line":21,"column":18}},"loc":{"start":{"line":21,"column":18},"end":{"line":69,"column":7}},"line":21},"2":{"name":"(anonymous_2)","decl":{"start":{"line":25,"column":53},"end":{"line":25,"column":60}},"loc":{"start":{"line":25,"column":76},"end":{"line":63,"column":null}},"line":25},"3":{"name":"(anonymous_3)","decl":{"start":{"line":36,"column":77},"end":{"line":36,"column":84}},"loc":{"start":{"line":36,"column":97},"end":{"line":53,"column":22}},"line":36},"4":{"name":"(anonymous_4)","decl":{"start":{"line":53,"column":12},"end":{"line":53,"column":22}},"loc":{"start":{"line":53,"column":22},"end":{"line":57,"column":null}},"line":53},"5":{"name":"(anonymous_5)","decl":{"start":{"line":65,"column":4},"end":{"line":65,"column":17}},"loc":{"start":{"line":65,"column":17},"end":{"line":67,"column":null}},"line":65},"6":{"name":"(anonymous_6)","decl":{"start":{"line":78,"column":13},"end":{"line":78,"column":29}},"loc":{"start":{"line":78,"column":13},"end":{"line":78,"column":52}},"line":78}},"branchMap":{"0":{"loc":{"start":{"line":27,"column":6},"end":{"line":29,"column":null}},"type":"if","locations":[{"start":{"line":27,"column":6},"end":{"line":29,"column":null}},{"start":{},"end":{}}],"line":27},"1":{"loc":{"start":{"line":34,"column":6},"end":{"line":61,"column":null}},"type":"if","locations":[{"start":{"line":34,"column":6},"end":{"line":61,"column":null}},{"start":{"line":58,"column":13},"end":{"line":61,"column":null}}],"line":34},"2":{"loc":{"start":{"line":37,"column":10},"end":{"line":50,"column":null}},"type":"if","locations":[{"start":{"line":37,"column":10},"end":{"line":50,"column":null}},{"start":{"line":47,"column":17},"end":{"line":50,"column":null}}],"line":37},"3":{"loc":{"start":{"line":37,"column":14},"end":{"line":37,"column":72}},"type":"binary-expr","locations":[{"start":{"line":37,"column":14},"end":{"line":37,"column":31}},{"start":{"line":37,"column":35},"end":{"line":37,"column":72}}],"line":37},"4":{"loc":{"start":{"line":42,"column":12},"end":{"line":45,"column":null}},"type":"if","locations":[{"start":{"line":42,"column":12},"end":{"line":45,"column":null}},{"start":{"line":44,"column":19},"end":{"line":45,"column":null}}],"line":42},"5":{"loc":{"start":{"line":42,"column":16},"end":{"line":42,"column":64}},"type":"binary-expr","locations":[{"start":{"line":42,"column":16},"end":{"line":42,"column":32}},{"start":{"line":42,"column":36},"end":{"line":42,"column":64}}],"line":42},"6":{"loc":{"start":{"line":45,"column":26},"end":{"line":45,"column":97}},"type":"binary-expr","locations":[{"start":{"line":45,"column":26},"end":{"line":45,"column":53}},{"start":{"line":45,"column":53},"end":{"line":45,"column":89}},{"start":{"line":45,"column":89},"end":{"line":45,"column":97}}],"line":45},"7":{"loc":{"start":{"line":67,"column":6},"end":{"line":67,"column":null}},"type":"if","locations":[{"start":{"line":67,"column":6},"end":{"line":67,"column":null}},{"start":{},"end":{}}],"line":67}},"s":{"0":5,"1":5,"2":17,"3":17,"4":17,"5":17,"6":17,"7":7,"8":7,"9":6,"10":0,"11":0,"12":6,"13":6,"14":5,"15":3,"16":2,"17":2,"18":2,"19":1,"20":1,"21":1,"22":1,"23":3,"24":1,"25":1,"26":1,"27":1,"28":1,"29":1,"30":7,"31":7,"32":7,"33":5,"34":17,"35":17},"f":{"0":17,"1":7,"2":6,"3":3,"4":1,"5":7,"6":17},"b":{"0":[0,6],"1":[5,1],"2":[2,1],"3":[3,3],"4":[1,1],"5":[2,2],"6":[1,1,0],"7":[5,2]},"meta":{"lastBranch":8,"lastFunction":7,"lastStatement":36,"seen":{"s:13:6:13:117":0,"s:15:13:74:Infinity":1,"f:15:13:15:29":0,"s:16:15:16:53":2,"s:17:24:17:59":3,"s:18:19:18:46":4,"s:19:18:19:46":5,"s:21:2:69:Infinity":6,"f:21:2:21:18":1,"s:22:51:22:Infinity":7,"s:25:10:63:Infinity":8,"f:25:53:25:60":2,"b:27:6:29:Infinity:undefined:undefined:undefined:undefined":0,"s:27:6:29:Infinity":9,"s:28:8:28:Infinity":10,"s:29:8:29:Infinity":11,"s:32:6:32:Infinity":12,"b:34:6:61:Infinity:58:13:61:Infinity":1,"s:34:6:61:Infinity":13,"s:36:8:57:Infinity":14,"f:36:77:36:84":3,"b:37:10:50:Infinity:47:17:50:Infinity":2,"s:37:10:50:Infinity":15,"b:37:14:37:31:37:35:37:72":3,"s:38:12:38:Infinity":16,"s:41:28:41:75":17,"b:42:12:45:Infinity:44:19:45:Infinity":4,"s:42:12:45:Infinity":18,"b:42:16:42:32:42:36:42:64":5,"s:43:14:43:Infinity":19,"s:45:14:45:Infinity":20,"b:45:26:45:53:45:53:45:89:45:89:45:97":6,"s:49:12:49:Infinity":21,"s:50:12:50:Infinity":22,"s:52:10:52:Infinity":23,"f:53:12:53:22":4,"s:54:10:54:Infinity":24,"s:55:10:55:Infinity":25,"s:56:10:56:Infinity":26,"s:59:8:59:Infinity":27,"s:60:8:60:Infinity":28,"s:61:8:61:Infinity":29,"s:65:4:67:Infinity":30,"f:65:4:65:17":5,"s:66:6:66:Infinity":31,"b:67:6:67:Infinity:undefined:undefined:undefined:undefined":7,"s:67:6:67:Infinity":32,"s:67:31:67:Infinity":33,"s:71:2:74:Infinity":34,"s:78:13:78:52":35,"f:78:13:78:29":6}}}
,"C:\\Users\\felin\\Desktop\\ibichossss\\iBichos\\ibichos-dashboard\\src\\pages\\Analitica\\analitica.tsx": {"path":"C:\\Users\\felin\\Desktop\\ibichossss\\iBichos\\ibichos-dashboard\\src\\pages\\Analitica\\analitica.tsx","statementMap":{"0":{"start":{"line":12,"column":15},"end":{"line":12,"column":null}},"1":{"start":{"line":13,"column":22},"end":{"line":13,"column":null}},"2":{"start":{"line":16,"column":8},"end":{"line":16,"column":32}},"3":{"start":{"line":25,"column":21},"end":{"line":26,"column":20}},"4":{"start":{"line":28,"column":2},"end":{"line":34,"column":null}},"5":{"start":{"line":29,"column":4},"end":{"line":34,"column":null}},"6":{"start":{"line":38,"column":2},"end":{"line":806,"column":null}},"7":{"start":{"line":47,"column":31},"end":{"line":47,"column":56}},"8":{"start":{"line":70,"column":157},"end":{"line":70,"column":182}},"9":{"start":{"line":75,"column":161},"end":{"line":75,"column":190}},"10":{"start":{"line":80,"column":158},"end":{"line":80,"column":184}},"11":{"start":{"line":85,"column":158},"end":{"line":85,"column":184}},"12":{"start":{"line":97,"column":114},"end":{"line":97,"column":135}},"13":{"start":{"line":172,"column":99},"end":{"line":172,"column":108}},"14":{"start":{"line":338,"column":52},"end":{"line":338,"column":null}},"15":{"start":{"line":342,"column":32},"end":{"line":342,"column":null}},"16":{"start":{"line":367,"column":141},"end":{"line":367,"column":162}},"17":{"start":{"line":406,"column":30},"end":{"line":406,"column":null}},"18":{"start":{"line":436,"column":30},"end":{"line":436,"column":null}},"19":{"start":{"line":474,"column":43},"end":{"line":474,"column":76}},"20":{"start":{"line":478,"column":28},"end":{"line":478,"column":null}},"21":{"start":{"line":507,"column":32},"end":{"line":507,"column":null}},"22":{"start":{"line":540,"column":32},"end":{"line":540,"column":null}},"23":{"start":{"line":557,"column":95},"end":{"line":557,"column":117}},"24":{"start":{"line":571,"column":123},"end":{"line":571,"column":144}},"25":{"start":{"line":607,"column":40},"end":{"line":607,"column":null}},"26":{"start":{"line":607,"column":65},"end":{"line":607,"column":88}},"27":{"start":{"line":608,"column":43},"end":{"line":608,"column":null}},"28":{"start":{"line":608,"column":68},"end":{"line":608,"column":97}},"29":{"start":{"line":609,"column":46},"end":{"line":609,"column":null}},"30":{"start":{"line":609,"column":71},"end":{"line":609,"column":103}},"31":{"start":{"line":610,"column":46},"end":{"line":610,"column":null}},"32":{"start":{"line":611,"column":41},"end":{"line":611,"column":null}},"33":{"start":{"line":611,"column":66},"end":{"line":611,"column":90}},"34":{"start":{"line":612,"column":48},"end":{"line":612,"column":null}},"35":{"start":{"line":614,"column":45},"end":{"line":614,"column":null}},"36":{"start":{"line":615,"column":46},"end":{"line":615,"column":null}},"37":{"start":{"line":616,"column":46},"end":{"line":616,"column":null}},"38":{"start":{"line":618,"column":22},"end":{"line":707,"column":null}},"39":{"start":{"line":740,"column":50},"end":{"line":740,"column":null}},"40":{"start":{"line":763,"column":50},"end":{"line":763,"column":null}},"41":{"start":{"line":767,"column":30},"end":{"line":767,"column":null}},"42":{"start":{"line":783,"column":99},"end":{"line":783,"column":125}},"43":{"start":{"line":784,"column":82},"end":{"line":784,"column":101}},"44":{"start":{"line":791,"column":97},"end":{"line":791,"column":134}},"45":{"start":{"line":801,"column":117},"end":{"line":801,"column":143}}},"fnMap":{"0":{"name":"Analitica","decl":{"start":{"line":15,"column":24},"end":{"line":15,"column":36}},"loc":{"start":{"line":15,"column":36},"end":{"line":806,"column":null}},"line":15},"1":{"name":"(anonymous_1)","decl":{"start":{"line":47,"column":16},"end":{"line":47,"column":31}},"loc":{"start":{"line":47,"column":31},"end":{"line":47,"column":56}},"line":47},"2":{"name":"(anonymous_2)","decl":{"start":{"line":70,"column":142},"end":{"line":70,"column":157}},"loc":{"start":{"line":70,"column":157},"end":{"line":70,"column":182}},"line":70},"3":{"name":"(anonymous_3)","decl":{"start":{"line":75,"column":146},"end":{"line":75,"column":161}},"loc":{"start":{"line":75,"column":161},"end":{"line":75,"column":190}},"line":75},"4":{"name":"(anonymous_4)","decl":{"start":{"line":80,"column":143},"end":{"line":80,"column":158}},"loc":{"start":{"line":80,"column":158},"end":{"line":80,"column":184}},"line":80},"5":{"name":"(anonymous_5)","decl":{"start":{"line":85,"column":143},"end":{"line":85,"column":158}},"loc":{"start":{"line":85,"column":158},"end":{"line":85,"column":184}},"line":85},"6":{"name":"(anonymous_6)","decl":{"start":{"line":97,"column":99},"end":{"line":97,"column":114}},"loc":{"start":{"line":97,"column":114},"end":{"line":97,"column":135}},"line":97},"7":{"name":"(anonymous_7)","decl":{"start":{"line":172,"column":76},"end":{"line":172,"column":88}},"loc":{"start":{"line":172,"column":99},"end":{"line":172,"column":108}},"line":172},"8":{"name":"(anonymous_8)","decl":{"start":{"line":338,"column":30},"end":{"line":338,"column":42}},"loc":{"start":{"line":338,"column":52},"end":{"line":338,"column":null}},"line":338},"9":{"name":"(anonymous_9)","decl":{"start":{"line":341,"column":42},"end":{"line":341,"column":47}},"loc":{"start":{"line":342,"column":32},"end":{"line":342,"column":null}},"line":342},"10":{"name":"(anonymous_10)","decl":{"start":{"line":367,"column":126},"end":{"line":367,"column":141}},"loc":{"start":{"line":367,"column":141},"end":{"line":367,"column":162}},"line":367},"11":{"name":"(anonymous_11)","decl":{"start":{"line":405,"column":40},"end":{"line":405,"column":45}},"loc":{"start":{"line":406,"column":30},"end":{"line":406,"column":null}},"line":406},"12":{"name":"(anonymous_12)","decl":{"start":{"line":435,"column":42},"end":{"line":435,"column":47}},"loc":{"start":{"line":436,"column":30},"end":{"line":436,"column":null}},"line":436},"13":{"name":"(anonymous_13)","decl":{"start":{"line":474,"column":26},"end":{"line":474,"column":37}},"loc":{"start":{"line":474,"column":43},"end":{"line":474,"column":76}},"line":474},"14":{"name":"(anonymous_14)","decl":{"start":{"line":477,"column":39},"end":{"line":477,"column":43}},"loc":{"start":{"line":478,"column":28},"end":{"line":478,"column":null}},"line":478},"15":{"name":"(anonymous_15)","decl":{"start":{"line":506,"column":41},"end":{"line":506,"column":46}},"loc":{"start":{"line":507,"column":32},"end":{"line":507,"column":null}},"line":507},"16":{"name":"(anonymous_16)","decl":{"start":{"line":539,"column":39},"end":{"line":539,"column":44}},"loc":{"start":{"line":540,"column":32},"end":{"line":540,"column":null}},"line":540},"17":{"name":"(anonymous_17)","decl":{"start":{"line":557,"column":80},"end":{"line":557,"column":95}},"loc":{"start":{"line":557,"column":95},"end":{"line":557,"column":117}},"line":557},"18":{"name":"(anonymous_18)","decl":{"start":{"line":571,"column":108},"end":{"line":571,"column":123}},"loc":{"start":{"line":571,"column":123},"end":{"line":571,"column":144}},"line":571},"19":{"name":"(anonymous_19)","decl":{"start":{"line":606,"column":28},"end":{"line":606,"column":null}},"loc":{"start":{"line":606,"column":28},"end":{"line":710,"column":null}},"line":606},"20":{"name":"(anonymous_20)","decl":{"start":{"line":607,"column":55},"end":{"line":607,"column":60}},"loc":{"start":{"line":607,"column":65},"end":{"line":607,"column":88}},"line":607},"21":{"name":"(anonymous_21)","decl":{"start":{"line":608,"column":58},"end":{"line":608,"column":63}},"loc":{"start":{"line":608,"column":68},"end":{"line":608,"column":97}},"line":608},"22":{"name":"(anonymous_22)","decl":{"start":{"line":609,"column":61},"end":{"line":609,"column":66}},"loc":{"start":{"line":609,"column":71},"end":{"line":609,"column":103}},"line":609},"23":{"name":"(anonymous_23)","decl":{"start":{"line":611,"column":56},"end":{"line":611,"column":61}},"loc":{"start":{"line":611,"column":66},"end":{"line":611,"column":90}},"line":611},"24":{"name":"(anonymous_24)","decl":{"start":{"line":740,"column":28},"end":{"line":740,"column":40}},"loc":{"start":{"line":740,"column":50},"end":{"line":740,"column":null}},"line":740},"25":{"name":"(anonymous_25)","decl":{"start":{"line":763,"column":28},"end":{"line":763,"column":40}},"loc":{"start":{"line":763,"column":50},"end":{"line":763,"column":null}},"line":763},"26":{"name":"(anonymous_26)","decl":{"start":{"line":766,"column":46},"end":{"line":766,"column":51}},"loc":{"start":{"line":767,"column":30},"end":{"line":767,"column":null}},"line":767},"27":{"name":"(anonymous_27)","decl":{"start":{"line":783,"column":84},"end":{"line":783,"column":99}},"loc":{"start":{"line":783,"column":99},"end":{"line":783,"column":125}},"line":783},"28":{"name":"(anonymous_28)","decl":{"start":{"line":784,"column":68},"end":{"line":784,"column":77}},"loc":{"start":{"line":784,"column":82},"end":{"line":784,"column":101}},"line":784},"29":{"name":"(anonymous_29)","decl":{"start":{"line":791,"column":82},"end":{"line":791,"column":97}},"loc":{"start":{"line":791,"column":97},"end":{"line":791,"column":134}},"line":791},"30":{"name":"(anonymous_30)","decl":{"start":{"line":801,"column":102},"end":{"line":801,"column":117}},"loc":{"start":{"line":801,"column":117},"end":{"line":801,"column":143}},"line":801}},"branchMap":{"0":{"loc":{"start":{"line":28,"column":2},"end":{"line":34,"column":null}},"type":"if","locations":[{"start":{"line":28,"column":2},"end":{"line":34,"column":null}},{"start":{},"end":{}}],"line":28},"1":{"loc":{"start":{"line":70,"column":51},"end":{"line":70,"column":142}},"type":"cond-expr","locations":[{"start":{"line":70,"column":79},"end":{"line":70,"column":108}},{"start":{"line":70,"column":108},"end":{"line":70,"column":142}}],"line":70},"2":{"loc":{"start":{"line":75,"column":51},"end":{"line":75,"column":146}},"type":"cond-expr","locations":[{"start":{"line":75,"column":83},"end":{"line":75,"column":112}},{"start":{"line":75,"column":112},"end":{"line":75,"column":146}}],"line":75},"3":{"loc":{"start":{"line":80,"column":51},"end":{"line":80,"column":143}},"type":"cond-expr","locations":[{"start":{"line":80,"column":80},"end":{"line":80,"column":109}},{"start":{"line":80,"column":109},"end":{"line":80,"column":143}}],"line":80},"4":{"loc":{"start":{"line":85,"column":51},"end":{"line":85,"column":143}},"type":"cond-expr","locations":[{"start":{"line":85,"column":80},"end":{"line":85,"column":109}},{"start":{"line":85,"column":109},"end":{"line":85,"column":143}}],"line":85},"5":{"loc":{"start":{"line":92,"column":11},"end":{"line":356,"column":null}},"type":"binary-expr","locations":[{"start":{"line":92,"column":11},"end":{"line":92,"column":null}},{"start":{"line":93,"column":12},"end":{"line":356,"column":null}}],"line":92},"6":{"loc":{"start":{"line":329,"column":23},"end":{"line":351,"column":null}},"type":"cond-expr","locations":[{"start":{"line":330,"column":24},"end":{"line":349,"column":26}},{"start":{"line":349,"column":25},"end":{"line":351,"column":null}}],"line":329},"7":{"loc":{"start":{"line":361,"column":11},"end":{"line":445,"column":null}},"type":"binary-expr","locations":[{"start":{"line":361,"column":11},"end":{"line":361,"column":null}},{"start":{"line":362,"column":12},"end":{"line":445,"column":null}}],"line":361},"8":{"loc":{"start":{"line":406,"column":65},"end":{"line":406,"column":135}},"type":"binary-expr","locations":[{"start":{"line":406,"column":65},"end":{"line":406,"column":102}},{"start":{"line":406,"column":102},"end":{"line":406,"column":135}}],"line":406},"9":{"loc":{"start":{"line":451,"column":11},"end":{"line":560,"column":null}},"type":"binary-expr","locations":[{"start":{"line":451,"column":11},"end":{"line":451,"column":null}},{"start":{"line":452,"column":12},"end":{"line":560,"column":null}}],"line":451},"10":{"loc":{"start":{"line":495,"column":23},"end":{"line":514,"column":null}},"type":"cond-expr","locations":[{"start":{"line":496,"column":24},"end":{"line":514,"column":25}},{"start":{"line":514,"column":24},"end":{"line":514,"column":null}}],"line":495},"11":{"loc":{"start":{"line":527,"column":23},"end":{"line":547,"column":null}},"type":"cond-expr","locations":[{"start":{"line":528,"column":24},"end":{"line":547,"column":25}},{"start":{"line":547,"column":24},"end":{"line":547,"column":null}}],"line":527},"12":{"loc":{"start":{"line":565,"column":11},"end":{"line":774,"column":null}},"type":"binary-expr","locations":[{"start":{"line":565,"column":11},"end":{"line":565,"column":null}},{"start":{"line":566,"column":12},"end":{"line":774,"column":null}}],"line":565},"13":{"loc":{"start":{"line":607,"column":40},"end":{"line":607,"column":null}},"type":"binary-expr","locations":[{"start":{"line":607,"column":40},"end":{"line":607,"column":99}},{"start":{"line":607,"column":99},"end":{"line":607,"column":null}}],"line":607},"14":{"loc":{"start":{"line":608,"column":43},"end":{"line":608,"column":null}},"type":"binary-expr","locations":[{"start":{"line":608,"column":43},"end":{"line":608,"column":108}},{"start":{"line":608,"column":108},"end":{"line":608,"column":null}}],"line":608},"15":{"loc":{"start":{"line":609,"column":46},"end":{"line":609,"column":null}},"type":"binary-expr","locations":[{"start":{"line":609,"column":46},"end":{"line":609,"column":114}},{"start":{"line":609,"column":114},"end":{"line":609,"column":null}}],"line":609},"16":{"loc":{"start":{"line":611,"column":41},"end":{"line":611,"column":null}},"type":"binary-expr","locations":[{"start":{"line":611,"column":41},"end":{"line":611,"column":101}},{"start":{"line":611,"column":101},"end":{"line":611,"column":null}}],"line":611},"17":{"loc":{"start":{"line":614,"column":45},"end":{"line":614,"column":null}},"type":"cond-expr","locations":[{"start":{"line":614,"column":65},"end":{"line":614,"column":119}},{"start":{"line":614,"column":122},"end":{"line":614,"column":null}}],"line":614},"18":{"loc":{"start":{"line":615,"column":46},"end":{"line":615,"column":null}},"type":"cond-expr","locations":[{"start":{"line":615,"column":66},"end":{"line":615,"column":126}},{"start":{"line":615,"column":129},"end":{"line":615,"column":null}}],"line":615},"19":{"loc":{"start":{"line":616,"column":46},"end":{"line":616,"column":null}},"type":"cond-expr","locations":[{"start":{"line":616,"column":66},"end":{"line":616,"column":121}},{"start":{"line":616,"column":124},"end":{"line":616,"column":null}}],"line":616},"20":{"loc":{"start":{"line":780,"column":11},"end":{"line":806,"column":null}},"type":"binary-expr","locations":[{"start":{"line":780,"column":11},"end":{"line":780,"column":null}},{"start":{"line":781,"column":12},"end":{"line":806,"column":null}}],"line":780}},"s":{"0":1,"1":1,"2":8,"3":8,"4":8,"5":1,"6":7,"7":1,"8":1,"9":1,"10":1,"11":1,"12":1,"13":3,"14":3,"15":3,"16":0,"17":1,"18":1,"19":0,"20":4,"21":1,"22":1,"23":0,"24":0,"25":1,"26":1,"27":1,"28":2,"29":1,"30":3,"31":1,"32":1,"33":4,"34":1,"35":1,"36":1,"37":1,"38":1,"39":1,"40":1,"41":1,"42":0,"43":1,"44":0,"45":1},"f":{"0":8,"1":1,"2":1,"3":1,"4":1,"5":1,"6":1,"7":3,"8":3,"9":3,"10":0,"11":1,"12":1,"13":0,"14":4,"15":1,"16":1,"17":0,"18":0,"19":1,"20":1,"21":2,"22":3,"23":4,"24":1,"25":1,"26":1,"27":0,"28":1,"29":0,"30":1},"b":{"0":[1,7],"1":[3,4],"2":[1,6],"3":[2,5],"4":[1,6],"5":[8,3],"6":[3,0],"7":[8,1],"8":[1,0],"9":[8,2],"10":[1,1],"11":[1,1],"12":[8,1],"13":[1,0],"14":[1,0],"15":[1,0],"16":[1,0],"17":[1,0],"18":[1,0],"19":[1,0],"20":[8,1]},"meta":{"lastBranch":21,"lastFunction":31,"lastStatement":46,"seen":{"s:12:15:12:Infinity":0,"s:13:22:13:Infinity":1,"f:15:24:15:36":0,"s:16:8:16:32":2,"s:25:21:26:20":3,"b:28:2:34:Infinity:undefined:undefined:undefined:undefined":0,"s:28:2:34:Infinity":4,"s:29:4:34:Infinity":5,"s:38:2:806:Infinity":6,"f:47:16:47:31":1,"s:47:31:47:56":7,"b:70:79:70:108:70:108:70:142":1,"f:70:142:70:157":2,"s:70:157:70:182":8,"b:75:83:75:112:75:112:75:146":2,"f:75:146:75:161":3,"s:75:161:75:190":9,"b:80:80:80:109:80:109:80:143":3,"f:80:143:80:158":4,"s:80:158:80:184":10,"b:85:80:85:109:85:109:85:143":4,"f:85:143:85:158":5,"s:85:158:85:184":11,"b:92:11:92:Infinity:93:12:356:Infinity":5,"f:97:99:97:114":6,"s:97:114:97:135":12,"f:172:76:172:88":7,"s:172:99:172:108":13,"b:330:24:349:26:349:25:351:Infinity":6,"f:338:30:338:42":8,"s:338:52:338:Infinity":14,"f:341:42:341:47":9,"s:342:32:342:Infinity":15,"b:361:11:361:Infinity:362:12:445:Infinity":7,"f:367:126:367:141":10,"s:367:141:367:162":16,"f:405:40:405:45":11,"s:406:30:406:Infinity":17,"b:406:65:406:102:406:102:406:135":8,"f:435:42:435:47":12,"s:436:30:436:Infinity":18,"b:451:11:451:Infinity:452:12:560:Infinity":9,"f:474:26:474:37":13,"s:474:43:474:76":19,"f:477:39:477:43":14,"s:478:28:478:Infinity":20,"b:496:24:514:25:514:24:514:Infinity":10,"f:506:41:506:46":15,"s:507:32:507:Infinity":21,"b:528:24:547:25:547:24:547:Infinity":11,"f:539:39:539:44":16,"s:540:32:540:Infinity":22,"f:557:80:557:95":17,"s:557:95:557:117":23,"b:565:11:565:Infinity:566:12:774:Infinity":12,"f:571:108:571:123":18,"s:571:123:571:144":24,"f:606:28:606:Infinity":19,"s:607:40:607:Infinity":25,"b:607:40:607:99:607:99:607:Infinity":13,"f:607:55:607:60":20,"s:607:65:607:88":26,"s:608:43:608:Infinity":27,"b:608:43:608:108:608:108:608:Infinity":14,"f:608:58:608:63":21,"s:608:68:608:97":28,"s:609:46:609:Infinity":29,"b:609:46:609:114:609:114:609:Infinity":15,"f:609:61:609:66":22,"s:609:71:609:103":30,"s:610:46:610:Infinity":31,"s:611:41:611:Infinity":32,"b:611:41:611:101:611:101:611:Infinity":16,"f:611:56:611:61":23,"s:611:66:611:90":33,"s:612:48:612:Infinity":34,"s:614:45:614:Infinity":35,"b:614:65:614:119:614:122:614:Infinity":17,"s:615:46:615:Infinity":36,"b:615:66:615:126:615:129:615:Infinity":18,"s:616:46:616:Infinity":37,"b:616:66:616:121:616:124:616:Infinity":19,"s:618:22:707:Infinity":38,"f:740:28:740:40":24,"s:740:50:740:Infinity":39,"f:763:28:763:40":25,"s:763:50:763:Infinity":40,"f:766:46:766:51":26,"s:767:30:767:Infinity":41,"b:780:11:780:Infinity:781:12:806:Infinity":20,"f:783:84:783:99":27,"s:783:99:783:125":42,"f:784:68:784:77":28,"s:784:82:784:101":43,"f:791:82:791:97":29,"s:791:97:791:134":44,"f:801:102:801:117":30,"s:801:117:801:143":45}}}
,"C:\\Users\\felin\\Desktop\\ibichossss\\iBichos\\ibichos-dashboard\\src\\pages\\Analitica\\useAnalitica.tsx": {"path":"C:\\Users\\felin\\Desktop\\ibichossss\\iBichos\\ibichos-dashboard\\src\\pages\\Analitica\\useAnalitica.tsx","statementMap":{"0":{"start":{"line":7,"column":6},"end":{"line":9,"column":null}},"1":{"start":{"line":8,"column":39},"end":{"line":8,"column":null}},"2":{"start":{"line":9,"column":2},"end":{"line":9,"column":null}},"3":{"start":{"line":12,"column":6},"end":{"line":14,"column":null}},"4":{"start":{"line":13,"column":39},"end":{"line":13,"column":null}},"5":{"start":{"line":14,"column":2},"end":{"line":14,"column":null}},"6":{"start":{"line":17,"column":6},"end":{"line":21,"column":null}},"7":{"start":{"line":18,"column":39},"end":{"line":20,"column":null}},"8":{"start":{"line":21,"column":2},"end":{"line":21,"column":null}},"9":{"start":{"line":24,"column":6},"end":{"line":26,"column":null}},"10":{"start":{"line":25,"column":39},"end":{"line":25,"column":null}},"11":{"start":{"line":26,"column":2},"end":{"line":26,"column":null}},"12":{"start":{"line":29,"column":6},"end":{"line":31,"column":null}},"13":{"start":{"line":30,"column":39},"end":{"line":30,"column":null}},"14":{"start":{"line":31,"column":2},"end":{"line":31,"column":null}},"15":{"start":{"line":34,"column":6},"end":{"line":53,"column":null}},"16":{"start":{"line":35,"column":2},"end":{"line":35,"column":null}},"17":{"start":{"line":35,"column":39},"end":{"line":35,"column":null}},"18":{"start":{"line":36,"column":2},"end":{"line":53,"column":null}},"19":{"start":{"line":37,"column":18},"end":{"line":37,"column":37}},"20":{"start":{"line":38,"column":4},"end":{"line":38,"column":null}},"21":{"start":{"line":38,"column":28},"end":{"line":38,"column":null}},"22":{"start":{"line":39,"column":16},"end":{"line":39,"column":38}},"23":{"start":{"line":40,"column":18},"end":{"line":40,"column":null}},"24":{"start":{"line":41,"column":17},"end":{"line":41,"column":39}},"25":{"start":{"line":42,"column":4},"end":{"line":42,"column":null}},"26":{"start":{"line":42,"column":51},"end":{"line":42,"column":null}},"27":{"start":{"line":43,"column":22},"end":{"line":43,"column":48}},"28":{"start":{"line":44,"column":4},"end":{"line":44,"column":null}},"29":{"start":{"line":44,"column":36},"end":{"line":44,"column":null}},"30":{"start":{"line":45,"column":18},"end":{"line":45,"column":28}},"31":{"start":{"line":46,"column":14},"end":{"line":46,"column":59}},"32":{"start":{"line":47,"column":14},"end":{"line":47,"column":53}},"33":{"start":{"line":48,"column":4},"end":{"line":49,"column":null}},"34":{"start":{"line":49,"column":6},"end":{"line":49,"column":null}},"35":{"start":{"line":51,"column":4},"end":{"line":51,"column":null}},"36":{"start":{"line":53,"column":4},"end":{"line":53,"column":null}},"37":{"start":{"line":57,"column":6},"end":{"line":63,"column":null}},"38":{"start":{"line":58,"column":2},"end":{"line":58,"column":null}},"39":{"start":{"line":58,"column":32},"end":{"line":58,"column":null}},"40":{"start":{"line":59,"column":2},"end":{"line":59,"column":null}},"41":{"start":{"line":59,"column":17},"end":{"line":59,"column":null}},"42":{"start":{"line":60,"column":2},"end":{"line":60,"column":null}},"43":{"start":{"line":60,"column":18},"end":{"line":60,"column":null}},"44":{"start":{"line":61,"column":2},"end":{"line":61,"column":null}},"45":{"start":{"line":61,"column":18},"end":{"line":61,"column":null}},"46":{"start":{"line":62,"column":2},"end":{"line":62,"column":null}},"47":{"start":{"line":62,"column":18},"end":{"line":62,"column":null}},"48":{"start":{"line":63,"column":2},"end":{"line":63,"column":null}},"49":{"start":{"line":67,"column":20},"end":{"line":67,"column":57}},"50":{"start":{"line":68,"column":18},"end":{"line":68,"column":46}},"51":{"start":{"line":69,"column":27},"end":{"line":69,"column":65}},"52":{"start":{"line":72,"column":16},"end":{"line":72,"column":126}},"53":{"start":{"line":73,"column":20},"end":{"line":73,"column":55}},"54":{"start":{"line":74,"column":23},"end":{"line":74,"column":61}},"55":{"start":{"line":75,"column":21},"end":{"line":75,"column":57}},"56":{"start":{"line":76,"column":23},"end":{"line":76,"column":61}},"57":{"start":{"line":77,"column":25},"end":{"line":77,"column":92}},"58":{"start":{"line":78,"column":26},"end":{"line":78,"column":87}},"59":{"start":{"line":79,"column":25},"end":{"line":79,"column":65}},"60":{"start":{"line":80,"column":24},"end":{"line":80,"column":63}},"61":{"start":{"line":81,"column":27},"end":{"line":81,"column":69}},"62":{"start":{"line":82,"column":21},"end":{"line":82,"column":57}},"63":{"start":{"line":83,"column":30},"end":{"line":83,"column":75}},"64":{"start":{"line":84,"column":30},"end":{"line":84,"column":75}},"65":{"start":{"line":85,"column":20},"end":{"line":85,"column":55}},"66":{"start":{"line":86,"column":21},"end":{"line":86,"column":57}},"67":{"start":{"line":87,"column":18},"end":{"line":87,"column":51}},"68":{"start":{"line":89,"column":19},"end":{"line":89,"column":53}},"69":{"start":{"line":90,"column":22},"end":{"line":90,"column":62}},"70":{"start":{"line":91,"column":25},"end":{"line":91,"column":63}},"71":{"start":{"line":94,"column":2},"end":{"line":347,"column":null}},"72":{"start":{"line":95,"column":22},"end":{"line":342,"column":null}},"73":{"start":{"line":96,"column":6},"end":{"line":342,"column":null}},"74":{"start":{"line":97,"column":8},"end":{"line":97,"column":null}},"75":{"start":{"line":99,"column":55},"end":{"line":99,"column":57}},"76":{"start":{"line":100,"column":55},"end":{"line":100,"column":57}},"77":{"start":{"line":101,"column":26},"end":{"line":101,"column":64}},"78":{"start":{"line":102,"column":25},"end":{"line":102,"column":null}},"79":{"start":{"line":103,"column":27},"end":{"line":103,"column":null}},"80":{"start":{"line":104,"column":32},"end":{"line":104,"column":null}},"81":{"start":{"line":105,"column":52},"end":{"line":105,"column":54}},"82":{"start":{"line":106,"column":53},"end":{"line":106,"column":55}},"83":{"start":{"line":107,"column":33},"end":{"line":107,"column":35}},"84":{"start":{"line":108,"column":27},"end":{"line":108,"column":44}},"85":{"start":{"line":110,"column":8},"end":{"line":128,"column":null}},"86":{"start":{"line":111,"column":10},"end":{"line":111,"column":null}},"87":{"start":{"line":112,"column":23},"end":{"line":112,"column":33}},"88":{"start":{"line":113,"column":24},"end":{"line":113,"column":75}},"89":{"start":{"line":114,"column":10},"end":{"line":114,"column":null}},"90":{"start":{"line":116,"column":29},"end":{"line":116,"column":60}},"91":{"start":{"line":117,"column":10},"end":{"line":121,"column":null}},"92":{"start":{"line":118,"column":12},"end":{"line":121,"column":null}},"93":{"start":{"line":119,"column":36},"end":{"line":119,"column":54}},"94":{"start":{"line":120,"column":14},"end":{"line":120,"column":null}},"95":{"start":{"line":124,"column":10},"end":{"line":124,"column":null}},"96":{"start":{"line":125,"column":10},"end":{"line":125,"column":null}},"97":{"start":{"line":125,"column":27},"end":{"line":125,"column":null}},"98":{"start":{"line":126,"column":10},"end":{"line":127,"column":null}},"99":{"start":{"line":126,"column":35},"end":{"line":126,"column":null}},"100":{"start":{"line":127,"column":15},"end":{"line":127,"column":null}},"101":{"start":{"line":130,"column":8},"end":{"line":130,"column":null}},"102":{"start":{"line":131,"column":8},"end":{"line":131,"column":null}},"103":{"start":{"line":133,"column":29},"end":{"line":133,"column":70}},"104":{"start":{"line":134,"column":28},"end":{"line":134,"column":null}},"105":{"start":{"line":135,"column":28},"end":{"line":135,"column":null}},"106":{"start":{"line":136,"column":50},"end":{"line":136,"column":52}},"107":{"start":{"line":137,"column":53},"end":{"line":137,"column":55}},"108":{"start":{"line":138,"column":57},"end":{"line":138,"column":null}},"109":{"start":{"line":139,"column":59},"end":{"line":139,"column":61}},"110":{"start":{"line":140,"column":86},"end":{"line":140,"column":88}},"111":{"start":{"line":142,"column":8},"end":{"line":188,"column":null}},"112":{"start":{"line":143,"column":10},"end":{"line":143,"column":null}},"113":{"start":{"line":144,"column":23},"end":{"line":144,"column":33}},"114":{"start":{"line":146,"column":10},"end":{"line":149,"column":null}},"115":{"start":{"line":147,"column":28},"end":{"line":147,"column":102}},"116":{"start":{"line":148,"column":12},"end":{"line":149,"column":null}},"117":{"start":{"line":149,"column":14},"end":{"line":149,"column":null}},"118":{"start":{"line":153,"column":32},"end":{"line":153,"column":null}},"119":{"start":{"line":154,"column":10},"end":{"line":154,"column":null}},"120":{"start":{"line":154,"column":70},"end":{"line":154,"column":null}},"121":{"start":{"line":156,"column":22},"end":{"line":156,"column":65}},"122":{"start":{"line":157,"column":10},"end":{"line":157,"column":null}},"123":{"start":{"line":159,"column":25},"end":{"line":159,"column":71}},"124":{"start":{"line":160,"column":10},"end":{"line":160,"column":null}},"125":{"start":{"line":162,"column":10},"end":{"line":165,"column":null}},"126":{"start":{"line":163,"column":12},"end":{"line":163,"column":null}},"127":{"start":{"line":163,"column":39},"end":{"line":163,"column":null}},"128":{"start":{"line":164,"column":12},"end":{"line":164,"column":null}},"129":{"start":{"line":165,"column":12},"end":{"line":165,"column":null}},"130":{"start":{"line":168,"column":10},"end":{"line":179,"column":null}},"131":{"start":{"line":169,"column":12},"end":{"line":172,"column":null}},"132":{"start":{"line":170,"column":14},"end":{"line":170,"column":null}},"133":{"start":{"line":172,"column":14},"end":{"line":172,"column":null}},"134":{"start":{"line":174,"column":22},"end":{"line":179,"column":null}},"135":{"start":{"line":175,"column":12},"end":{"line":175,"column":null}},"136":{"start":{"line":176,"column":21},"end":{"line":179,"column":null}},"137":{"start":{"line":177,"column":12},"end":{"line":177,"column":null}},"138":{"start":{"line":179,"column":12},"end":{"line":179,"column":null}},"139":{"start":{"line":182,"column":10},"end":{"line":186,"column":null}},"140":{"start":{"line":183,"column":28},"end":{"line":183,"column":102}},"141":{"start":{"line":184,"column":29},"end":{"line":184,"column":100}},"142":{"start":{"line":185,"column":35},"end":{"line":185,"column":87}},"143":{"start":{"line":186,"column":12},"end":{"line":186,"column":null}},"144":{"start":{"line":190,"column":29},"end":{"line":190,"column":70}},"145":{"start":{"line":191,"column":28},"end":{"line":191,"column":null}},"146":{"start":{"line":192,"column":27},"end":{"line":192,"column":null}},"147":{"start":{"line":193,"column":59},"end":{"line":193,"column":61}},"148":{"start":{"line":194,"column":94},"end":{"line":194,"column":96}},"149":{"start":{"line":195,"column":56},"end":{"line":195,"column":58}},"150":{"start":{"line":197,"column":8},"end":{"line":228,"column":null}},"151":{"start":{"line":198,"column":10},"end":{"line":198,"column":null}},"152":{"start":{"line":199,"column":23},"end":{"line":199,"column":33}},"153":{"start":{"line":200,"column":27},"end":{"line":200,"column":null}},"154":{"start":{"line":201,"column":10},"end":{"line":201,"column":null}},"155":{"start":{"line":203,"column":10},"end":{"line":206,"column":null}},"156":{"start":{"line":204,"column":32},"end":{"line":204,"column":117}},"157":{"start":{"line":205,"column":12},"end":{"line":206,"column":null}},"158":{"start":{"line":206,"column":14},"end":{"line":206,"column":null}},"159":{"start":{"line":210,"column":10},"end":{"line":225,"column":null}},"160":{"start":{"line":211,"column":28},"end":{"line":211,"column":113}},"161":{"start":{"line":212,"column":28},"end":{"line":212,"column":null}},"162":{"start":{"line":213,"column":28},"end":{"line":213,"column":99}},"163":{"start":{"line":214,"column":29},"end":{"line":214,"column":100}},"164":{"start":{"line":215,"column":35},"end":{"line":215,"column":87}},"165":{"start":{"line":217,"column":12},"end":{"line":218,"column":null}},"166":{"start":{"line":218,"column":14},"end":{"line":218,"column":null}},"167":{"start":{"line":220,"column":12},"end":{"line":220,"column":null}},"168":{"start":{"line":221,"column":12},"end":{"line":221,"column":null}},"169":{"start":{"line":223,"column":12},"end":{"line":225,"column":null}},"170":{"start":{"line":224,"column":14},"end":{"line":224,"column":null}},"171":{"start":{"line":224,"column":49},"end":{"line":224,"column":null}},"172":{"start":{"line":225,"column":14},"end":{"line":225,"column":null}},"173":{"start":{"line":230,"column":35},"end":{"line":232,"column":68}},"174":{"start":{"line":231,"column":26},"end":{"line":231,"column":67}},"175":{"start":{"line":232,"column":24},"end":{"line":232,"column":68}},"176":{"start":{"line":234,"column":25},"end":{"line":234,"column":28}},"177":{"start":{"line":234,"column":41},"end":{"line":234,"column":null}},"178":{"start":{"line":235,"column":25},"end":{"line":235,"column":28}},"179":{"start":{"line":235,"column":41},"end":{"line":235,"column":null}},"180":{"start":{"line":236,"column":26},"end":{"line":236,"column":29}},"181":{"start":{"line":236,"column":43},"end":{"line":236,"column":null}},"182":{"start":{"line":237,"column":20},"end":{"line":237,"column":30}},"183":{"start":{"line":239,"column":8},"end":{"line":253,"column":null}},"184":{"start":{"line":240,"column":10},"end":{"line":240,"column":null}},"185":{"start":{"line":240,"column":32},"end":{"line":240,"column":57}},"186":{"start":{"line":241,"column":29},"end":{"line":241,"column":null}},"187":{"start":{"line":242,"column":34},"end":{"line":242,"column":108}},"188":{"start":{"line":244,"column":30},"end":{"line":244,"column":null}},"189":{"start":{"line":245,"column":10},"end":{"line":248,"column":null}},"190":{"start":{"line":246,"column":25},"end":{"line":246,"column":97}},"191":{"start":{"line":247,"column":12},"end":{"line":247,"column":null}},"192":{"start":{"line":247,"column":38},"end":{"line":247,"column":null}},"193":{"start":{"line":250,"column":10},"end":{"line":250,"column":null}},"194":{"start":{"line":250,"column":38},"end":{"line":250,"column":52}},"195":{"start":{"line":250,"column":52},"end":{"line":250,"column":null}},"196":{"start":{"line":250,"column":76},"end":{"line":250,"column":null}},"197":{"start":{"line":251,"column":10},"end":{"line":251,"column":null}},"198":{"start":{"line":251,"column":38},"end":{"line":251,"column":52}},"199":{"start":{"line":251,"column":52},"end":{"line":251,"column":null}},"200":{"start":{"line":251,"column":76},"end":{"line":251,"column":null}},"201":{"start":{"line":252,"column":10},"end":{"line":252,"column":null}},"202":{"start":{"line":252,"column":39},"end":{"line":252,"column":54}},"203":{"start":{"line":252,"column":54},"end":{"line":252,"column":null}},"204":{"start":{"line":252,"column":79},"end":{"line":252,"column":null}},"205":{"start":{"line":255,"column":8},"end":{"line":259,"column":null}},"206":{"start":{"line":261,"column":29},"end":{"line":261,"column":null}},"207":{"start":{"line":262,"column":28},"end":{"line":262,"column":null}},"208":{"start":{"line":264,"column":8},"end":{"line":278,"column":null}},"209":{"start":{"line":265,"column":32},"end":{"line":265,"column":null}},"210":{"start":{"line":266,"column":33},"end":{"line":266,"column":null}},"211":{"start":{"line":268,"column":10},"end":{"line":276,"column":null}},"212":{"start":{"line":269,"column":18},"end":{"line":269,"column":null}},"213":{"start":{"line":270,"column":12},"end":{"line":273,"column":null}},"214":{"start":{"line":271,"column":14},"end":{"line":271,"column":null}},"215":{"start":{"line":273,"column":14},"end":{"line":273,"column":null}},"216":{"start":{"line":276,"column":12},"end":{"line":276,"column":null}},"217":{"start":{"line":280,"column":31},"end":{"line":280,"column":null}},"218":{"start":{"line":281,"column":30},"end":{"line":281,"column":null}},"219":{"start":{"line":282,"column":8},"end":{"line":285,"column":null}},"220":{"start":{"line":287,"column":27},"end":{"line":287,"column":null}},"221":{"start":{"line":288,"column":27},"end":{"line":288,"column":96}},"222":{"start":{"line":288,"column":79},"end":{"line":288,"column":96}},"223":{"start":{"line":289,"column":8},"end":{"line":293,"column":null}},"224":{"start":{"line":290,"column":23},"end":{"line":290,"column":49}},"225":{"start":{"line":291,"column":23},"end":{"line":291,"column":49}},"226":{"start":{"line":292,"column":10},"end":{"line":292,"column":null}},"227":{"start":{"line":295,"column":30},"end":{"line":295,"column":97}},"228":{"start":{"line":295,"column":80},"end":{"line":295,"column":97}},"229":{"start":{"line":296,"column":8},"end":{"line":300,"column":null}},"230":{"start":{"line":297,"column":10},"end":{"line":297,"column":null}},"231":{"start":{"line":297,"column":33},"end":{"line":297,"column":null}},"232":{"start":{"line":298,"column":10},"end":{"line":298,"column":null}},"233":{"start":{"line":298,"column":33},"end":{"line":298,"column":null}},"234":{"start":{"line":299,"column":10},"end":{"line":299,"column":null}},"235":{"start":{"line":302,"column":28},"end":{"line":302,"column":null}},"236":{"start":{"line":303,"column":28},"end":{"line":303,"column":98}},"237":{"start":{"line":303,"column":81},"end":{"line":303,"column":98}},"238":{"start":{"line":304,"column":8},"end":{"line":308,"column":null}},"239":{"start":{"line":305,"column":23},"end":{"line":305,"column":50}},"240":{"start":{"line":306,"column":23},"end":{"line":306,"column":50}},"241":{"start":{"line":307,"column":10},"end":{"line":307,"column":null}},"242":{"start":{"line":310,"column":24},"end":{"line":313,"column":11}},"243":{"start":{"line":310,"column":80},"end":{"line":313,"column":11}},"244":{"start":{"line":314,"column":8},"end":{"line":318,"column":null}},"245":{"start":{"line":315,"column":10},"end":{"line":315,"column":null}},"246":{"start":{"line":315,"column":33},"end":{"line":315,"column":null}},"247":{"start":{"line":316,"column":10},"end":{"line":316,"column":null}},"248":{"start":{"line":316,"column":33},"end":{"line":316,"column":null}},"249":{"start":{"line":317,"column":10},"end":{"line":317,"column":null}},"250":{"start":{"line":320,"column":8},"end":{"line":320,"column":null}},"251":{"start":{"line":321,"column":8},"end":{"line":321,"column":null}},"252":{"start":{"line":322,"column":8},"end":{"line":322,"column":null}},"253":{"start":{"line":323,"column":8},"end":{"line":323,"column":null}},"254":{"start":{"line":324,"column":8},"end":{"line":324,"column":null}},"255":{"start":{"line":324,"column":83},"end":{"line":324,"column":100}},"256":{"start":{"line":325,"column":8},"end":{"line":328,"column":null}},"257":{"start":{"line":329,"column":8},"end":{"line":329,"column":null}},"258":{"start":{"line":330,"column":8},"end":{"line":334,"column":null}},"259":{"start":{"line":331,"column":35},"end":{"line":331,"column":52}},"260":{"start":{"line":332,"column":26},"end":{"line":332,"column":44}},"261":{"start":{"line":335,"column":8},"end":{"line":335,"column":null}},"262":{"start":{"line":336,"column":8},"end":{"line":336,"column":null}},"263":{"start":{"line":336,"column":92},"end":{"line":336,"column":111}},"264":{"start":{"line":337,"column":8},"end":{"line":337,"column":null}},"265":{"start":{"line":337,"column":93},"end":{"line":337,"column":113}},"266":{"start":{"line":340,"column":8},"end":{"line":340,"column":null}},"267":{"start":{"line":342,"column":8},"end":{"line":342,"column":null}},"268":{"start":{"line":346,"column":4},"end":{"line":346,"column":null}},"269":{"start":{"line":350,"column":2},"end":{"line":392,"column":null}},"270":{"start":{"line":351,"column":4},"end":{"line":351,"column":null}},"271":{"start":{"line":351,"column":31},"end":{"line":351,"column":null}},"272":{"start":{"line":353,"column":19},"end":{"line":353,"column":null}},"273":{"start":{"line":354,"column":4},"end":{"line":355,"column":null}},"274":{"start":{"line":355,"column":6},"end":{"line":355,"column":null}},"275":{"start":{"line":355,"column":38},"end":{"line":355,"column":66}},"276":{"start":{"line":358,"column":48},"end":{"line":358,"column":50}},"277":{"start":{"line":359,"column":49},"end":{"line":359,"column":51}},"278":{"start":{"line":360,"column":46},"end":{"line":362,"column":null}},"279":{"start":{"line":364,"column":4},"end":{"line":377,"column":null}},"280":{"start":{"line":365,"column":18},"end":{"line":365,"column":59}},"281":{"start":{"line":366,"column":6},"end":{"line":366,"column":null}},"282":{"start":{"line":367,"column":18},"end":{"line":367,"column":null}},"283":{"start":{"line":368,"column":6},"end":{"line":368,"column":null}},"284":{"start":{"line":370,"column":6},"end":{"line":375,"column":null}},"285":{"start":{"line":371,"column":21},"end":{"line":371,"column":46}},"286":{"start":{"line":372,"column":22},"end":{"line":372,"column":42}},"287":{"start":{"line":373,"column":8},"end":{"line":373,"column":null}},"288":{"start":{"line":375,"column":8},"end":{"line":375,"column":null}},"289":{"start":{"line":379,"column":23},"end":{"line":379,"column":92}},"290":{"start":{"line":379,"column":75},"end":{"line":379,"column":92}},"291":{"start":{"line":380,"column":4},"end":{"line":384,"column":null}},"292":{"start":{"line":381,"column":6},"end":{"line":381,"column":null}},"293":{"start":{"line":381,"column":92},"end":{"line":381,"column":null}},"294":{"start":{"line":382,"column":6},"end":{"line":382,"column":null}},"295":{"start":{"line":382,"column":92},"end":{"line":382,"column":null}},"296":{"start":{"line":383,"column":6},"end":{"line":383,"column":null}},"297":{"start":{"line":386,"column":4},"end":{"line":386,"column":null}},"298":{"start":{"line":387,"column":4},"end":{"line":388,"column":null}},"299":{"start":{"line":387,"column":71},"end":{"line":387,"column":88}},"300":{"start":{"line":388,"column":22},"end":{"line":388,"column":40}},"301":{"start":{"line":389,"column":4},"end":{"line":390,"column":null}},"302":{"start":{"line":389,"column":65},"end":{"line":389,"column":82}},"303":{"start":{"line":390,"column":22},"end":{"line":390,"column":37}},"304":{"start":{"line":395,"column":8},"end":{"line":438,"column":null}},"305":{"start":{"line":396,"column":21},"end":{"line":396,"column":null}},"306":{"start":{"line":397,"column":4},"end":{"line":397,"column":null}},"307":{"start":{"line":399,"column":4},"end":{"line":399,"column":null}},"308":{"start":{"line":400,"column":4},"end":{"line":400,"column":null}},"309":{"start":{"line":401,"column":4},"end":{"line":401,"column":null}},"310":{"start":{"line":402,"column":4},"end":{"line":402,"column":null}},"311":{"start":{"line":403,"column":4},"end":{"line":403,"column":null}},"312":{"start":{"line":404,"column":4},"end":{"line":404,"column":null}},"313":{"start":{"line":406,"column":4},"end":{"line":406,"column":null}},"314":{"start":{"line":407,"column":4},"end":{"line":407,"column":null}},"315":{"start":{"line":408,"column":4},"end":{"line":408,"column":null}},"316":{"start":{"line":409,"column":4},"end":{"line":409,"column":null}},"317":{"start":{"line":410,"column":4},"end":{"line":410,"column":null}},"318":{"start":{"line":412,"column":4},"end":{"line":412,"column":null}},"319":{"start":{"line":413,"column":4},"end":{"line":413,"column":null}},"320":{"start":{"line":414,"column":4},"end":{"line":414,"column":null}},"321":{"start":{"line":414,"column":34},"end":{"line":414,"column":76}},"322":{"start":{"line":415,"column":4},"end":{"line":415,"column":null}},"323":{"start":{"line":417,"column":4},"end":{"line":417,"column":null}},"324":{"start":{"line":418,"column":4},"end":{"line":418,"column":null}},"325":{"start":{"line":419,"column":4},"end":{"line":419,"column":null}},"326":{"start":{"line":419,"column":32},"end":{"line":419,"column":74}},"327":{"start":{"line":420,"column":4},"end":{"line":420,"column":null}},"328":{"start":{"line":422,"column":4},"end":{"line":422,"column":null}},"329":{"start":{"line":423,"column":4},"end":{"line":423,"column":null}},"330":{"start":{"line":424,"column":4},"end":{"line":424,"column":null}},"331":{"start":{"line":424,"column":30},"end":{"line":424,"column":72}},"332":{"start":{"line":425,"column":4},"end":{"line":425,"column":null}},"333":{"start":{"line":427,"column":4},"end":{"line":427,"column":null}},"334":{"start":{"line":428,"column":4},"end":{"line":428,"column":null}},"335":{"start":{"line":429,"column":4},"end":{"line":429,"column":null}},"336":{"start":{"line":429,"column":27},"end":{"line":429,"column":69}},"337":{"start":{"line":431,"column":23},"end":{"line":431,"column":44}},"338":{"start":{"line":432,"column":17},"end":{"line":432,"column":44}},"339":{"start":{"line":433,"column":4},"end":{"line":433,"column":null}},"340":{"start":{"line":434,"column":20},"end":{"line":434,"column":78}},"341":{"start":{"line":435,"column":4},"end":{"line":435,"column":null}},"342":{"start":{"line":436,"column":4},"end":{"line":436,"column":null}},"343":{"start":{"line":437,"column":4},"end":{"line":437,"column":null}},"344":{"start":{"line":438,"column":4},"end":{"line":438,"column":null}},"345":{"start":{"line":442,"column":29},"end":{"line":468,"column":null}},"346":{"start":{"line":443,"column":4},"end":{"line":468,"column":null}},"347":{"start":{"line":444,"column":18},"end":{"line":444,"column":28}},"348":{"start":{"line":445,"column":23},"end":{"line":445,"column":52}},"349":{"start":{"line":447,"column":27},"end":{"line":457,"column":null}},"350":{"start":{"line":459,"column":6},"end":{"line":459,"column":null}},"351":{"start":{"line":461,"column":6},"end":{"line":464,"column":null}},"352":{"start":{"line":462,"column":8},"end":{"line":462,"column":null}},"353":{"start":{"line":464,"column":8},"end":{"line":464,"column":null}},"354":{"start":{"line":467,"column":6},"end":{"line":467,"column":null}},"355":{"start":{"line":468,"column":6},"end":{"line":468,"column":null}},"356":{"start":{"line":468,"column":23},"end":{"line":468,"column":null}},"357":{"start":{"line":473,"column":2},"end":{"line":489,"column":null}},"358":{"start":{"line":474,"column":28},"end":{"line":485,"column":null}},"359":{"start":{"line":475,"column":6},"end":{"line":475,"column":null}},"360":{"start":{"line":475,"column":45},"end":{"line":475,"column":null}},"361":{"start":{"line":476,"column":6},"end":{"line":485,"column":null}},"362":{"start":{"line":477,"column":20},"end":{"line":477,"column":30}},"363":{"start":{"line":478,"column":25},"end":{"line":478,"column":54}},"364":{"start":{"line":479,"column":14},"end":{"line":479,"column":62}},"365":{"start":{"line":480,"column":24},"end":{"line":480,"column":44}},"366":{"start":{"line":481,"column":8},"end":{"line":482,"column":null}},"367":{"start":{"line":482,"column":10},"end":{"line":482,"column":null}},"368":{"start":{"line":485,"column":8},"end":{"line":485,"column":null}},"369":{"start":{"line":488,"column":4},"end":{"line":488,"column":null}},"370":{"start":{"line":492,"column":2},"end":{"line":501,"column":null}}},"fnMap":{"0":{"name":"(anonymous_0)","decl":{"start":{"line":7,"column":6},"end":{"line":7,"column":23}},"loc":{"start":{"line":7,"column":39},"end":{"line":9,"column":null}},"line":7},"1":{"name":"(anonymous_1)","decl":{"start":{"line":12,"column":6},"end":{"line":12,"column":27}},"loc":{"start":{"line":12,"column":43},"end":{"line":14,"column":null}},"line":12},"2":{"name":"(anonymous_2)","decl":{"start":{"line":17,"column":6},"end":{"line":17,"column":25}},"loc":{"start":{"line":17,"column":45},"end":{"line":21,"column":null}},"line":17},"3":{"name":"(anonymous_3)","decl":{"start":{"line":24,"column":6},"end":{"line":24,"column":25}},"loc":{"start":{"line":24,"column":44},"end":{"line":26,"column":null}},"line":24},"4":{"name":"(anonymous_4)","decl":{"start":{"line":29,"column":6},"end":{"line":29,"column":24}},"loc":{"start":{"line":29,"column":38},"end":{"line":31,"column":null}},"line":29},"5":{"name":"(anonymous_5)","decl":{"start":{"line":34,"column":6},"end":{"line":34,"column":22}},"loc":{"start":{"line":34,"column":43},"end":{"line":53,"column":null}},"line":34},"6":{"name":"(anonymous_6)","decl":{"start":{"line":57,"column":6},"end":{"line":57,"column":24}},"loc":{"start":{"line":57,"column":41},"end":{"line":63,"column":null}},"line":57},"7":{"name":"useAnalitica","decl":{"start":{"line":66,"column":16},"end":{"line":66,"column":31}},"loc":{"start":{"line":66,"column":31},"end":{"line":501,"column":null}},"line":66},"8":{"name":"(anonymous_8)","decl":{"start":{"line":94,"column":2},"end":{"line":94,"column":18}},"loc":{"start":{"line":94,"column":18},"end":{"line":347,"column":7}},"line":94},"9":{"name":"(anonymous_9)","decl":{"start":{"line":95,"column":22},"end":{"line":95,"column":34}},"loc":{"start":{"line":95,"column":34},"end":{"line":342,"column":null}},"line":95},"10":{"name":"(anonymous_10)","decl":{"start":{"line":110,"column":18},"end":{"line":110,"column":26}},"loc":{"start":{"line":110,"column":33},"end":{"line":128,"column":null}},"line":110},"11":{"name":"(anonymous_11)","decl":{"start":{"line":118,"column":23},"end":{"line":118,"column":31}},"loc":{"start":{"line":118,"column":36},"end":{"line":121,"column":null}},"line":118},"12":{"name":"(anonymous_12)","decl":{"start":{"line":142,"column":21},"end":{"line":142,"column":29}},"loc":{"start":{"line":142,"column":36},"end":{"line":188,"column":null}},"line":142},"13":{"name":"(anonymous_13)","decl":{"start":{"line":197,"column":21},"end":{"line":197,"column":29}},"loc":{"start":{"line":197,"column":36},"end":{"line":228,"column":null}},"line":197},"14":{"name":"(anonymous_14)","decl":{"start":{"line":231,"column":11},"end":{"line":231,"column":17}},"loc":{"start":{"line":231,"column":26},"end":{"line":231,"column":67}},"line":231},"15":{"name":"(anonymous_15)","decl":{"start":{"line":232,"column":11},"end":{"line":232,"column":15}},"loc":{"start":{"line":232,"column":24},"end":{"line":232,"column":68}},"line":232},"16":{"name":"(anonymous_16)","decl":{"start":{"line":239,"column":39},"end":{"line":239,"column":47}},"loc":{"start":{"line":239,"column":57},"end":{"line":253,"column":null}},"line":239},"17":{"name":"(anonymous_17)","decl":{"start":{"line":240,"column":17},"end":{"line":240,"column":23}},"loc":{"start":{"line":240,"column":32},"end":{"line":240,"column":57}},"line":240},"18":{"name":"(anonymous_18)","decl":{"start":{"line":245,"column":17},"end":{"line":245,"column":25}},"loc":{"start":{"line":245,"column":30},"end":{"line":248,"column":null}},"line":245},"19":{"name":"(anonymous_19)","decl":{"start":{"line":264,"column":38},"end":{"line":264,"column":46}},"loc":{"start":{"line":264,"column":53},"end":{"line":278,"column":null}},"line":264},"20":{"name":"(anonymous_20)","decl":{"start":{"line":288,"column":55},"end":{"line":288,"column":60}},"loc":{"start":{"line":288,"column":79},"end":{"line":288,"column":96}},"line":288},"21":{"name":"(anonymous_21)","decl":{"start":{"line":289,"column":19},"end":{"line":289,"column":25}},"loc":{"start":{"line":289,"column":34},"end":{"line":293,"column":null}},"line":289},"22":{"name":"(anonymous_22)","decl":{"start":{"line":295,"column":56},"end":{"line":295,"column":61}},"loc":{"start":{"line":295,"column":80},"end":{"line":295,"column":97}},"line":295},"23":{"name":"(anonymous_23)","decl":{"start":{"line":296,"column":22},"end":{"line":296,"column":28}},"loc":{"start":{"line":296,"column":37},"end":{"line":300,"column":null}},"line":296},"24":{"name":"(anonymous_24)","decl":{"start":{"line":303,"column":57},"end":{"line":303,"column":62}},"loc":{"start":{"line":303,"column":81},"end":{"line":303,"column":98}},"line":303},"25":{"name":"(anonymous_25)","decl":{"start":{"line":304,"column":20},"end":{"line":304,"column":26}},"loc":{"start":{"line":304,"column":35},"end":{"line":308,"column":null}},"line":304},"26":{"name":"(anonymous_26)","decl":{"start":{"line":310,"column":56},"end":{"line":310,"column":61}},"loc":{"start":{"line":310,"column":80},"end":{"line":313,"column":11}},"line":310},"27":{"name":"(anonymous_27)","decl":{"start":{"line":314,"column":16},"end":{"line":314,"column":22}},"loc":{"start":{"line":314,"column":31},"end":{"line":318,"column":null}},"line":314},"28":{"name":"(anonymous_28)","decl":{"start":{"line":324,"column":59},"end":{"line":324,"column":64}},"loc":{"start":{"line":324,"column":83},"end":{"line":324,"column":100}},"line":324},"29":{"name":"(anonymous_29)","decl":{"start":{"line":331,"column":11},"end":{"line":331,"column":16}},"loc":{"start":{"line":331,"column":35},"end":{"line":331,"column":52}},"line":331},"30":{"name":"(anonymous_30)","decl":{"start":{"line":332,"column":11},"end":{"line":332,"column":17}},"loc":{"start":{"line":332,"column":26},"end":{"line":332,"column":44}},"line":332},"31":{"name":"(anonymous_31)","decl":{"start":{"line":336,"column":66},"end":{"line":336,"column":71}},"loc":{"start":{"line":336,"column":92},"end":{"line":336,"column":111}},"line":336},"32":{"name":"(anonymous_32)","decl":{"start":{"line":337,"column":66},"end":{"line":337,"column":71}},"loc":{"start":{"line":337,"column":93},"end":{"line":337,"column":113}},"line":337},"33":{"name":"(anonymous_33)","decl":{"start":{"line":350,"column":2},"end":{"line":350,"column":18}},"loc":{"start":{"line":350,"column":18},"end":{"line":392,"column":6}},"line":350},"34":{"name":"(anonymous_34)","decl":{"start":{"line":355,"column":26},"end":{"line":355,"column":33}},"loc":{"start":{"line":355,"column":38},"end":{"line":355,"column":66}},"line":355},"35":{"name":"(anonymous_35)","decl":{"start":{"line":364,"column":13},"end":{"line":364,"column":21}},"loc":{"start":{"line":364,"column":26},"end":{"line":377,"column":null}},"line":364},"36":{"name":"(anonymous_36)","decl":{"start":{"line":379,"column":51},"end":{"line":379,"column":56}},"loc":{"start":{"line":379,"column":75},"end":{"line":379,"column":92}},"line":379},"37":{"name":"(anonymous_37)","decl":{"start":{"line":380,"column":15},"end":{"line":380,"column":21}},"loc":{"start":{"line":380,"column":30},"end":{"line":384,"column":null}},"line":380},"38":{"name":"(anonymous_38)","decl":{"start":{"line":387,"column":47},"end":{"line":387,"column":52}},"loc":{"start":{"line":387,"column":71},"end":{"line":387,"column":88}},"line":387},"39":{"name":"(anonymous_39)","decl":{"start":{"line":388,"column":7},"end":{"line":388,"column":13}},"loc":{"start":{"line":388,"column":22},"end":{"line":388,"column":40}},"line":388},"40":{"name":"(anonymous_40)","decl":{"start":{"line":389,"column":41},"end":{"line":389,"column":46}},"loc":{"start":{"line":389,"column":65},"end":{"line":389,"column":82}},"line":389},"41":{"name":"(anonymous_41)","decl":{"start":{"line":390,"column":7},"end":{"line":390,"column":14}},"loc":{"start":{"line":390,"column":22},"end":{"line":390,"column":37}},"line":390},"42":{"name":"(anonymous_42)","decl":{"start":{"line":395,"column":8},"end":{"line":395,"column":32}},"loc":{"start":{"line":395,"column":32},"end":{"line":438,"column":null}},"line":395},"43":{"name":"(anonymous_43)","decl":{"start":{"line":414,"column":19},"end":{"line":414,"column":27}},"loc":{"start":{"line":414,"column":32},"end":{"line":414,"column":null}},"line":414},"44":{"name":"(anonymous_44)","decl":{"start":{"line":419,"column":17},"end":{"line":419,"column":25}},"loc":{"start":{"line":419,"column":30},"end":{"line":419,"column":null}},"line":419},"45":{"name":"(anonymous_45)","decl":{"start":{"line":424,"column":15},"end":{"line":424,"column":23}},"loc":{"start":{"line":424,"column":28},"end":{"line":424,"column":null}},"line":424},"46":{"name":"(anonymous_46)","decl":{"start":{"line":429,"column":12},"end":{"line":429,"column":20}},"loc":{"start":{"line":429,"column":25},"end":{"line":429,"column":null}},"line":429},"47":{"name":"(anonymous_47)","decl":{"start":{"line":442,"column":29},"end":{"line":442,"column":36}},"loc":{"start":{"line":442,"column":59},"end":{"line":468,"column":null}},"line":442},"48":{"name":"(anonymous_48)","decl":{"start":{"line":473,"column":2},"end":{"line":473,"column":18}},"loc":{"start":{"line":473,"column":18},"end":{"line":489,"column":6}},"line":473},"49":{"name":"(anonymous_49)","decl":{"start":{"line":474,"column":28},"end":{"line":474,"column":40}},"loc":{"start":{"line":474,"column":40},"end":{"line":485,"column":null}},"line":474}},"branchMap":{"0":{"loc":{"start":{"line":9,"column":9},"end":{"line":9,"column":null}},"type":"binary-expr","locations":[{"start":{"line":9,"column":9},"end":{"line":9,"column":22}},{"start":{"line":9,"column":22},"end":{"line":9,"column":null}}],"line":9},"1":{"loc":{"start":{"line":14,"column":9},"end":{"line":14,"column":null}},"type":"binary-expr","locations":[{"start":{"line":14,"column":9},"end":{"line":14,"column":22}},{"start":{"line":14,"column":22},"end":{"line":14,"column":null}}],"line":14},"2":{"loc":{"start":{"line":21,"column":9},"end":{"line":21,"column":52}},"type":"binary-expr","locations":[{"start":{"line":21,"column":9},"end":{"line":21,"column":26}},{"start":{"line":21,"column":26},"end":{"line":21,"column":52}}],"line":21},"3":{"loc":{"start":{"line":26,"column":9},"end":{"line":26,"column":null}},"type":"binary-expr","locations":[{"start":{"line":26,"column":9},"end":{"line":26,"column":25}},{"start":{"line":26,"column":25},"end":{"line":26,"column":null}}],"line":26},"4":{"loc":{"start":{"line":31,"column":9},"end":{"line":31,"column":null}},"type":"binary-expr","locations":[{"start":{"line":31,"column":9},"end":{"line":31,"column":20}},{"start":{"line":31,"column":20},"end":{"line":31,"column":null}}],"line":31},"5":{"loc":{"start":{"line":35,"column":2},"end":{"line":35,"column":null}},"type":"if","locations":[{"start":{"line":35,"column":2},"end":{"line":35,"column":null}},{"start":{},"end":{}}],"line":35},"6":{"loc":{"start":{"line":35,"column":6},"end":{"line":35,"column":39}},"type":"binary-expr","locations":[{"start":{"line":35,"column":6},"end":{"line":35,"column":19}},{"start":{"line":35,"column":19},"end":{"line":35,"column":39}}],"line":35},"7":{"loc":{"start":{"line":38,"column":4},"end":{"line":38,"column":null}},"type":"if","locations":[{"start":{"line":38,"column":4},"end":{"line":38,"column":null}},{"start":{},"end":{}}],"line":38},"8":{"loc":{"start":{"line":42,"column":4},"end":{"line":42,"column":null}},"type":"if","locations":[{"start":{"line":42,"column":4},"end":{"line":42,"column":null}},{"start":{},"end":{}}],"line":42},"9":{"loc":{"start":{"line":42,"column":8},"end":{"line":42,"column":49}},"type":"binary-expr","locations":[{"start":{"line":42,"column":8},"end":{"line":42,"column":18}},{"start":{"line":42,"column":22},"end":{"line":42,"column":34}},{"start":{"line":42,"column":38},"end":{"line":42,"column":49}}],"line":42},"10":{"loc":{"start":{"line":44,"column":4},"end":{"line":44,"column":null}},"type":"if","locations":[{"start":{"line":44,"column":4},"end":{"line":44,"column":null}},{"start":{},"end":{}}],"line":44},"11":{"loc":{"start":{"line":48,"column":4},"end":{"line":49,"column":null}},"type":"if","locations":[{"start":{"line":48,"column":4},"end":{"line":49,"column":null}},{"start":{},"end":{}}],"line":48},"12":{"loc":{"start":{"line":48,"column":8},"end":{"line":48,"column":66}},"type":"binary-expr","locations":[{"start":{"line":48,"column":8},"end":{"line":48,"column":18}},{"start":{"line":48,"column":18},"end":{"line":48,"column":29}},{"start":{"line":48,"column":29},"end":{"line":48,"column":66}}],"line":48},"13":{"loc":{"start":{"line":58,"column":2},"end":{"line":58,"column":null}},"type":"if","locations":[{"start":{"line":58,"column":2},"end":{"line":58,"column":null}},{"start":{},"end":{}}],"line":58},"14":{"loc":{"start":{"line":58,"column":6},"end":{"line":58,"column":30}},"type":"binary-expr","locations":[{"start":{"line":58,"column":6},"end":{"line":58,"column":19}},{"start":{"line":58,"column":19},"end":{"line":58,"column":30}}],"line":58},"15":{"loc":{"start":{"line":59,"column":2},"end":{"line":59,"column":null}},"type":"if","locations":[{"start":{"line":59,"column":2},"end":{"line":59,"column":null}},{"start":{},"end":{}}],"line":59},"16":{"loc":{"start":{"line":60,"column":2},"end":{"line":60,"column":null}},"type":"if","locations":[{"start":{"line":60,"column":2},"end":{"line":60,"column":null}},{"start":{},"end":{}}],"line":60},"17":{"loc":{"start":{"line":61,"column":2},"end":{"line":61,"column":null}},"type":"if","locations":[{"start":{"line":61,"column":2},"end":{"line":61,"column":null}},{"start":{},"end":{}}],"line":61},"18":{"loc":{"start":{"line":62,"column":2},"end":{"line":62,"column":null}},"type":"if","locations":[{"start":{"line":62,"column":2},"end":{"line":62,"column":null}},{"start":{},"end":{}}],"line":62},"19":{"loc":{"start":{"line":113,"column":38},"end":{"line":113,"column":75}},"type":"binary-expr","locations":[{"start":{"line":113,"column":38},"end":{"line":113,"column":66}},{"start":{"line":113,"column":66},"end":{"line":113,"column":75}}],"line":113},"20":{"loc":{"start":{"line":114,"column":32},"end":{"line":114,"column":59}},"type":"binary-expr","locations":[{"start":{"line":114,"column":32},"end":{"line":114,"column":54}},{"start":{"line":114,"column":54},"end":{"line":114,"column":59}}],"line":114},"21":{"loc":{"start":{"line":116,"column":29},"end":{"line":116,"column":60}},"type":"binary-expr","locations":[{"start":{"line":116,"column":29},"end":{"line":116,"column":58}},{"start":{"line":116,"column":58},"end":{"line":116,"column":60}}],"line":116},"22":{"loc":{"start":{"line":117,"column":10},"end":{"line":121,"column":null}},"type":"if","locations":[{"start":{"line":117,"column":10},"end":{"line":121,"column":null}},{"start":{},"end":{}}],"line":117},"23":{"loc":{"start":{"line":120,"column":45},"end":{"line":120,"column":81}},"type":"binary-expr","locations":[{"start":{"line":120,"column":45},"end":{"line":120,"column":76}},{"start":{"line":120,"column":76},"end":{"line":120,"column":81}}],"line":120},"24":{"loc":{"start":{"line":125,"column":10},"end":{"line":125,"column":null}},"type":"if","locations":[{"start":{"line":125,"column":10},"end":{"line":125,"column":null}},{"start":{},"end":{}}],"line":125},"25":{"loc":{"start":{"line":126,"column":10},"end":{"line":127,"column":null}},"type":"if","locations":[{"start":{"line":126,"column":10},"end":{"line":127,"column":null}},{"start":{"line":127,"column":15},"end":{"line":127,"column":null}}],"line":126},"26":{"loc":{"start":{"line":146,"column":10},"end":{"line":149,"column":null}},"type":"if","locations":[{"start":{"line":146,"column":10},"end":{"line":149,"column":null}},{"start":{},"end":{}}],"line":146},"27":{"loc":{"start":{"line":146,"column":14},"end":{"line":146,"column":45}},"type":"binary-expr","locations":[{"start":{"line":146,"column":14},"end":{"line":146,"column":29}},{"start":{"line":146,"column":29},"end":{"line":146,"column":45}}],"line":146},"28":{"loc":{"start":{"line":147,"column":28},"end":{"line":147,"column":102}},"type":"cond-expr","locations":[{"start":{"line":147,"column":52},"end":{"line":147,"column":75}},{"start":{"line":147,"column":78},"end":{"line":147,"column":102}}],"line":147},"29":{"loc":{"start":{"line":148,"column":12},"end":{"line":149,"column":null}},"type":"if","locations":[{"start":{"line":148,"column":12},"end":{"line":149,"column":null}},{"start":{},"end":{}}],"line":148},"30":{"loc":{"start":{"line":148,"column":16},"end":{"line":148,"column":91}},"type":"binary-expr","locations":[{"start":{"line":148,"column":16},"end":{"line":148,"column":50}},{"start":{"line":148,"column":50},"end":{"line":148,"column":91}}],"line":148},"31":{"loc":{"start":{"line":153,"column":32},"end":{"line":153,"column":null}},"type":"binary-expr","locations":[{"start":{"line":153,"column":32},"end":{"line":153,"column":47}},{"start":{"line":153,"column":47},"end":{"line":153,"column":null}}],"line":153},"32":{"loc":{"start":{"line":154,"column":10},"end":{"line":154,"column":null}},"type":"if","locations":[{"start":{"line":154,"column":10},"end":{"line":154,"column":null}},{"start":{},"end":{}}],"line":154},"33":{"loc":{"start":{"line":154,"column":14},"end":{"line":154,"column":70}},"type":"binary-expr","locations":[{"start":{"line":154,"column":14},"end":{"line":154,"column":52}},{"start":{"line":154,"column":52},"end":{"line":154,"column":70}}],"line":154},"34":{"loc":{"start":{"line":156,"column":40},"end":{"line":156,"column":65}},"type":"binary-expr","locations":[{"start":{"line":156,"column":40},"end":{"line":156,"column":57}},{"start":{"line":156,"column":57},"end":{"line":156,"column":65}}],"line":156},"35":{"loc":{"start":{"line":157,"column":28},"end":{"line":157,"column":51}},"type":"binary-expr","locations":[{"start":{"line":157,"column":28},"end":{"line":157,"column":46}},{"start":{"line":157,"column":46},"end":{"line":157,"column":51}}],"line":157},"36":{"loc":{"start":{"line":159,"column":41},"end":{"line":159,"column":71}},"type":"binary-expr","locations":[{"start":{"line":159,"column":41},"end":{"line":159,"column":61}},{"start":{"line":159,"column":61},"end":{"line":159,"column":71}}],"line":159},"37":{"loc":{"start":{"line":160,"column":34},"end":{"line":160,"column":63}},"type":"binary-expr","locations":[{"start":{"line":160,"column":34},"end":{"line":160,"column":58}},{"start":{"line":160,"column":58},"end":{"line":160,"column":63}}],"line":160},"38":{"loc":{"start":{"line":162,"column":10},"end":{"line":165,"column":null}},"type":"if","locations":[{"start":{"line":162,"column":10},"end":{"line":165,"column":null}},{"start":{},"end":{}}],"line":162},"39":{"loc":{"start":{"line":163,"column":12},"end":{"line":163,"column":null}},"type":"if","locations":[{"start":{"line":163,"column":12},"end":{"line":163,"column":null}},{"start":{},"end":{}}],"line":163},"40":{"loc":{"start":{"line":168,"column":10},"end":{"line":179,"column":null}},"type":"if","locations":[{"start":{"line":168,"column":10},"end":{"line":179,"column":null}},{"start":{"line":174,"column":22},"end":{"line":179,"column":null}}],"line":168},"41":{"loc":{"start":{"line":168,"column":14},"end":{"line":168,"column":75}},"type":"binary-expr","locations":[{"start":{"line":168,"column":14},"end":{"line":168,"column":46}},{"start":{"line":168,"column":46},"end":{"line":168,"column":75}}],"line":168},"42":{"loc":{"start":{"line":169,"column":12},"end":{"line":172,"column":null}},"type":"if","locations":[{"start":{"line":169,"column":12},"end":{"line":172,"column":null}},{"start":{"line":171,"column":19},"end":{"line":172,"column":null}}],"line":169},"43":{"loc":{"start":{"line":174,"column":22},"end":{"line":179,"column":null}},"type":"if","locations":[{"start":{"line":174,"
[...]
,"40":2,"41":2,"42":2,"43":0,"44":18,"45":1,"46":1,"47":1,"48":1,"49":1,"50":1,"51":1,"52":0,"53":18,"54":1,"55":1,"56":1,"57":1,"58":1,"59":1,"60":1,"61":0,"62":18,"63":0,"64":0,"65":0,"66":0,"67":0,"68":0,"69":0,"70":0,"71":0,"72":0,"73":0,"74":18,"75":14,"76":14,"77":1,"78":3,"79":13,"80":1,"81":3,"82":12,"83":1,"84":3,"85":14,"86":0,"87":0,"88":14,"89":1,"90":1,"91":3,"92":14,"93":21,"94":21,"95":21,"96":0,"97":0,"98":21,"99":10,"100":11,"101":11,"102":0,"103":14,"104":18,"105":18,"106":18,"107":18,"108":18,"109":0,"110":0,"111":0,"112":0,"113":0,"114":18},"f":{"0":15,"1":15,"2":18,"3":5,"4":5,"5":5,"6":5,"7":15,"8":0,"9":5,"10":4,"11":2,"12":2,"13":2,"14":1,"15":1,"16":1,"17":1,"18":0,"19":0,"20":14,"21":3,"22":3,"23":3,"24":0,"25":3,"26":21,"27":0,"28":0},"b":{"0":[15,0],"1":[15,0],"2":[15,0],"3":[15,15],"4":[15,15],"5":[15,15],"6":[15,15],"7":[15,15],"8":[15,10],"9":[15,0],"10":[0,15],"11":[15,10],"12":[15,15],"13":[4],"14":[2,0],"15":[2,0],"16":[0,0],"17":[0,0],"18":[0,0],"19":[1,13],"20":[1,12],"21":[1,11],"22":[0,14],"23":[0,0],"24":[1,13],"25":[3,3,2,0],"26":[21,0],"27":[21,0],"28":[0,21],"29":[21,0],"30":[10,11],"31":[0,10],"32":[11,0],"33":[0,11],"34":[0,0],"35":[0,0]},"meta":{"lastBranch":36,"lastFunction":29,"lastStatement":115,"seen":{"s:9:6:11:Infinity":0,"f:9:6:9:24":0,"s:10:39:10:Infinity":1,"s:11:2:11:Infinity":2,"b:11:9:11:20:11:20:11:Infinity":0,"s:14:6:16:Infinity":3,"f:14:6:14:23":1,"s:15:39:15:Infinity":4,"s:16:2:16:Infinity":5,"b:16:9:16:22:16:22:16:Infinity":1,"f:19:16:19:30":2,"s:20:10:20:28":6,"s:23:24:23:67":7,"s:24:20:24:58":8,"s:25:19:25:48":9,"s:28:16:30:4":10,"s:31:20:31:105":11,"s:32:23:32:85":12,"s:33:25:33:78":13,"s:34:23:34:53":14,"s:35:19:35:46":15,"s:36:22:36:57":16,"s:37:27:37:Infinity":17,"s:40:2:76:Infinity":18,"f:40:2:40:18":3,"s:41:4:41:Infinity":19,"s:43:10:45:Infinity":20,"f:43:65:43:68":4,"s:44:6:44:Infinity":21,"f:44:29:44:33":5,"s:44:40:44:47":22,"s:47:10:70:Infinity":23,"f:47:63:47:66":6,"s:48:42:64:Infinity":24,"f:48:52:48:56":7,"s:49:21:49:31":25,"s:50:8:63:Infinity":26,"b:52:20:52:40:52:40:52:Infinity":2,"b:53:32:53:47:53:47:53:61":3,"b:54:17:54:31:54:31:54:Infinity":4,"b:55:21:55:39:55:39:55:Infinity":5,"b:56:18:56:33:56:33:56:Infinity":6,"b:57:18:57:31:57:31:57:Infinity":7,"b:58:31:58:59:58:59:58:68":8,"b:59:14:59:25:59:25:59:Infinity":9,"b:60:38:60:101:60:104:60:Infinity":10,"b:61:26:61:49:61:49:61:Infinity":11,"b:62:19:62:35:62:35:62:Infinity":12,"s:65:6:65:Infinity":27,"s:66:6:66:Infinity":28,"f:67:8:67:18":8,"s:68:6:68:Infinity":29,"s:69:6:69:Infinity":30,"s:72:4:74:Infinity":31,"f:72:4:72:17":9,"s:73:6:73:Infinity":32,"s:74:6:74:Infinity":33,"s:79:8:80:Infinity":34,"f:79:8:79:21":10,"b:79:108:79:126":13,"s:80:4:80:Infinity":35,"s:82:8:82:73":36,"f:82:8:82:27":11,"s:82:27:82:73":37,"f:82:27:82:36":12,"s:82:45:82:73":38,"s:84:19:93:Infinity":39,"f:84:19:84:26":13,"s:85:4:93:Infinity":40,"s:86:12:86:59":41,"s:87:6:91:Infinity":42,"b:88:17:88:30:88:30:88:Infinity":14,"b:89:20:89:35:89:35:89:Infinity":15,"s:93:6:93:Infinity":43,"s:98:8:114:Infinity":44,"f:98:8:98:28":14,"s:99:4:114:Infinity":45,"f:102:6:102:18":15,"s:103:8:103:Infinity":46,"s:104:8:110:Infinity":47,"s:105:16:105:56":48,"s:106:10:106:Infinity":49,"s:107:10:107:Infinity":50,"s:108:10:108:Infinity":51,"s:110:10:110:Infinity":52,"s:117:8:133:Infinity":53,"f:117:8:117:29":16,"s:118:4:133:Infinity":54,"f:121:6:121:18":17,"s:122:8:122:Infinity":55,"s:123:8:129:Infinity":56,"s:124:16:124:56":57,"s:125:10:125:Infinity":58,"s:126:10:126:Infinity":59,"s:127:10:127:Infinity":60,"s:129:10:129:Infinity":61,"s:136:8:156:Infinity":62,"f:136:8:136:27":18,"s:137:30:137:Infinity":63,"s:138:19:138:Infinity":64,"b:138:39:138:53:138:53:138:Infinity":16,"s:139:18:139:Infinity":65,"b:139:38:139:54:139:54:139:Infinity":17,"s:141:4:156:Infinity":66,"f:144:6:144:18":19,"s:145:8:145:Infinity":67,"s:146:8:152:Infinity":68,"s:147:16:147:54":69,"s:148:10:148:Infinity":70,"s:149:10:149:Infinity":71,"b:149:45:149:60:149:60:149:72":18,"s:150:10:150:Infinity":72,"s:152:10:152:Infinity":73,"s:160:8:194:96":74,"f:160:29:160:43":20,"s:161:17:161:35":75,"b:163:4:165:Infinity:164:13:165:Infinity":19,"s:163:4:165:Infinity":76,"s:163:37:163:Infinity":77,"f:163:53:163:60":21,"s:163:65:163:89":78,"b:164:13:165:Infinity:165:13:165:Infinity":20,"s:164:13:165:Infinity":79,"s:164:39:164:Infinity":80,"f:164:55:164:62":22,"s:164:67:164:84":81,"b:165:13:165:Infinity:undefined:undefined:undefined:undefined":21,"s:165:13:165:Infinity":82,"s:165:40:165:Infinity":83,"f:165:56:165:63":23,"s:165:68:165:93":84,"b:167:4:168:Infinity:undefined:undefined:undefined:undefined":22,"s:167:4:168:Infinity":85,"s:168:6:168:Infinity":86,"f:168:22:168:29":24,"s:168:34:168:96":87,"b:168:34:168:45:168:45:168:96":23,"b:171:4:176:Infinity:undefined:undefined:undefined:undefined":24,"s:171:4:176:Infinity":88,"s:172:16:172:38":89,"s:173:6:176:Infinity":90,"f:173:22:173:29":25,"s:174:9:175:53":91,"b:174:9:174:23:174:23:174:59:175:9:175:20:175:20:175:53":25,"s:179:4:191:Infinity":92,"f:179:11:179:17":26,"s:180:17:180:Infinity":93,"b:180:17:180:36:180:36:180:Infinity":26,"s:181:17:181:Infinity":94,"b:181:17:181:36:181:36:181:Infinity":27,"b:183:6:185:Infinity:undefined:undefined:undefined:undefined":28,"s:183:6:185:Infinity":95,"b:183:10:183:38:183:38:183:64":29,"s:184:8:184:Infinity":96,"s:185:8:185:Infinity":97,"b:188:6:188:Infinity:undefined:undefined:undefined:undefined":30,"s:188:6:188:Infinity":98,"s:188:23:188:Infinity":99,"b:188:57:188:62:188:62:188:Infinity":31,"b:189:6:189:Infinity:undefined:undefined:undefined:undefined":32,"s:189:6:189:Infinity":100,"s:189:23:189:Infinity":101,"b:189:57:189:61:189:61:189:Infinity":33,"s:190:6:190:Infinity":102,"s:193:4:193:Infinity":103,"s:196:23:196:91":104,"s:197:23:197:59":105,"s:198:8:198:Infinity":106,"s:199:28:199:97":107,"s:201:8:206:Infinity":108,"f:201:8:201:23":27,"b:202:4:206:Infinity:204:11:206:Infinity":34,"s:202:4:206:Infinity":109,"s:203:6:203:Infinity":110,"f:203:6:203:24":28,"s:203:32:203:64":111,"b:203:49:203:58:203:58:203:64":35,"s:205:6:205:Infinity":112,"s:206:6:206:Infinity":113,"s:210:2:221:Infinity":114}}}
,"C:\\Users\\felin\\Desktop\\ibichossss\\iBichos\\ibichos-dashboard\\src\\pages\\Usuarios\\usuarios.tsx": {"path":"C:\\Users\\felin\\Desktop\\ibichossss\\iBichos\\ibichos-dashboard\\src\\pages\\Usuarios\\usuarios.tsx","statementMap":{"0":{"start":{"line":15,"column":41},"end":{"line":16,"column":19}},"1":{"start":{"line":19,"column":8},"end":{"line":22,"column":null}},"2":{"start":{"line":20,"column":19},"end":{"line":20,"column":null}},"3":{"start":{"line":21,"column":21},"end":{"line":21,"column":null}},"4":{"start":{"line":22,"column":4},"end":{"line":22,"column":null}},"5":{"start":{"line":25,"column":8},"end":{"line":27,"column":null}},"6":{"start":{"line":26,"column":4},"end":{"line":26,"column":null}},"7":{"start":{"line":26,"column":34},"end":{"line":26,"column":null}},"8":{"start":{"line":27,"column":4},"end":{"line":27,"column":null}},"9":{"start":{"line":30,"column":2},"end":{"line":39,"column":null}},"10":{"start":{"line":31,"column":4},"end":{"line":39,"column":null}},"11":{"start":{"line":43,"column":2},"end":{"line":271,"column":null}},"12":{"start":{"line":61,"column":12},"end":{"line":67,"column":null}},"13":{"start":{"line":64,"column":31},"end":{"line":64,"column":50}},"14":{"start":{"line":64,"column":50},"end":{"line":64,"column":null}},"15":{"start":{"line":77,"column":31},"end":{"line":77,"column":63}},"16":{"start":{"line":77,"column":63},"end":{"line":77,"column":null}},"17":{"start":{"line":95,"column":33},"end":{"line":95,"column":62}},"18":{"start":{"line":95,"column":62},"end":{"line":95,"column":null}},"19":{"start":{"line":107,"column":111},"end":{"line":107,"column":134}},"20":{"start":{"line":111,"column":104},"end":{"line":111,"column":121}},"21":{"start":{"line":122,"column":18},"end":{"line":201,"column":null}},"22":{"start":{"line":183,"column":41},"end":{"line":183,"column":128}},"23":{"start":{"line":193,"column":41},"end":{"line":193,"column":65}},"24":{"start":{"line":226,"column":31},"end":{"line":226,"column":71}},"25":{"start":{"line":226,"column":52},"end":{"line":226,"column":70}},"26":{"start":{"line":238,"column":31},"end":{"line":238,"column":82}},"27":{"start":{"line":238,"column":52},"end":{"line":238,"column":81}}},"fnMap":{"0":{"name":"Usuarios","decl":{"start":{"line":5,"column":24},"end":{"line":5,"column":35}},"loc":{"start":{"line":5,"column":35},"end":{"line":271,"column":null}},"line":5},"1":{"name":"(anonymous_1)","decl":{"start":{"line":19,"column":8},"end":{"line":19,"column":26}},"loc":{"start":{"line":19,"column":43},"end":{"line":22,"column":null}},"line":19},"2":{"name":"(anonymous_2)","decl":{"start":{"line":25,"column":8},"end":{"line":25,"column":23}},"loc":{"start":{"line":25,"column":43},"end":{"line":27,"column":null}},"line":25},"3":{"name":"(anonymous_3)","decl":{"start":{"line":60,"column":72},"end":{"line":60,"column":76}},"loc":{"start":{"line":61,"column":12},"end":{"line":67,"column":null}},"line":61},"4":{"name":"(anonymous_4)","decl":{"start":{"line":64,"column":14},"end":{"line":64,"column":29}},"loc":{"start":{"line":64,"column":29},"end":{"line":64,"column":null}},"line":64},"5":{"name":"(anonymous_5)","decl":{"start":{"line":77,"column":12},"end":{"line":77,"column":23}},"loc":{"start":{"line":77,"column":29},"end":{"line":77,"column":null}},"line":77},"6":{"name":"(anonymous_6)","decl":{"start":{"line":95,"column":14},"end":{"line":95,"column":25}},"loc":{"start":{"line":95,"column":31},"end":{"line":95,"column":null}},"line":95},"7":{"name":"(anonymous_7)","decl":{"start":{"line":107,"column":96},"end":{"line":107,"column":111}},"loc":{"start":{"line":107,"column":111},"end":{"line":107,"column":134}},"line":107},"8":{"name":"(anonymous_8)","decl":{"start":{"line":111,"column":89},"end":{"line":111,"column":104}},"loc":{"start":{"line":111,"column":104},"end":{"line":111,"column":121}},"line":111},"9":{"name":"(anonymous_9)","decl":{"start":{"line":121,"column":34},"end":{"line":121,"column":39}},"loc":{"start":{"line":122,"column":18},"end":{"line":201,"column":null}},"line":122},"10":{"name":"(anonymous_10)","decl":{"start":{"line":183,"column":26},"end":{"line":183,"column":41}},"loc":{"start":{"line":183,"column":41},"end":{"line":183,"column":128}},"line":183},"11":{"name":"(anonymous_11)","decl":{"start":{"line":193,"column":26},"end":{"line":193,"column":41}},"loc":{"start":{"line":193,"column":41},"end":{"line":193,"column":65}},"line":193},"12":{"name":"(anonymous_12)","decl":{"start":{"line":226,"column":16},"end":{"line":226,"column":31}},"loc":{"start":{"line":226,"column":31},"end":{"line":226,"column":71}},"line":226},"13":{"name":"(anonymous_13)","decl":{"start":{"line":226,"column":31},"end":{"line":226,"column":47}},"loc":{"start":{"line":226,"column":52},"end":{"line":226,"column":70}},"line":226},"14":{"name":"(anonymous_14)","decl":{"start":{"line":238,"column":16},"end":{"line":238,"column":31}},"loc":{"start":{"line":238,"column":31},"end":{"line":238,"column":82}},"line":238},"15":{"name":"(anonymous_15)","decl":{"start":{"line":238,"column":31},"end":{"line":238,"column":47}},"loc":{"start":{"line":238,"column":52},"end":{"line":238,"column":81}},"line":238}},"branchMap":{"0":{"loc":{"start":{"line":21,"column":21},"end":{"line":21,"column":null}},"type":"cond-expr","locations":[{"start":{"line":21,"column":28},"end":{"line":21,"column":46}},{"start":{"line":21,"column":49},"end":{"line":21,"column":null}}],"line":21},"1":{"loc":{"start":{"line":26,"column":4},"end":{"line":26,"column":null}},"type":"if","locations":[{"start":{"line":26,"column":4},"end":{"line":26,"column":null}},{"start":{},"end":{}}],"line":26},"2":{"loc":{"start":{"line":27,"column":11},"end":{"line":27,"column":null}},"type":"cond-expr","locations":[{"start":{"line":27,"column":38},"end":{"line":27,"column":82}},{"start":{"line":27,"column":81},"end":{"line":27,"column":null}}],"line":27},"3":{"loc":{"start":{"line":30,"column":2},"end":{"line":39,"column":null}},"type":"if","locations":[{"start":{"line":30,"column":2},"end":{"line":39,"column":null}},{"start":{},"end":{}}],"line":30},"4":{"loc":{"start":{"line":63,"column":68},"end":{"line":63,"column":null}},"type":"cond-expr","locations":[{"start":{"line":63,"column":88},"end":{"line":63,"column":109}},{"start":{"line":63,"column":109},"end":{"line":63,"column":null}}],"line":63},"5":{"loc":{"start":{"line":120,"column":15},"end":{"line":212,"column":null}},"type":"cond-expr","locations":[{"start":{"line":121,"column":16},"end":{"line":201,"column":null}},{"start":{"line":204,"column":16},"end":{"line":212,"column":null}}],"line":120},"6":{"loc":{"start":{"line":133,"column":29},"end":{"line":134,"column":null}},"type":"binary-expr","locations":[{"start":{"line":133,"column":29},"end":{"line":133,"column":59}},{"start":{"line":134,"column":30},"end":{"line":134,"column":null}}],"line":133},"7":{"loc":{"start":{"line":138,"column":43},"end":{"line":138,"column":null}},"type":"binary-expr","locations":[{"start":{"line":138,"column":43},"end":{"line":138,"column":64}},{"start":{"line":138,"column":64},"end":{"line":138,"column":null}}],"line":138},"8":{"loc":{"start":{"line":168,"column":50},"end":{"line":168,"column":102}},"type":"cond-expr","locations":[{"start":{"line":168,"column":75},"end":{"line":168,"column":89}},{"start":{"line":168,"column":89},"end":{"line":168,"column":102}}],"line":168},"9":{"loc":{"start":{"line":169,"column":27},"end":{"line":169,"column":null}},"type":"cond-expr","locations":[{"start":{"line":169,"column":52},"end":{"line":169,"column":71}},{"start":{"line":169,"column":71},"end":{"line":169,"column":null}}],"line":169},"10":{"loc":{"start":{"line":172,"column":27},"end":{"line":172,"column":48}},"type":"binary-expr","locations":[{"start":{"line":172,"column":27},"end":{"line":172,"column":46}},{"start":{"line":172,"column":46},"end":{"line":172,"column":48}}],"line":172},"11":{"loc":{"start":{"line":181,"column":51},"end":{"line":181,"column":null}},"type":"cond-expr","locations":[{"start":{"line":181,"column":84},"end":{"line":181,"column":107}},{"start":{"line":181,"column":107},"end":{"line":181,"column":null}}],"line":181},"12":{"loc":{"start":{"line":182,"column":33},"end":{"line":182,"column":null}},"type":"cond-expr","locations":[{"start":{"line":182,"column":66},"end":{"line":182,"column":91}},{"start":{"line":182,"column":91},"end":{"line":182,"column":null}}],"line":182},"13":{"loc":{"start":{"line":183,"column":41},"end":{"line":183,"column":128}},"type":"cond-expr","locations":[{"start":{"line":183,"column":74},"end":{"line":183,"column":100}},{"start":{"line":183,"column":103},"end":{"line":183,"column":128}}],"line":183},"14":{"loc":{"start":{"line":186,"column":46},"end":{"line":186,"column":117}},"type":"cond-expr","locations":[{"start":{"line":186,"column":79},"end":{"line":186,"column":99}},{"start":{"line":186,"column":99},"end":{"line":186,"column":117}}],"line":186},"15":{"loc":{"start":{"line":187,"column":27},"end":{"line":187,"column":null}},"type":"cond-expr","locations":[{"start":{"line":187,"column":60},"end":{"line":187,"column":72}},{"start":{"line":187,"column":72},"end":{"line":187,"column":null}}],"line":187},"16":{"loc":{"start":{"line":191,"column":51},"end":{"line":191,"column":null}},"type":"cond-expr","locations":[{"start":{"line":191,"column":76},"end":{"line":191,"column":92}},{"start":{"line":191,"column":92},"end":{"line":191,"column":null}}],"line":191},"17":{"loc":{"start":{"line":192,"column":33},"end":{"line":192,"column":null}},"type":"cond-expr","locations":[{"start":{"line":192,"column":58},"end":{"line":192,"column":81}},{"start":{"line":192,"column":81},"end":{"line":192,"column":null}}],"line":192},"18":{"loc":{"start":{"line":196,"column":46},"end":{"line":196,"column":103}},"type":"cond-expr","locations":[{"start":{"line":196,"column":71},"end":{"line":196,"column":85}},{"start":{"line":196,"column":85},"end":{"line":196,"column":103}}],"line":196},"19":{"loc":{"start":{"line":197,"column":27},"end":{"line":197,"column":null}},"type":"cond-expr","locations":[{"start":{"line":197,"column":52},"end":{"line":197,"column":66}},{"start":{"line":197,"column":66},"end":{"line":197,"column":null}}],"line":197},"20":{"loc":{"start":{"line":217,"column":9},"end":{"line":241,"column":null}},"type":"binary-expr","locations":[{"start":{"line":217,"column":9},"end":{"line":217,"column":null}},{"start":{"line":218,"column":10},"end":{"line":241,"column":null}}],"line":217},"21":{"loc":{"start":{"line":248,"column":7},"end":{"line":271,"column":null}},"type":"binary-expr","locations":[{"start":{"line":248,"column":7},"end":{"line":248,"column":null}},{"start":{"line":249,"column":8},"end":{"line":271,"column":null}}],"line":248},"22":{"loc":{"start":{"line":261,"column":19},"end":{"line":261,"column":null}},"type":"cond-expr","locations":[{"start":{"line":261,"column":37},"end":{"line":261,"column":50}},{"start":{"line":261,"column":50},"end":{"line":261,"column":null}}],"line":261},"23":{"loc":{"start":{"line":263,"column":17},"end":{"line":266,"column":null}},"type":"binary-expr","locations":[{"start":{"line":263,"column":17},"end":{"line":263,"column":null}},{"start":{"line":264,"column":18},"end":{"line":266,"column":null}}],"line":263}},"s":{"0":7,"1":7,"2":10,"3":10,"4":10,"5":7,"6":12,"7":6,"8":6,"9":7,"10":1,"11":6,"12":24,"13":1,"14":1,"15":0,"16":0,"17":4,"18":4,"19":0,"20":0,"21":10,"22":0,"23":1,"24":0,"25":0,"26":0,"27":0},"f":{"0":7,"1":10,"2":12,"3":24,"4":1,"5":0,"6":4,"7":0,"8":0,"9":10,"10":0,"11":1,"12":0,"13":0,"14":0,"15":0},"b":{"0":[10,0],"1":[6,6],"2":[0,6],"3":[1,6],"4":[6,18],"5":[5,1],"6":[10,5],"7":[10,0],"8":[0,10],"9":[0,10],"10":[10,5],"11":[5,5],"12":[5,5],"13":[0,0],"14":[5,5],"15":[5,5],"16":[0,10],"17":[0,10],"18":[0,10],"19":[0,10],"20":[7,0],"21":[7,1],"22":[1,0],"23":[1,1]},"meta":{"lastBranch":24,"lastFunction":16,"lastStatement":28,"seen":{"f:5:24:5:35":0,"s:15:41:16:19":0,"s:19:8:22:Infinity":1,"f:19:8:19:26":1,"s:20:19:20:Infinity":2,"s:21:21:21:Infinity":3,"b:21:28:21:46:21:49:21:Infinity":0,"s:22:4:22:Infinity":4,"s:25:8:27:Infinity":5,"f:25:8:25:23":2,"b:26:4:26:Infinity:undefined:undefined:undefined:undefined":1,"s:26:4:26:Infinity":6,"s:26:34:26:Infinity":7,"s:27:4:27:Infinity":8,"b:27:38:27:82:27:81:27:Infinity":2,"b:30:2:39:Infinity:undefined:undefined:undefined:undefined":3,"s:30:2:39:Infinity":9,"s:31:4:39:Infinity":10,"s:43:2:271:Infinity":11,"f:60:72:60:76":3,"s:61:12:67:Infinity":12,"b:63:88:63:109:63:109:63:Infinity":4,"f:64:14:64:29":4,"s:64:31:64:50":13,"s:64:50:64:Infinity":14,"f:77:12:77:23":5,"s:77:31:77:63":15,"s:77:63:77:Infinity":16,"f:95:14:95:25":6,"s:95:33:95:62":17,"s:95:62:95:Infinity":18,"f:107:96:107:111":7,"s:107:111:107:134":19,"f:111:89:111:104":8,"s:111:104:111:121":20,"b:121:16:201:Infinity:204:16:212:Infinity":5,"f:121:34:121:39":9,"s:122:18:201:Infinity":21,"b:133:29:133:59:134:30:134:Infinity":6,"b:138:43:138:64:138:64:138:Infinity":7,"b:168:75:168:89:168:89:168:102":8,"b:169:52:169:71:169:71:169:Infinity":9,"b:172:27:172:46:172:46:172:48":10,"b:181:84:181:107:181:107:181:Infinity":11,"b:182:66:182:91:182:91:182:Infinity":12,"f:183:26:183:41":10,"s:183:41:183:128":22,"b:183:74:183:100:183:103:183:128":13,"b:186:79:186:99:186:99:186:117":14,"b:187:60:187:72:187:72:187:Infinity":15,"b:191:76:191:92:191:92:191:Infinity":16,"b:192:58:192:81:192:81:192:Infinity":17,"f:193:26:193:41":11,"s:193:41:193:65":23,"b:196:71:196:85:196:85:196:103":18,"b:197:52:197:66:197:66:197:Infinity":19,"b:217:9:217:Infinity:218:10:241:Infinity":20,"f:226:16:226:31":12,"s:226:31:226:71":24,"f:226:31:226:47":13,"s:226:52:226:70":25,"f:238:16:238:31":14,"s:238:31:238:82":26,"f:238:31:238:47":15,"s:238:52:238:81":27,"b:248:7:248:Infinity:249:8:271:Infinity":21,"b:261:37:261:50:261:50:261:Infinity":22,"b:263:17:263:Infinity:264:18:266:Infinity":23}}}
}
