{"C:\\Users\\felin\\Desktop\\ibichossss\\iBichos\\ibichos-dashboard\\src\\pages\\Analitica\\analitica.tsx": {"path":"C:\\Users\\felin\\Desktop\\ibichossss\\iBichos\\ibichos-dashboard\\src\\pages\\Analitica\\analitica.tsx","statementMap":{"0":{"start":{"line":12,"column":15},"end":{"line":12,"column":null}},"1":{"start":{"line":13,"column":22},"end":{"line":13,"column":null}},"2":{"start":{"line":16,"column":8},"end":{"line":16,"column":32}},"3":{"start":{"line":25,"column":21},"end":{"line":26,"column":20}},"4":{"start":{"line":28,"column":2},"end":{"line":34,"column":null}},"5":{"start":{"line":29,"column":4},"end":{"line":34,"column":null}},"6":{"start":{"line":38,"column":2},"end":{"line":806,"column":null}},"7":{"start":{"line":47,"column":31},"end":{"line":47,"column":56}},"8":{"start":{"line":70,"column":157},"end":{"line":70,"column":182}},"9":{"start":{"line":75,"column":161},"end":{"line":75,"column":190}},"10":{"start":{"line":80,"column":158},"end":{"line":80,"column":184}},"11":{"start":{"line":85,"column":158},"end":{"line":85,"column":184}},"12":{"start":{"line":97,"column":114},"end":{"line":97,"column":135}},"13":{"start":{"line":172,"column":99},"end":{"line":172,"column":108}},"14":{"start":{"line":338,"column":52},"end":{"line":338,"column":null}},"15":{"start":{"line":342,"column":32},"end":{"line":342,"column":null}},"16":{"start":{"line":367,"column":141},"end":{"line":367,"column":162}},"17":{"start":{"line":406,"column":30},"end":{"line":406,"column":null}},"18":{"start":{"line":436,"column":30},"end":{"line":436,"column":null}},"19":{"start":{"line":474,"column":43},"end":{"line":474,"column":76}},"20":{"start":{"line":478,"column":28},"end":{"line":478,"column":null}},"21":{"start":{"line":507,"column":32},"end":{"line":507,"column":null}},"22":{"start":{"line":540,"column":32},"end":{"line":540,"column":null}},"23":{"start":{"line":557,"column":95},"end":{"line":557,"column":117}},"24":{"start":{"line":571,"column":123},"end":{"line":571,"column":144}},"25":{"start":{"line":607,"column":40},"end":{"line":607,"column":null}},"26":{"start":{"line":607,"column":65},"end":{"line":607,"column":88}},"27":{"start":{"line":608,"column":43},"end":{"line":608,"column":null}},"28":{"start":{"line":608,"column":68},"end":{"line":608,"column":97}},"29":{"start":{"line":609,"column":46},"end":{"line":609,"column":null}},"30":{"start":{"line":609,"column":71},"end":{"line":609,"column":103}},"31":{"start":{"line":610,"column":46},"end":{"line":610,"column":null}},"32":{"start":{"line":611,"column":41},"end":{"line":611,"column":null}},"33":{"start":{"line":611,"column":66},"end":{"line":611,"column":90}},"34":{"start":{"line":612,"column":48},"end":{"line":612,"column":null}},"35":{"start":{"line":614,"column":45},"end":{"line":614,"column":null}},"36":{"start":{"line":615,"column":46},"end":{"line":615,"column":null}},"37":{"start":{"line":616,"column":46},"end":{"line":616,"column":null}},"38":{"start":{"line":618,"column":22},"end":{"line":707,"column":null}},"39":{"start":{"line":740,"column":50},"end":{"line":740,"column":null}},"40":{"start":{"line":763,"column":50},"end":{"line":763,"column":null}},"41":{"start":{"line":767,"column":30},"end":{"line":767,"column":null}},"42":{"start":{"line":783,"column":99},"end":{"line":783,"column":125}},"43":{"start":{"line":784,"column":82},"end":{"line":784,"column":101}},"44":{"start":{"line":791,"column":97},"end":{"line":791,"column":134}},"45":{"start":{"line":801,"column":117},"end":{"line":801,"column":143}}},"fnMap":{"0":{"name":"Analitica","decl":{"start":{"line":15,"column":24},"end":{"line":15,"column":36}},"loc":{"start":{"line":15,"column":36},"end":{"line":806,"column":null}},"line":15},"1":{"name":"(anonymous_1)","decl":{"start":{"line":47,"column":16},"end":{"line":47,"column":31}},"loc":{"start":{"line":47,"column":31},"end":{"line":47,"column":56}},"line":47},"2":{"name":"(anonymous_2)","decl":{"start":{"line":70,"column":142},"end":{"line":70,"column":157}},"loc":{"start":{"line":70,"column":157},"end":{"line":70,"column":182}},"line":70},"3":{"name":"(anonymous_3)","decl":{"start":{"line":75,"column":146},"end":{"line":75,"column":161}},"loc":{"start":{"line":75,"column":161},"end":{"line":75,"column":190}},"line":75},"4":{"name":"(anonymous_4)","decl":{"start":{"line":80,"column":143},"end":{"line":80,"column":158}},"loc":{"start":{"line":80,"column":158},"end":{"line":80,"column":184}},"line":80},"5":{"name":"(anonymous_5)","decl":{"start":{"line":85,"column":143},"end":{"line":85,"column":158}},"loc":{"start":{"line":85,"column":158},"end":{"line":85,"column":184}},"line":85},"6":{"name":"(anonymous_6)","decl":{"start":{"line":97,"column":99},"end":{"line":97,"column":114}},"loc":{"start":{"line":97,"column":114},"end":{"line":97,"column":135}},"line":97},"7":{"name":"(anonymous_7)","decl":{"start":{"line":172,"column":76},"end":{"line":172,"column":88}},"loc":{"start":{"line":172,"column":99},"end":{"line":172,"column":108}},"line":172},"8":{"name":"(anonymous_8)","decl":{"start":{"line":338,"column":30},"end":{"line":338,"column":42}},"loc":{"start":{"line":338,"column":52},"end":{"line":338,"column":null}},"line":338},"9":{"name":"(anonymous_9)","decl":{"start":{"line":341,"column":42},"end":{"line":341,"column":47}},"loc":{"start":{"line":342,"column":32},"end":{"line":342,"column":null}},"line":342},"10":{"name":"(anonymous_10)","decl":{"start":{"line":367,"column":126},"end":{"line":367,"column":141}},"loc":{"start":{"line":367,"column":141},"end":{"line":367,"column":162}},"line":367},"11":{"name":"(anonymous_11)","decl":{"start":{"line":405,"column":40},"end":{"line":405,"column":45}},"loc":{"start":{"line":406,"column":30},"end":{"line":406,"column":null}},"line":406},"12":{"name":"(anonymous_12)","decl":{"start":{"line":435,"column":42},"end":{"line":435,"column":47}},"loc":{"start":{"line":436,"column":30},"end":{"line":436,"column":null}},"line":436},"13":{"name":"(anonymous_13)","decl":{"start":{"line":474,"column":26},"end":{"line":474,"column":37}},"loc":{"start":{"line":474,"column":43},"end":{"line":474,"column":76}},"line":474},"14":{"name":"(anonymous_14)","decl":{"start":{"line":477,"column":39},"end":{"line":477,"column":43}},"loc":{"start":{"line":478,"column":28},"end":{"line":478,"column":null}},"line":478},"15":{"name":"(anonymous_15)","decl":{"start":{"line":506,"column":41},"end":{"line":506,"column":46}},"loc":{"start":{"line":507,"column":32},"end":{"line":507,"column":null}},"line":507},"16":{"name":"(anonymous_16)","decl":{"start":{"line":539,"column":39},"end":{"line":539,"column":44}},"loc":{"start":{"line":540,"column":32},"end":{"line":540,"column":null}},"line":540},"17":{"name":"(anonymous_17)","decl":{"start":{"line":557,"column":80},"end":{"line":557,"column":95}},"loc":{"start":{"line":557,"column":95},"end":{"line":557,"column":117}},"line":557},"18":{"name":"(anonymous_18)","decl":{"start":{"line":571,"column":108},"end":{"line":571,"column":123}},"loc":{"start":{"line":571,"column":123},"end":{"line":571,"column":144}},"line":571},"19":{"name":"(anonymous_19)","decl":{"start":{"line":606,"column":28},"end":{"line":606,"column":null}},"loc":{"start":{"line":606,"column":28},"end":{"line":710,"column":null}},"line":606},"20":{"name":"(anonymous_20)","decl":{"start":{"line":607,"column":55},"end":{"line":607,"column":60}},"loc":{"start":{"line":607,"column":65},"end":{"line":607,"column":88}},"line":607},"21":{"name":"(anonymous_21)","decl":{"start":{"line":608,"column":58},"end":{"line":608,"column":63}},"loc":{"start":{"line":608,"column":68},"end":{"line":608,"column":97}},"line":608},"22":{"name":"(anonymous_22)","decl":{"start":{"line":609,"column":61},"end":{"line":609,"column":66}},"loc":{"start":{"line":609,"column":71},"end":{"line":609,"column":103}},"line":609},"23":{"name":"(anonymous_23)","decl":{"start":{"line":611,"column":56},"end":{"line":611,"column":61}},"loc":{"start":{"line":611,"column":66},"end":{"line":611,"column":90}},"line":611},"24":{"name":"(anonymous_24)","decl":{"start":{"line":740,"column":28},"end":{"line":740,"column":40}},"loc":{"start":{"line":740,"column":50},"end":{"line":740,"column":null}},"line":740},"25":{"name":"(anonymous_25)","decl":{"start":{"line":763,"column":28},"end":{"line":763,"column":40}},"loc":{"start":{"line":763,"column":50},"end":{"line":763,"column":null}},"line":763},"26":{"name":"(anonymous_26)","decl":{"start":{"line":766,"column":46},"end":{"line":766,"column":51}},"loc":{"start":{"line":767,"column":30},"end":{"line":767,"column":null}},"line":767},"27":{"name":"(anonymous_27)","decl":{"start":{"line":783,"column":84},"end":{"line":783,"column":99}},"loc":{"start":{"line":783,"column":99},"end":{"line":783,"column":125}},"line":783},"28":{"name":"(anonymous_28)","decl":{"start":{"line":784,"column":68},"end":{"line":784,"column":77}},"loc":{"start":{"line":784,"column":82},"end":{"line":784,"column":101}},"line":784},"29":{"name":"(anonymous_29)","decl":{"start":{"line":791,"column":82},"end":{"line":791,"column":97}},"loc":{"start":{"line":791,"column":97},"end":{"line":791,"column":134}},"line":791},"30":{"name":"(anonymous_30)","decl":{"start":{"line":801,"column":102},"end":{"line":801,"column":117}},"loc":{"start":{"line":801,"column":117},"end":{"line":801,"column":143}},"line":801}},"branchMap":{"0":{"loc":{"start":{"line":28,"column":2},"end":{"line":34,"column":null}},"type":"if","locations":[{"start":{"line":28,"column":2},"end":{"line":34,"column":null}},{"start":{},"end":{}}],"line":28},"1":{"loc":{"start":{"line":70,"column":51},"end":{"line":70,"column":142}},"type":"cond-expr","locations":[{"start":{"line":70,"column":79},"end":{"line":70,"column":108}},{"start":{"line":70,"column":108},"end":{"line":70,"column":142}}],"line":70},"2":{"loc":{"start":{"line":75,"column":51},"end":{"line":75,"column":146}},"type":"cond-expr","locations":[{"start":{"line":75,"column":83},"end":{"line":75,"column":112}},{"start":{"line":75,"column":112},"end":{"line":75,"column":146}}],"line":75},"3":{"loc":{"start":{"line":80,"column":51},"end":{"line":80,"column":143}},"type":"cond-expr","locations":[{"start":{"line":80,"column":80},"end":{"line":80,"column":109}},{"start":{"line":80,"column":109},"end":{"line":80,"column":143}}],"line":80},"4":{"loc":{"start":{"line":85,"column":51},"end":{"line":85,"column":143}},"type":"cond-expr","locations":[{"start":{"line":85,"column":80},"end":{"line":85,"column":109}},{"start":{"line":85,"column":109},"end":{"line":85,"column":143}}],"line":85},"5":{"loc":{"start":{"line":92,"column":11},"end":{"line":356,"column":null}},"type":"binary-expr","locations":[{"start":{"line":92,"column":11},"end":{"line":92,"column":null}},{"start":{"line":93,"column":12},"end":{"line":356,"column":null}}],"line":92},"6":{"loc":{"start":{"line":329,"column":23},"end":{"line":351,"column":null}},"type":"cond-expr","locations":[{"start":{"line":330,"column":24},"end":{"line":349,"column":26}},{"start":{"line":349,"column":25},"end":{"line":351,"column":null}}],"line":329},"7":{"loc":{"start":{"line":361,"column":11},"end":{"line":445,"column":null}},"type":"binary-expr","locations":[{"start":{"line":361,"column":11},"end":{"line":361,"column":null}},{"start":{"line":362,"column":12},"end":{"line":445,"column":null}}],"line":361},"8":{"loc":{"start":{"line":406,"column":65},"end":{"line":406,"column":135}},"type":"binary-expr","locations":[{"start":{"line":406,"column":65},"end":{"line":406,"column":102}},{"start":{"line":406,"column":102},"end":{"line":406,"column":135}}],"line":406},"9":{"loc":{"start":{"line":451,"column":11},"end":{"line":560,"column":null}},"type":"binary-expr","locations":[{"start":{"line":451,"column":11},"end":{"line":451,"column":null}},{"start":{"line":452,"column":12},"end":{"line":560,"column":null}}],"line":451},"10":{"loc":{"start":{"line":495,"column":23},"end":{"line":514,"column":null}},"type":"cond-expr","locations":[{"start":{"line":496,"column":24},"end":{"line":514,"column":25}},{"start":{"line":514,"column":24},"end":{"line":514,"column":null}}],"line":495},"11":{"loc":{"start":{"line":527,"column":23},"end":{"line":547,"column":null}},"type":"cond-expr","locations":[{"start":{"line":528,"column":24},"end":{"line":547,"column":25}},{"start":{"line":547,"column":24},"end":{"line":547,"column":null}}],"line":527},"12":{"loc":{"start":{"line":565,"column":11},"end":{"line":774,"column":null}},"type":"binary-expr","locations":[{"start":{"line":565,"column":11},"end":{"line":565,"column":null}},{"start":{"line":566,"column":12},"end":{"line":774,"column":null}}],"line":565},"13":{"loc":{"start":{"line":607,"column":40},"end":{"line":607,"column":null}},"type":"binary-expr","locations":[{"start":{"line":607,"column":40},"end":{"line":607,"column":99}},{"start":{"line":607,"column":99},"end":{"line":607,"column":null}}],"line":607},"14":{"loc":{"start":{"line":608,"column":43},"end":{"line":608,"column":null}},"type":"binary-expr","locations":[{"start":{"line":608,"column":43},"end":{"line":608,"column":108}},{"start":{"line":608,"column":108},"end":{"line":608,"column":null}}],"line":608},"15":{"loc":{"start":{"line":609,"column":46},"end":{"line":609,"column":null}},"type":"binary-expr","locations":[{"start":{"line":609,"column":46},"end":{"line":609,"column":114}},{"start":{"line":609,"column":114},"end":{"line":609,"column":null}}],"line":609},"16":{"loc":{"start":{"line":611,"column":41},"end":{"line":611,"column":null}},"type":"binary-expr","locations":[{"start":{"line":611,"column":41},"end":{"line":611,"column":101}},{"start":{"line":611,"column":101},"end":{"line":611,"column":null}}],"line":611},"17":{"loc":{"start":{"line":614,"column":45},"end":{"line":614,"column":null}},"type":"cond-expr","locations":[{"start":{"line":614,"column":65},"end":{"line":614,"column":119}},{"start":{"line":614,"column":122},"end":{"line":614,"column":null}}],"line":614},"18":{"loc":{"start":{"line":615,"column":46},"end":{"line":615,"column":null}},"type":"cond-expr","locations":[{"start":{"line":615,"column":66},"end":{"line":615,"column":126}},{"start":{"line":615,"column":129},"end":{"line":615,"column":null}}],"line":615},"19":{"loc":{"start":{"line":616,"column":46},"end":{"line":616,"column":null}},"type":"cond-expr","locations":[{"start":{"line":616,"column":66},"end":{"line":616,"column":121}},{"start":{"line":616,"column":124},"end":{"line":616,"column":null}}],"line":616},"20":{"loc":{"start":{"line":780,"column":11},"end":{"line":806,"column":null}},"type":"binary-expr","locations":[{"start":{"line":780,"column":11},"end":{"line":780,"column":null}},{"start":{"line":781,"column":12},"end":{"line":806,"column":null}}],"line":780}},"s":{"0":1,"1":1,"2":7,"3":7,"4":7,"5":1,"6":6,"7":1,"8":0,"9":0,"10":0,"11":0,"12":0,"13":0,"14":0,"15":2,"16":0,"17":1,"18":1,"19":0,"20":4,"21":1,"22":1,"23":0,"24":0,"25":1,"26":1,"27":1,"28":2,"29":1,"30":3,"31":1,"32":1,"33":4,"34":1,"35":1,"36":1,"37":1,"38":1,"39":0,"40":0,"41":1,"42":0,"43":1,"44":0,"45":1},"f":{"0":7,"1":1,"2":0,"3":0,"4":0,"5":0,"6":0,"7":0,"8":0,"9":2,"10":0,"11":1,"12":1,"13":0,"14":4,"15":1,"16":1,"17":0,"18":0,"19":1,"20":1,"21":2,"22":3,"23":4,"24":0,"25":0,"26":1,"27":0,"28":1,"29":0,"30":1},"b":{"0":[1,6],"1":[2,4],"2":[1,5],"3":[2,4],"4":[1,5],"5":[7,2],"6":[2,0],"7":[7,1],"8":[1,0],"9":[7,2],"10":[1,1],"11":[1,1],"12":[7,1],"13":[1,0],"14":[1,0],"15":[1,0],"16":[1,0],"17":[1,0],"18":[1,0],"19":[1,0],"20":[7,1]},"meta":{"lastBranch":21,"lastFunction":31,"lastStatement":46,"seen":{"s:12:15:12:Infinity":0,"s:13:22:13:Infinity":1,"f:15:24:15:36":0,"s:16:8:16:32":2,"s:25:21:26:20":3,"b:28:2:34:Infinity:undefined:undefined:undefined:undefined":0,"s:28:2:34:Infinity":4,"s:29:4:34:Infinity":5,"s:38:2:806:Infinity":6,"f:47:16:47:31":1,"s:47:31:47:56":7,"b:70:79:70:108:70:108:70:142":1,"f:70:142:70:157":2,"s:70:157:70:182":8,"b:75:83:75:112:75:112:75:146":2,"f:75:146:75:161":3,"s:75:161:75:190":9,"b:80:80:80:109:80:109:80:143":3,"f:80:143:80:158":4,"s:80:158:80:184":10,"b:85:80:85:109:85:109:85:143":4,"f:85:143:85:158":5,"s:85:158:85:184":11,"b:92:11:92:Infinity:93:12:356:Infinity":5,"f:97:99:97:114":6,"s:97:114:97:135":12,"f:172:76:172:88":7,"s:172:99:172:108":13,"b:330:24:349:26:349:25:351:Infinity":6,"f:338:30:338:42":8,"s:338:52:338:Infinity":14,"f:341:42:341:47":9,"s:342:32:342:Infinity":15,"b:361:11:361:Infinity:362:12:445:Infinity":7,"f:367:126:367:141":10,"s:367:141:367:162":16,"f:405:40:405:45":11,"s:406:30:406:Infinity":17,"b:406:65:406:102:406:102:406:135":8,"f:435:42:435:47":12,"s:436:30:436:Infinity":18,"b:451:11:451:Infinity:452:12:560:Infinity":9,"f:474:26:474:37":13,"s:474:43:474:76":19,"f:477:39:477:43":14,"s:478:28:478:Infinity":20,"b:496:24:514:25:514:24:514:Infinity":10,"f:506:41:506:46":15,"s:507:32:507:Infinity":21,"b:528:24:547:25:547:24:547:Infinity":11,"f:539:39:539:44":16,"s:540:32:540:Infinity":22,"f:557:80:557:95":17,"s:557:95:557:117":23,"b:565:11:565:Infinity:566:12:774:Infinity":12,"f:571:108:571:123":18,"s:571:123:571:144":24,"f:606:28:606:Infinity":19,"s:607:40:607:Infinity":25,"b:607:40:607:99:607:99:607:Infinity":13,"f:607:55:607:60":20,"s:607:65:607:88":26,"s:608:43:608:Infinity":27,"b:608:43:608:108:608:108:608:Infinity":14,"f:608:58:608:63":21,"s:608:68:608:97":28,"s:609:46:609:Infinity":29,"b:609:46:609:114:609:114:609:Infinity":15,"f:609:61:609:66":22,"s:609:71:609:103":30,"s:610:46:610:Infinity":31,"s:611:41:611:Infinity":32,"b:611:41:611:101:611:101:611:Infinity":16,"f:611:56:611:61":23,"s:611:66:611:90":33,"s:612:48:612:Infinity":34,"s:614:45:614:Infinity":35,"b:614:65:614:119:614:122:614:Infinity":17,"s:615:46:615:Infinity":36,"b:615:66:615:126:615:129:615:Infinity":18,"s:616:46:616:Infinity":37,"b:616:66:616:121:616:124:616:Infinity":19,"s:618:22:707:Infinity":38,"f:740:28:740:40":24,"s:740:50:740:Infinity":39,"f:763:28:763:40":25,"s:763:50:763:Infinity":40,"f:766:46:766:51":26,"s:767:30:767:Infinity":41,"b:780:11:780:Infinity:781:12:806:Infinity":20,"f:783:84:783:99":27,"s:783:99:783:125":42,"f:784:68:784:77":28,"s:784:82:784:101":43,"f:791:82:791:97":29,"s:791:97:791:134":44,"f:801:102:801:117":30,"s:801:117:801:143":45}}}
,"C:\\Users\\felin\\Desktop\\ibichossss\\iBichos\\ibichos-dashboard\\src\\pages\\Analitica\\useAnalitica.tsx": {"path":"C:\\Users\\felin\\Desktop\\ibichossss\\iBichos\\ibichos-dashboard\\src\\pages\\Analitica\\useAnalitica.tsx","statementMap":{"0":{"start":{"line":7,"column":6},"end":{"line":9,"column":null}},"1":{"start":{"line":8,"column":39},"end":{"line":8,"column":null}},"2":{"start":{"line":9,"column":2},"end":{"line":9,"column":null}},"3":{"start":{"line":12,"column":6},"end":{"line":14,"column":null}},"4":{"start":{"line":13,"column":39},"end":{"line":13,"column":null}},"5":{"start":{"line":14,"column":2},"end":{"line":14,"column":null}},"6":{"start":{"line":17,"column":6},"end":{"line":21,"column":null}},"7":{"start":{"line":18,"column":39},"end":{"line":20,"column":null}},"8":{"start":{"line":21,"column":2},"end":{"line":21,"column":null}},"9":{"start":{"line":24,"column":6},"end":{"line":26,"column":null}},"10":{"start":{"line":25,"column":39},"end":{"line":25,"column":null}},"11":{"start":{"line":26,"column":2},"end":{"line":26,"column":null}},"12":{"start":{"line":29,"column":6},"end":{"line":31,"column":null}},"13":{"start":{"line":30,"column":39},"end":{"line":30,"column":null}},"14":{"start":{"line":31,"column":2},"end":{"line":31,"column":null}},"15":{"start":{"line":34,"column":6},"end":{"line":53,"column":null}},"16":{"start":{"line":35,"column":2},"end":{"line":35,"column":null}},"17":{"start":{"line":35,"column":39},"end":{"line":35,"column":null}},"18":{"start":{"line":36,"column":2},"end":{"line":53,"column":null}},"19":{"start":{"line":37,"column":18},"end":{"line":37,"column":37}},"20":{"start":{"line":38,"column":4},"end":{"line":38,"column":null}},"21":{"start":{"line":38,"column":28},"end":{"line":38,"column":null}},"22":{"start":{"line":39,"column":16},"end":{"line":39,"column":38}},"23":{"start":{"line":40,"column":18},"end":{"line":40,"column":null}},"24":{"start":{"line":41,"column":17},"end":{"line":41,"column":39}},"25":{"start":{"line":42,"column":4},"end":{"line":42,"column":null}},"26":{"start":{"line":42,"column":51},"end":{"line":42,"column":null}},"27":{"start":{"line":43,"column":22},"end":{"line":43,"column":48}},"28":{"start":{"line":44,"column":4},"end":{"line":44,"column":null}},"29":{"start":{"line":44,"column":36},"end":{"line":44,"column":null}},"30":{"start":{"line":45,"column":18},"end":{"line":45,"column":28}},"31":{"start":{"line":46,"column":14},"end":{"line":46,"column":59}},"32":{"start":{"line":47,"column":14},"end":{"line":47,"column":53}},"33":{"start":{"line":48,"column":4},"end":{"line":49,"column":null}},"34":{"start":{"line":49,"column":6},"end":{"line":49,"column":null}},"35":{"start":{"line":51,"column":4},"end":{"line":51,"column":null}},"36":{"start":{"line":53,"column":4},"end":{"line":53,"column":null}},"37":{"start":{"line":57,"column":6},"end":{"line":63,"column":null}},"38":{"start":{"line":58,"column":2},"end":{"line":58,"column":null}},"39":{"start":{"line":58,"column":32},"end":{"line":58,"column":null}},"40":{"start":{"line":59,"column":2},"end":{"line":59,"column":null}},"41":{"start":{"line":59,"column":17},"end":{"line":59,"column":null}},"42":{"start":{"line":60,"column":2},"end":{"line":60,"column":null}},"43":{"start":{"line":60,"column":18},"end":{"line":60,"column":null}},"44":{"start":{"line":61,"column":2},"end":{"line":61,"column":null}},"45":{"start":{"line":61,"column":18},"end":{"line":61,"column":null}},"46":{"start":{"line":62,"column":2},"end":{"line":62,"column":null}},"47":{"start":{"line":62,"column":18},"end":{"line":62,"column":null}},"48":{"start":{"line":63,"column":2},"end":{"line":63,"column":null}},"49":{"start":{"line":67,"column":20},"end":{"line":67,"column":57}},"50":{"start":{"line":68,"column":18},"end":{"line":68,"column":46}},"51":{"start":{"line":69,"column":27},"end":{"line":69,"column":65}},"52":{"start":{"line":72,"column":16},"end":{"line":72,"column":126}},"53":{"start":{"line":73,"column":20},"end":{"line":73,"column":55}},"54":{"start":{"line":74,"column":23},"end":{"line":74,"column":61}},"55":{"start":{"line":75,"column":21},"end":{"line":75,"column":57}},"56":{"start":{"line":76,"column":23},"end":{"line":76,"column":61}},"57":{"start":{"line":77,"column":25},"end":{"line":77,"column":92}},"58":{"start":{"line":78,"column":26},"end":{"line":78,"column":87}},"59":{"start":{"line":79,"column":25},"end":{"line":79,"column":65}},"60":{"start":{"line":80,"column":24},"end":{"line":80,"column":63}},"61":{"start":{"line":81,"column":27},"end":{"line":81,"column":69}},"62":{"start":{"line":82,"column":21},"end":{"line":82,"column":57}},"63":{"start":{"line":83,"column":30},"end":{"line":83,"column":75}},"64":{"start":{"line":84,"column":30},"end":{"line":84,"column":75}},"65":{"start":{"line":85,"column":20},"end":{"line":85,"column":55}},"66":{"start":{"line":86,"column":21},"end":{"line":86,"column":57}},"67":{"start":{"line":87,"column":18},"end":{"line":87,"column":51}},"68":{"start":{"line":89,"column":19},"end":{"line":89,"column":53}},"69":{"start":{"line":90,"column":22},"end":{"line":90,"column":62}},"70":{"start":{"line":91,"column":25},"end":{"line":91,"column":63}},"71":{"start":{"line":94,"column":2},"end":{"line":347,"column":null}},"72":{"start":{"line":95,"column":22},"end":{"line":342,"column":null}},"73":{"start":{"line":96,"column":6},"end":{"line":342,"column":null}},"74":{"start":{"line":97,"column":8},"end":{"line":97,"column":null}},"75":{"start":{"line":99,"column":55},"end":{"line":99,"column":57}},"76":{"start":{"line":100,"column":55},"end":{"line":100,"column":57}},"77":{"start":{"line":101,"column":26},"end":{"line":101,"column":64}},"78":{"start":{"line":102,"column":25},"end":{"line":102,"column":null}},"79":{"start":{"line":103,"column":27},"end":{"line":103,"column":null}},"80":{"start":{"line":104,"column":32},"end":{"line":104,"column":null}},"81":{"start":{"line":105,"column":52},"end":{"line":105,"column":54}},"82":{"start":{"line":106,"column":53},"end":{"line":106,"column":55}},"83":{"start":{"line":107,"column":33},"end":{"line":107,"column":35}},"84":{"start":{"line":108,"column":27},"end":{"line":108,"column":44}},"85":{"start":{"line":110,"column":8},"end":{"line":128,"column":null}},"86":{"start":{"line":111,"column":10},"end":{"line":111,"column":null}},"87":{"start":{"line":112,"column":23},"end":{"line":112,"column":33}},"88":{"start":{"line":113,"column":24},"end":{"line":113,"column":75}},"89":{"start":{"line":114,"column":10},"end":{"line":114,"column":null}},"90":{"start":{"line":116,"column":29},"end":{"line":116,"column":60}},"91":{"start":{"line":117,"column":10},"end":{"line":121,"column":null}},"92":{"start":{"line":118,"column":12},"end":{"line":121,"column":null}},"93":{"start":{"line":119,"column":36},"end":{"line":119,"column":54}},"94":{"start":{"line":120,"column":14},"end":{"line":120,"column":null}},"95":{"start":{"line":124,"column":10},"end":{"line":124,"column":null}},"96":{"start":{"line":125,"column":10},"end":{"line":125,"column":null}},"97":{"start":{"line":125,"column":27},"end":{"line":125,"column":null}},"98":{"start":{"line":126,"column":10},"end":{"line":127,"column":null}},"99":{"start":{"line":126,"column":35},"end":{"line":126,"column":null}},"100":{"start":{"line":127,"column":15},"end":{"line":127,"column":null}},"101":{"start":{"line":130,"column":8},"end":{"line":130,"column":null}},"102":{"start":{"line":131,"column":8},"end":{"line":131,"column":null}},"103":{"start":{"line":133,"column":29},"end":{"line":133,"column":70}},"104":{"start":{"line":134,"column":28},"end":{"line":134,"column":null}},"105":{"start":{"line":135,"column":28},"end":{"line":135,"column":null}},"106":{"start":{"line":136,"column":50},"end":{"line":136,"column":52}},"107":{"start":{"line":137,"column":53},"end":{"line":137,"column":55}},"108":{"start":{"line":138,"column":57},"end":{"line":138,"column":null}},"109":{"start":{"line":139,"column":59},"end":{"line":139,"column":61}},"110":{"start":{"line":140,"column":86},"end":{"line":140,"column":88}},"111":{"start":{"line":142,"column":8},"end":{"line":188,"column":null}},"112":{"start":{"line":143,"column":10},"end":{"line":143,"column":null}},"113":{"start":{"line":144,"column":23},"end":{"line":144,"column":33}},"114":{"start":{"line":146,"column":10},"end":{"line":149,"column":null}},"115":{"start":{"line":147,"column":28},"end":{"line":147,"column":102}},"116":{"start":{"line":148,"column":12},"end":{"line":149,"column":null}},"117":{"start":{"line":149,"column":14},"end":{"line":149,"column":null}},"118":{"start":{"line":153,"column":32},"end":{"line":153,"column":null}},"119":{"start":{"line":154,"column":10},"end":{"line":154,"column":null}},"120":{"start":{"line":154,"column":70},"end":{"line":154,"column":null}},"121":{"start":{"line":156,"column":22},"end":{"line":156,"column":65}},"122":{"start":{"line":157,"column":10},"end":{"line":157,"column":null}},"123":{"start":{"line":159,"column":25},"end":{"line":159,"column":71}},"124":{"start":{"line":160,"column":10},"end":{"line":160,"column":null}},"125":{"start":{"line":162,"column":10},"end":{"line":165,"column":null}},"126":{"start":{"line":163,"column":12},"end":{"line":163,"column":null}},"127":{"start":{"line":163,"column":39},"end":{"line":163,"column":null}},"128":{"start":{"line":164,"column":12},"end":{"line":164,"column":null}},"129":{"start":{"line":165,"column":12},"end":{"line":165,"column":null}},"130":{"start":{"line":168,"column":10},"end":{"line":179,"column":null}},"131":{"start":{"line":169,"column":12},"end":{"line":172,"column":null}},"132":{"start":{"line":170,"column":14},"end":{"line":170,"column":null}},"133":{"start":{"line":172,"column":14},"end":{"line":172,"column":null}},"134":{"start":{"line":174,"column":22},"end":{"line":179,"column":null}},"135":{"start":{"line":175,"column":12},"end":{"line":175,"column":null}},"136":{"start":{"line":176,"column":21},"end":{"line":179,"column":null}},"137":{"start":{"line":177,"column":12},"end":{"line":177,"column":null}},"138":{"start":{"line":179,"column":12},"end":{"line":179,"column":null}},"139":{"start":{"line":182,"column":10},"end":{"line":186,"column":null}},"140":{"start":{"line":183,"column":28},"end":{"line":183,"column":102}},"141":{"start":{"line":184,"column":29},"end":{"line":184,"column":100}},"142":{"start":{"line":185,"column":35},"end":{"line":185,"column":87}},"143":{"start":{"line":186,"column":12},"end":{"line":186,"column":null}},"144":{"start":{"line":190,"column":29},"end":{"line":190,"column":70}},"145":{"start":{"line":191,"column":28},"end":{"line":191,"column":null}},"146":{"start":{"line":192,"column":27},"end":{"line":192,"column":null}},"147":{"start":{"line":193,"column":59},"end":{"line":193,"column":61}},"148":{"start":{"line":194,"column":94},"end":{"line":194,"column":96}},"149":{"start":{"line":195,"column":56},"end":{"line":195,"column":58}},"150":{"start":{"line":197,"column":8},"end":{"line":228,"column":null}},"151":{"start":{"line":198,"column":10},"end":{"line":198,"column":null}},"152":{"start":{"line":199,"column":23},"end":{"line":199,"column":33}},"153":{"start":{"line":200,"column":27},"end":{"line":200,"column":null}},"154":{"start":{"line":201,"column":10},"end":{"line":201,"column":null}},"155":{"start":{"line":203,"column":10},"end":{"line":206,"column":null}},"156":{"start":{"line":204,"column":32},"end":{"line":204,"column":117}},"157":{"start":{"line":205,"column":12},"end":{"line":206,"column":null}},"158":{"start":{"line":206,"column":14},"end":{"line":206,"column":null}},"159":{"start":{"line":210,"column":10},"end":{"line":225,"column":null}},"160":{"start":{"line":211,"column":28},"end":{"line":211,"column":113}},"161":{"start":{"line":212,"column":28},"end":{"line":212,"column":null}},"162":{"start":{"line":213,"column":28},"end":{"line":213,"column":99}},"163":{"start":{"line":214,"column":29},"end":{"line":214,"column":100}},"164":{"start":{"line":215,"column":35},"end":{"line":215,"column":87}},"165":{"start":{"line":217,"column":12},"end":{"line":218,"column":null}},"166":{"start":{"line":218,"column":14},"end":{"line":218,"column":null}},"167":{"start":{"line":220,"column":12},"end":{"line":220,"column":null}},"168":{"start":{"line":221,"column":12},"end":{"line":221,"column":null}},"169":{"start":{"line":223,"column":12},"end":{"line":225,"column":null}},"170":{"start":{"line":224,"column":14},"end":{"line":224,"column":null}},"171":{"start":{"line":224,"column":49},"end":{"line":224,"column":null}},"172":{"start":{"line":225,"column":14},"end":{"line":225,"column":null}},"173":{"start":{"line":230,"column":35},"end":{"line":232,"column":68}},"174":{"start":{"line":231,"column":26},"end":{"line":231,"column":67}},"175":{"start":{"line":232,"column":24},"end":{"line":232,"column":68}},"176":{"start":{"line":234,"column":25},"end":{"line":234,"column":28}},"177":{"start":{"line":234,"column":41},"end":{"line":234,"column":null}},"178":{"start":{"line":235,"column":25},"end":{"line":235,"column":28}},"179":{"start":{"line":235,"column":41},"end":{"line":235,"column":null}},"180":{"start":{"line":236,"column":26},"end":{"line":236,"column":29}},"181":{"start":{"line":236,"column":43},"end":{"line":236,"column":null}},"182":{"start":{"line":237,"column":20},"end":{"line":237,"column":30}},"183":{"start":{"line":239,"column":8},"end":{"line":253,"column":null}},"184":{"start":{"line":240,"column":10},"end":{"line":240,"column":null}},"185":{"start":{"line":240,"column":32},"end":{"line":240,"column":57}},"186":{"start":{"line":241,"column":29},"end":{"line":241,"column":null}},"187":{"start":{"line":242,"column":34},"end":{"line":242,"column":108}},"188":{"start":{"line":244,"column":30},"end":{"line":244,"column":null}},"189":{"start":{"line":245,"column":10},"end":{"line":248,"column":null}},"190":{"start":{"line":246,"column":25},"end":{"line":246,"column":97}},"191":{"start":{"line":247,"column":12},"end":{"line":247,"column":null}},"192":{"start":{"line":247,"column":38},"end":{"line":247,"column":null}},"193":{"start":{"line":250,"column":10},"end":{"line":250,"column":null}},"194":{"start":{"line":250,"column":38},"end":{"line":250,"column":52}},"195":{"start":{"line":250,"column":52},"end":{"line":250,"column":null}},"196":{"start":{"line":250,"column":76},"end":{"line":250,"column":null}},"197":{"start":{"line":251,"column":10},"end":{"line":251,"column":null}},"198":{"start":{"line":251,"column":38},"end":{"line":251,"column":52}},"199":{"start":{"line":251,"column":52},"end":{"line":251,"column":null}},"200":{"start":{"line":251,"column":76},"end":{"line":251,"column":null}},"201":{"start":{"line":252,"column":10},"end":{"line":252,"column":null}},"202":{"start":{"line":252,"column":39},"end":{"line":252,"column":54}},"203":{"start":{"line":252,"column":54},"end":{"line":252,"column":null}},"204":{"start":{"line":252,"column":79},"end":{"line":252,"column":null}},"205":{"start":{"line":255,"column":8},"end":{"line":259,"column":null}},"206":{"start":{"line":261,"column":29},"end":{"line":261,"column":null}},"207":{"start":{"line":262,"column":28},"end":{"line":262,"column":null}},"208":{"start":{"line":264,"column":8},"end":{"line":278,"column":null}},"209":{"start":{"line":265,"column":32},"end":{"line":265,"column":null}},"210":{"start":{"line":266,"column":33},"end":{"line":266,"column":null}},"211":{"start":{"line":268,"column":10},"end":{"line":276,"column":null}},"212":{"start":{"line":269,"column":18},"end":{"line":269,"column":null}},"213":{"start":{"line":270,"column":12},"end":{"line":273,"column":null}},"214":{"start":{"line":271,"column":14},"end":{"line":271,"column":null}},"215":{"start":{"line":273,"column":14},"end":{"line":273,"column":null}},"216":{"start":{"line":276,"column":12},"end":{"line":276,"column":null}},"217":{"start":{"line":280,"column":31},"end":{"line":280,"column":null}},"218":{"start":{"line":281,"column":30},"end":{"line":281,"column":null}},"219":{"start":{"line":282,"column":8},"end":{"line":285,"column":null}},"220":{"start":{"line":287,"column":27},"end":{"line":287,"column":null}},"221":{"start":{"line":288,"column":27},"end":{"line":288,"column":96}},"222":{"start":{"line":288,"column":79},"end":{"line":288,"column":96}},"223":{"start":{"line":289,"column":8},"end":{"line":293,"column":null}},"224":{"start":{"line":290,"column":23},"end":{"line":290,"column":49}},"225":{"start":{"line":291,"column":23},"end":{"line":291,"column":49}},"226":{"start":{"line":292,"column":10},"end":{"line":292,"column":null}},"227":{"start":{"line":295,"column":30},"end":{"line":295,"column":97}},"228":{"start":{"line":295,"column":80},"end":{"line":295,"column":97}},"229":{"start":{"line":296,"column":8},"end":{"line":300,"column":null}},"230":{"start":{"line":297,"column":10},"end":{"line":297,"column":null}},"231":{"start":{"line":297,"column":33},"end":{"line":297,"column":null}},"232":{"start":{"line":298,"column":10},"end":{"line":298,"column":null}},"233":{"start":{"line":298,"column":33},"end":{"line":298,"column":null}},"234":{"start":{"line":299,"column":10},"end":{"line":299,"column":null}},"235":{"start":{"line":302,"column":28},"end":{"line":302,"column":null}},"236":{"start":{"line":303,"column":28},"end":{"line":303,"column":98}},"237":{"start":{"line":303,"column":81},"end":{"line":303,"column":98}},"238":{"start":{"line":304,"column":8},"end":{"line":308,"column":null}},"239":{"start":{"line":305,"column":23},"end":{"line":305,"column":50}},"240":{"start":{"line":306,"column":23},"end":{"line":306,"column":50}},"241":{"start":{"line":307,"column":10},"end":{"line":307,"column":null}},"242":{"start":{"line":310,"column":24},"end":{"line":313,"column":11}},"243":{"start":{"line":310,"column":80},"end":{"line":313,"column":11}},"244":{"start":{"line":314,"column":8},"end":{"line":318,"column":null}},"245":{"start":{"line":315,"column":10},"end":{"line":315,"column":null}},"246":{"start":{"line":315,"column":33},"end":{"line":315,"column":null}},"247":{"start":{"line":316,"column":10},"end":{"line":316,"column":null}},"248":{"start":{"line":316,"column":33},"end":{"line":316,"column":null}},"249":{"start":{"line":317,"column":10},"end":{"line":317,"column":null}},"250":{"start":{"line":320,"column":8},"end":{"line":320,"column":null}},"251":{"start":{"line":321,"column":8},"end":{"line":321,"column":null}},"252":{"start":{"line":322,"column":8},"end":{"line":322,"column":null}},"253":{"start":{"line":323,"column":8},"end":{"line":323,"column":null}},"254":{"start":{"line":324,"column":8},"end":{"line":324,"column":null}},"255":{"start":{"line":324,"column":83},"end":{"line":324,"column":100}},"256":{"start":{"line":325,"column":8},"end":{"line":328,"column":null}},"257":{"start":{"line":329,"column":8},"end":{"line":329,"column":null}},"258":{"start":{"line":330,"column":8},"end":{"line":334,"column":null}},"259":{"start":{"line":331,"column":35},"end":{"line":331,"column":52}},"260":{"start":{"line":332,"column":26},"end":{"line":332,"column":44}},"261":{"start":{"line":335,"column":8},"end":{"line":335,"column":null}},"262":{"start":{"line":336,"column":8},"end":{"line":336,"column":null}},"263":{"start":{"line":336,"column":92},"end":{"line":336,"column":111}},"264":{"start":{"line":337,"column":8},"end":{"line":337,"column":null}},"265":{"start":{"line":337,"column":93},"end":{"line":337,"column":113}},"266":{"start":{"line":340,"column":8},"end":{"line":340,"column":null}},"267":{"start":{"line":342,"column":8},"end":{"line":342,"column":null}},"268":{"start":{"line":346,"column":4},"end":{"line":346,"column":null}},"269":{"start":{"line":350,"column":2},"end":{"line":392,"column":null}},"270":{"start":{"line":351,"column":4},"end":{"line":351,"column":null}},"271":{"start":{"line":351,"column":31},"end":{"line":351,"column":null}},"272":{"start":{"line":353,"column":19},"end":{"line":353,"column":null}},"273":{"start":{"line":354,"column":4},"end":{"line":355,"column":null}},"274":{"start":{"line":355,"column":6},"end":{"line":355,"column":null}},"275":{"start":{"line":355,"column":38},"end":{"line":355,"column":66}},"276":{"start":{"line":358,"column":48},"end":{"line":358,"column":50}},"277":{"start":{"line":359,"column":49},"end":{"line":359,"column":51}},"278":{"start":{"line":360,"column":46},"end":{"line":362,"column":null}},"279":{"start":{"line":364,"column":4},"end":{"line":377,"column":null}},"280":{"start":{"line":365,"column":18},"end":{"line":365,"column":59}},"281":{"start":{"line":366,"column":6},"end":{"line":366,"column":null}},"282":{"start":{"line":367,"column":18},"end":{"line":367,"column":null}},"283":{"start":{"line":368,"column":6},"end":{"line":368,"column":null}},"284":{"start":{"line":370,"column":6},"end":{"line":375,"column":null}},"285":{"start":{"line":371,"column":21},"end":{"line":371,"column":46}},"286":{"start":{"line":372,"column":22},"end":{"line":372,"column":42}},"287":{"start":{"line":373,"column":8},"end":{"line":373,"column":null}},"288":{"start":{"line":375,"column":8},"end":{"line":375,"column":null}},"289":{"start":{"line":379,"column":23},"end":{"line":379,"column":92}},"290":{"start":{"line":379,"column":75},"end":{"line":379,"column":92}},"291":{"start":{"line":380,"column":4},"end":{"line":384,"column":null}},"292":{"start":{"line":381,"column":6},"end":{"line":381,"column":null}},"293":{"start":{"line":381,"column":92},"end":{"line":381,"column":null}},"294":{"start":{"line":382,"column":6},"end":{"line":382,"column":null}},"295":{"start":{"line":382,"column":92},"end":{"line":382,"column":null}},"296":{"start":{"line":383,"column":6},"end":{"line":383,"column":null}},"297":{"start":{"line":386,"column":4},"end":{"line":386,"column":null}},"298":{"start":{"line":387,"column":4},"end":{"line":388,"column":null}},"299":{"start":{"line":387,"column":71},"end":{"line":387,"column":88}},"300":{"start":{"line":388,"column":22},"end":{"line":388,"column":40}},"301":{"start":{"line":389,"column":4},"end":{"line":390,"column":null}},"302":{"start":{"line":389,"column":65},"end":{"line":389,"column":82}},"303":{"start":{"line":390,"column":22},"end":{"line":390,"column":37}},"304":{"start":{"line":395,"column":8},"end":{"line":438,"column":null}},"305":{"start":{"line":396,"column":21},"end":{"line":396,"column":null}},"306":{"start":{"line":397,"column":4},"end":{"line":397,"column":null}},"307":{"start":{"line":399,"column":4},"end":{"line":399,"column":null}},"308":{"start":{"line":400,"column":4},"end":{"line":400,"column":null}},"309":{"start":{"line":401,"column":4},"end":{"line":401,"column":null}},"310":{"start":{"line":402,"column":4},"end":{"line":402,"column":null}},"311":{"start":{"line":403,"column":4},"end":{"line":403,"column":null}},"312":{"start":{"line":404,"column":4},"end":{"line":404,"column":null}},"313":{"start":{"line":406,"column":4},"end":{"line":406,"column":null}},"314":{"start":{"line":407,"column":4},"end":{"line":407,"column":null}},"315":{"start":{"line":408,"column":4},"end":{"line":408,"column":null}},"316":{"start":{"line":409,"column":4},"end":{"line":409,"column":null}},"317":{"start":{"line":410,"column":4},"end":{"line":410,"column":null}},"318":{"start":{"line":412,"column":4},"end":{"line":412,"column":null}},"319":{"start":{"line":413,"column":4},"end":{"line":413,"column":null}},"320":{"start":{"line":414,"column":4},"end":{"line":414,"column":null}},"321":{"start":{"line":414,"column":34},"end":{"line":414,"column":76}},"322":{"start":{"line":415,"column":4},"end":{"line":415,"column":null}},"323":{"start":{"line":417,"column":4},"end":{"line":417,"column":null}},"324":{"start":{"line":418,"column":4},"end":{"line":418,"column":null}},"325":{"start":{"line":419,"column":4},"end":{"line":419,"column":null}},"326":{"start":{"line":419,"column":32},"end":{"line":419,"column":74}},"327":{"start":{"line":420,"column":4},"end":{"line":420,"column":null}},"328":{"start":{"line":422,"column":4},"end":{"line":422,"column":null}},"329":{"start":{"line":423,"column":4},"end":{"line":423,"column":null}},"330":{"start":{"line":424,"column":4},"end":{"line":424,"column":null}},"331":{"start":{"line":424,"column":30},"end":{"line":424,"column":72}},"332":{"start":{"line":425,"column":4},"end":{"line":425,"column":null}},"333":{"start":{"line":427,"column":4},"end":{"line":427,"column":null}},"334":{"start":{"line":428,"column":4},"end":{"line":428,"column":null}},"335":{"start":{"line":429,"column":4},"end":{"line":429,"column":null}},"336":{"start":{"line":429,"column":27},"end":{"line":429,"column":69}},"337":{"start":{"line":431,"column":23},"end":{"line":431,"column":44}},"338":{"start":{"line":432,"column":17},"end":{"line":432,"column":44}},"339":{"start":{"line":433,"column":4},"end":{"line":433,"column":null}},"340":{"start":{"line":434,"column":20},"end":{"line":434,"column":78}},"341":{"start":{"line":435,"column":4},"end":{"line":435,"column":null}},"342":{"start":{"line":436,"column":4},"end":{"line":436,"column":null}},"343":{"start":{"line":437,"column":4},"end":{"line":437,"column":null}},"344":{"start":{"line":438,"column":4},"end":{"line":438,"column":null}},"345":{"start":{"line":442,"column":29},"end":{"line":468,"column":null}},"346":{"start":{"line":443,"column":4},"end":{"line":468,"column":null}},"347":{"start":{"line":444,"column":18},"end":{"line":444,"column":28}},"348":{"start":{"line":445,"column":23},"end":{"line":445,"column":52}},"349":{"start":{"line":447,"column":27},"end":{"line":457,"column":null}},"350":{"start":{"line":459,"column":6},"end":{"line":459,"column":null}},"351":{"start":{"line":461,"column":6},"end":{"line":464,"column":null}},"352":{"start":{"line":462,"column":8},"end":{"line":462,"column":null}},"353":{"start":{"line":464,"column":8},"end":{"line":464,"column":null}},"354":{"start":{"line":467,"column":6},"end":{"line":467,"column":null}},"355":{"start":{"line":468,"column":6},"end":{"line":468,"column":null}},"356":{"start":{"line":468,"column":23},"end":{"line":468,"column":null}},"357":{"start":{"line":473,"column":2},"end":{"line":489,"column":null}},"358":{"start":{"line":474,"column":28},"end":{"line":485,"column":null}},"359":{"start":{"line":475,"column":6},"end":{"line":475,"column":null}},"360":{"start":{"line":475,"column":45},"end":{"line":475,"column":null}},"361":{"start":{"line":476,"column":6},"end":{"line":485,"column":null}},"362":{"start":{"line":477,"column":20},"end":{"line":477,"column":30}},"363":{"start":{"line":478,"column":25},"end":{"line":478,"column":54}},"364":{"start":{"line":479,"column":14},"end":{"line":479,"column":62}},"365":{"start":{"line":480,"column":24},"end":{"line":480,"column":44}},"366":{"start":{"line":481,"column":8},"end":{"line":482,"column":null}},"367":{"start":{"line":482,"column":10},"end":{"line":482,"column":null}},"368":{"start":{"line":485,"column":8},"end":{"line":485,"column":null}},"369":{"start":{"line":488,"column":4},"end":{"line":488,"column":null}},"370":{"start":{"line":492,"column":2},"end":{"line":501,"column":null}}},"fnMap":{"0":{"name":"(anonymous_0)","decl":{"start":{"line":7,"column":6},"end":{"line":7,"column":23}},"loc":{"start":{"line":7,"column":39},"end":{"line":9,"column":null}},"line":7},"1":{"name":"(anonymous_1)","decl":{"start":{"line":12,"column":6},"end":{"line":12,"column":27}},"loc":{"start":{"line":12,"column":43},"end":{"line":14,"column":null}},"line":12},"2":{"name":"(anonymous_2)","decl":{"start":{"line":17,"column":6},"end":{"line":17,"column":25}},"loc":{"start":{"line":17,"column":45},"end":{"line":21,"column":null}},"line":17},"3":{"name":"(anonymous_3)","decl":{"start":{"line":24,"column":6},"end":{"line":24,"column":25}},"loc":{"start":{"line":24,"column":44},"end":{"line":26,"column":null}},"line":24},"4":{"name":"(anonymous_4)","decl":{"start":{"line":29,"column":6},"end":{"line":29,"column":24}},"loc":{"start":{"line":29,"column":38},"end":{"line":31,"column":null}},"line":29},"5":{"name":"(anonymous_5)","decl":{"start":{"line":34,"column":6},"end":{"line":34,"column":22}},"loc":{"start":{"line":34,"column":43},"end":{"line":53,"column":null}},"line":34},"6":{"name":"(anonymous_6)","decl":{"start":{"line":57,"column":6},"end":{"line":57,"column":24}},"loc":{"start":{"line":57,"column":41},"end":{"line":63,"column":null}},"line":57},"7":{"name":"useAnalitica","decl":{"start":{"line":66,"column":16},"end":{"line":66,"column":31}},"loc":{"start":{"line":66,"column":31},"end":{"line":501,"column":null}},"line":66},"8":{"name":"(anonymous_8)","decl":{"start":{"line":94,"column":2},"end":{"line":94,"column":18}},"loc":{"start":{"line":94,"column":18},"end":{"line":347,"column":7}},"line":94},"9":{"name":"(anonymous_9)","decl":{"start":{"line":95,"column":22},"end":{"line":95,"column":34}},"loc":{"start":{"line":95,"column":34},"end":{"line":342,"column":null}},"line":95},"10":{"name":"(anonymous_10)","decl":{"start":{"line":110,"column":18},"end":{"line":110,"column":26}},"loc":{"start":{"line":110,"column":33},"end":{"line":128,"column":null}},"line":110},"11":{"name":"(anonymous_11)","decl":{"start":{"line":118,"column":23},"end":{"line":118,"column":31}},"loc":{"start":{"line":118,"column":36},"end":{"line":121,"column":null}},"line":118},"12":{"name":"(anonymous_12)","decl":{"start":{"line":142,"column":21},"end":{"line":142,"column":29}},"loc":{"start":{"line":142,"column":36},"end":{"line":188,"column":null}},"line":142},"13":{"name":"(anonymous_13)","decl":{"start":{"line":197,"column":21},"end":{"line":197,"column":29}},"loc":{"start":{"line":197,"column":36},"end":{"line":228,"column":null}},"line":197},"14":{"name":"(anonymous_14)","decl":{"start":{"line":231,"column":11},"end":{"line":231,"column":17}},"loc":{"start":{"line":231,"column":26},"end":{"line":231,"column":67}},"line":231},"15":{"name":"(anonymous_15)","decl":{"start":{"line":232,"column":11},"end":{"line":232,"column":15}},"loc":{"start":{"line":232,"column":24},"end":{"line":232,"column":68}},"line":232},"16":{"name":"(anonymous_16)","decl":{"start":{"line":239,"column":39},"end":{"line":239,"column":47}},"loc":{"start":{"line":239,"column":57},"end":{"line":253,"column":null}},"line":239},"17":{"name":"(anonymous_17)","decl":{"start":{"line":240,"column":17},"end":{"line":240,"column":23}},"loc":{"start":{"line":240,"column":32},"end":{"line":240,"column":57}},"line":240},"18":{"name":"(anonymous_18)","decl":{"start":{"line":245,"column":17},"end":{"line":245,"column":25}},"loc":{"start":{"line":245,"column":30},"end":{"line":248,"column":null}},"line":245},"19":{"name":"(anonymous_19)","decl":{"start":{"line":264,"column":38},"end":{"line":264,"column":46}},"loc":{"start":{"line":264,"column":53},"end":{"line":278,"column":null}},"line":264},"20":{"name":"(anonymous_20)","decl":{"start":{"line":288,"column":55},"end":{"line":288,"column":60}},"loc":{"start":{"line":288,"column":79},"end":{"line":288,"column":96}},"line":288},"21":{"name":"(anonymous_21)","decl":{"start":{"line":289,"column":19},"end":{"line":289,"column":25}},"loc":{"start":{"line":289,"column":34},"end":{"line":293,"column":null}},"line":289},"22":{"name":"(anonymous_22)","decl":{"start":{"line":295,"column":56},"end":{"line":295,"column":61}},"loc":{"start":{"line":295,"column":80},"end":{"line":295,"column":97}},"line":295},"23":{"name":"(anonymous_23)","decl":{"start":{"line":296,"column":22},"end":{"line":296,"column":28}},"loc":{"start":{"line":296,"column":37},"end":{"line":300,"column":null}},"line":296},"24":{"name":"(anonymous_24)","decl":{"start":{"line":303,"column":57},"end":{"line":303,"column":62}},"loc":{"start":{"line":303,"column":81},"end":{"line":303,"column":98}},"line":303},"25":{"name":"(anonymous_25)","decl":{"start":{"line":304,"column":20},"end":{"line":304,"column":26}},"loc":{"start":{"line":304,"column":35},"end":{"line":308,"column":null}},"line":304},"26":{"name":"(anonymous_26)","decl":{"start":{"line":310,"column":56},"end":{"line":310,"column":61}},"loc":{"start":{"line":310,"column":80},"end":{"line":313,"column":11}},"line":310},"27":{"name":"(anonymous_27)","decl":{"start":{"line":314,"column":16},"end":{"line":314,"column":22}},"loc":{"start":{"line":314,"column":31},"end":{"line":318,"column":null}},"line":314},"28":{"name":"(anonymous_28)","decl":{"start":{"line":324,"column":59},"end":{"line":324,"column":64}},"loc":{"start":{"line":324,"column":83},"end":{"line":324,"column":100}},"line":324},"29":{"name":"(anonymous_29)","decl":{"start":{"line":331,"column":11},"end":{"line":331,"column":16}},"loc":{"start":{"line":331,"column":35},"end":{"line":331,"column":52}},"line":331},"30":{"name":"(anonymous_30)","decl":{"start":{"line":332,"column":11},"end":{"line":332,"column":17}},"loc":{"start":{"line":332,"column":26},"end":{"line":332,"column":44}},"line":332},"31":{"name":"(anonymous_31)","decl":{"start":{"line":336,"column":66},"end":{"line":336,"column":71}},"loc":{"start":{"line":336,"column":92},"end":{"line":336,"column":111}},"line":336},"32":{"name":"(anonymous_32)","decl":{"start":{"line":337,"column":66},"end":{"line":337,"column":71}},"loc":{"start":{"line":337,"column":93},"end":{"line":337,"column":113}},"line":337},"33":{"name":"(anonymous_33)","decl":{"start":{"line":350,"column":2},"end":{"line":350,"column":18}},"loc":{"start":{"line":350,"column":18},"end":{"line":392,"column":6}},"line":350},"34":{"name":"(anonymous_34)","decl":{"start":{"line":355,"column":26},"end":{"line":355,"column":33}},"loc":{"start":{"line":355,"column":38},"end":{"line":355,"column":66}},"line":355},"35":{"name":"(anonymous_35)","decl":{"start":{"line":364,"column":13},"end":{"line":364,"column":21}},"loc":{"start":{"line":364,"column":26},"end":{"line":377,"column":null}},"line":364},"36":{"name":"(anonymous_36)","decl":{"start":{"line":379,"column":51},"end":{"line":379,"column":56}},"loc":{"start":{"line":379,"column":75},"end":{"line":379,"column":92}},"line":379},"37":{"name":"(anonymous_37)","decl":{"start":{"line":380,"column":15},"end":{"line":380,"column":21}},"loc":{"start":{"line":380,"column":30},"end":{"line":384,"column":null}},"line":380},"38":{"name":"(anonymous_38)","decl":{"start":{"line":387,"column":47},"end":{"line":387,"column":52}},"loc":{"start":{"line":387,"column":71},"end":{"line":387,"column":88}},"line":387},"39":{"name":"(anonymous_39)","decl":{"start":{"line":388,"column":7},"end":{"line":388,"column":13}},"loc":{"start":{"line":388,"column":22},"end":{"line":388,"column":40}},"line":388},"40":{"name":"(anonymous_40)","decl":{"start":{"line":389,"column":41},"end":{"line":389,"column":46}},"loc":{"start":{"line":389,"column":65},"end":{"line":389,"column":82}},"line":389},"41":{"name":"(anonymous_41)","decl":{"start":{"line":390,"column":7},"end":{"line":390,"column":14}},"loc":{"start":{"line":390,"column":22},"end":{"line":390,"column":37}},"line":390},"42":{"name":"(anonymous_42)","decl":{"start":{"line":395,"column":8},"end":{"line":395,"column":32}},"loc":{"start":{"line":395,"column":32},"end":{"line":438,"column":null}},"line":395},"43":{"name":"(anonymous_43)","decl":{"start":{"line":414,"column":19},"end":{"line":414,"column":27}},"loc":{"start":{"line":414,"column":32},"end":{"line":414,"column":null}},"line":414},"44":{"name":"(anonymous_44)","decl":{"start":{"line":419,"column":17},"end":{"line":419,"column":25}},"loc":{"start":{"line":419,"column":30},"end":{"line":419,"column":null}},"line":419},"45":{"name":"(anonymous_45)","decl":{"start":{"line":424,"column":15},"end":{"line":424,"column":23}},"loc":{"start":{"line":424,"column":28},"end":{"line":424,"column":null}},"line":424},"46":{"name":"(anonymous_46)","decl":{"start":{"line":429,"column":12},"end":{"line":429,"column":20}},"loc":{"start":{"line":429,"column":25},"end":{"line":429,"column":null}},"line":429},"47":{"name":"(anonymous_47)","decl":{"start":{"line":442,"column":29},"end":{"line":442,"column":36}},"loc":{"start":{"line":442,"column":59},"end":{"line":468,"column":null}},"line":442},"48":{"name":"(anonymous_48)","decl":{"start":{"line":473,"column":2},"end":{"line":473,"column":18}},"loc":{"start":{"line":473,"column":18},"end":{"line":489,"column":6}},"line":473},"49":{"name":"(anonymous_49)","decl":{"start":{"line":474,"column":28},"end":{"line":474,"column":40}},"loc":{"start":{"line":474,"column":40},"end":{"line":485,"column":null}},"line":474}},"branchMap":{"0":{"loc":{"start":{"line":9,"column":9},"end":{"line":9,"column":null}},"type":"binary-expr","locations":[{"start":{"line":9,"column":9},"end":{"line":9,"column":22}},{"start":{"line":9,"column":22},"end":{"line":9,"column":null}}],"line":9},"1":{"loc":{"start":{"line":14,"column":9},"end":{"line":14,"column":null}},"type":"binary-expr","locations":[{"start":{"line":14,"column":9},"end":{"line":14,"column":22}},{"start":{"line":14,"column":22},"end":{"line":14,"column":null}}],"line":14},"2":{"loc":{"start":{"line":21,"column":9},"end":{"line":21,"column":52}},"type":"binary-expr","locations":[{"start":{"line":21,"column":9},"end":{"line":21,"column":26}},{"start":{"line":21,"column":26},"end":{"line":21,"column":52}}],"line":21},"3":{"loc":{"start":{"line":26,"column":9},"end":{"line":26,"column":null}},"type":"binary-expr","locations":[{"start":{"line":26,"column":9},"end":{"line":26,"column":25}},{"start":{"line":26,"column":25},"end":{"line":26,"column":null}}],"line":26},"4":{"loc":{"start":{"line":31,"column":9},"end":{"line":31,"column":null}},"type":"binary-expr","locations":[{"start":{"line":31,"column":9},"end":{"line":31,"column":20}},{"start":{"line":31,"column":20},"end":{"line":31,"column":null}}],"line":31},"5":{"loc":{"start":{"line":35,"column":2},"end":{"line":35,"column":null}},"type":"if","locations":[{"start":{"line":35,"column":2},"end":{"line":35,"column":null}},{"start":{},"end":{}}],"line":35},"6":{"loc":{"start":{"line":35,"column":6},"end":{"line":35,"column":39}},"type":"binary-expr","locations":[{"start":{"line":35,"column":6},"end":{"line":35,"column":19}},{"start":{"line":35,"column":19},"end":{"line":35,"column":39}}],"line":35},"7":{"loc":{"start":{"line":38,"column":4},"end":{"line":38,"column":null}},"type":"if","locations":[{"start":{"line":38,"column":4},"end":{"line":38,"column":null}},{"start":{},"end":{}}],"line":38},"8":{"loc":{"start":{"line":42,"column":4},"end":{"line":42,"column":null}},"type":"if","locations":[{"start":{"line":42,"column":4},"end":{"line":42,"column":null}},{"start":{},"end":{}}],"line":42},"9":{"loc":{"start":{"line":42,"column":8},"end":{"line":42,"column":49}},"type":"binary-expr","locations":[{"start":{"line":42,"column":8},"end":{"line":42,"column":18}},{"start":{"line":42,"column":22},"end":{"line":42,"column":34}},{"start":{"line":42,"column":38},"end":{"line":42,"column":49}}],"line":42},"10":{"loc":{"start":{"line":44,"column":4},"end":{"line":44,"column":null}},"type":"if","locations":[{"start":{"line":44,"column":4},"end":{"line":44,"column":null}},{"start":{},"end":{}}],"line":44},"11":{"loc":{"start":{"line":48,"column":4},"end":{"line":49,"column":null}},"type":"if","locations":[{"start":{"line":48,"column":4},"end":{"line":49,"column":null}},{"start":{},"end":{}}],"line":48},"12":{"loc":{"start":{"line":48,"column":8},"end":{"line":48,"column":66}},"type":"binary-expr","locations":[{"start":{"line":48,"column":8},"end":{"line":48,"column":18}},{"start":{"line":48,"column":18},"end":{"line":48,"column":29}},{"start":{"line":48,"column":29},"end":{"line":48,"column":66}}],"line":48},"13":{"loc":{"start":{"line":58,"column":2},"end":{"line":58,"column":null}},"type":"if","locations":[{"start":{"line":58,"column":2},"end":{"line":58,"column":null}},{"start":{},"end":{}}],"line":58},"14":{"loc":{"start":{"line":58,"column":6},"end":{"line":58,"column":30}},"type":"binary-expr","locations":[{"start":{"line":58,"column":6},"end":{"line":58,"column":19}},{"start":{"line":58,"column":19},"end":{"line":58,"column":30}}],"line":58},"15":{"loc":{"start":{"line":59,"column":2},"end":{"line":59,"column":null}},"type":"if","locations":[{"start":{"line":59,"column":2},"end":{"line":59,"column":null}},{"start":{},"end":{}}],"line":59},"16":{"loc":{"start":{"line":60,"column":2},"end":{"line":60,"column":null}},"type":"if","locations":[{"start":{"line":60,"column":2},"end":{"line":60,"column":null}},{"start":{},"end":{}}],"line":60},"17":{"loc":{"start":{"line":61,"column":2},"end":{"line":61,"column":null}},"type":"if","locations":[{"start":{"line":61,"column":2},"end":{"line":61,"column":null}},{"start":{},"end":{}}],"line":61},"18":{"loc":{"start":{"line":62,"column":2},"end":{"line":62,"column":null}},"type":"if","locations":[{"start":{"line":62,"column":2},"end":{"line":62,"column":null}},{"start":{},"end":{}}],"line":62},"19":{"loc":{"start":{"line":113,"column":38},"end":{"line":113,"column":75}},"type":"binary-expr","locations":[{"start":{"line":113,"column":38},"end":{"line":113,"column":66}},{"start":{"line":113,"column":66},"end":{"line":113,"column":75}}],"line":113},"20":{"loc":{"start":{"line":114,"column":32},"end":{"line":114,"column":59}},"type":"binary-expr","locations":[{"start":{"line":114,"column":32},"end":{"line":114,"column":54}},{"start":{"line":114,"column":54},"end":{"line":114,"column":59}}],"line":114},"21":{"loc":{"start":{"line":116,"column":29},"end":{"line":116,"column":60}},"type":"binary-expr","locations":[{"start":{"line":116,"column":29},"end":{"line":116,"column":58}},{"start":{"line":116,"column":58},"end":{"line":116,"column":60}}],"line":116},"22":{"loc":{"start":{"line":117,"column":10},"end":{"line":121,"column":null}},"type":"if","locations":[{"start":{"line":117,"column":10},"end":{"line":121,"column":null}},{"start":{},"end":{}}],"line":117},"23":{"loc":{"start":{"line":120,"column":45},"end":{"line":120,"column":81}},"type":"binary-expr","locations":[{"start":{"line":120,"column":45},"end":{"line":120,"column":76}},{"start":{"line":120,"column":76},"end":{"line":120,"column":81}}],"line":120},"24":{"loc":{"start":{"line":125,"column":10},"end":{"line":125,"column":null}},"type":"if","locations":[{"start":{"line":125,"column":10},"end":{"line":125,"column":null}},{"start":{},"end":{}}],"line":125},"25":{"loc":{"start":{"line":126,"column":10},"end":{"line":127,"column":null}},"type":"if","locations":[{"start":{"line":126,"column":10},"end":{"line":127,"column":null}},{"start":{"line":127,"column":15},"end":{"line":127,"column":null}}],"line":126},"26":{"loc":{"start":{"line":146,"column":10},"end":{"line":149,"column":null}},"type":"if","locations":[{"start":{"line":146,"column":10},"end":{"line":149,"column":null}},{"start":{},"end":{}}],"line":146},"27":{"loc":{"start":{"line":146,"column":14},"end":{"line":146,"column":45}},"type":"binary-expr","locations":[{"start":{"line":146,"column":14},"end":{"line":146,"column":29}},{"start":{"line":146,"column":29},"end":{"line":146,"column":45}}],"line":146},"28":{"loc":{"start":{"line":147,"column":28},"end":{"line":147,"column":102}},"type":"cond-expr","locations":[{"start":{"line":147,"column":52},"end":{"line":147,"column":75}},{"start":{"line":147,"column":78},"end":{"line":147,"column":102}}],"line":147},"29":{"loc":{"start":{"line":148,"column":12},"end":{"line":149,"column":null}},"type":"if","locations":[{"start":{"line":148,"column":12},"end":{"line":149,"column":null}},{"start":{},"end":{}}],"line":148},"30":{"loc":{"start":{"line":148,"column":16},"end":{"line":148,"column":91}},"type":"binary-expr","locations":[{"start":{"line":148,"column":16},"end":{"line":148,"column":50}},{"start":{"line":148,"column":50},"end":{"line":148,"column":91}}],"line":148},"31":{"loc":{"start":{"line":153,"column":32},"end":{"line":153,"column":null}},"type":"binary-expr","locations":[{"start":{"line":153,"column":32},"end":{"line":153,"column":47}},{"start":{"line":153,"column":47},"end":{"line":153,"column":null}}],"line":153},"32":{"loc":{"start":{"line":154,"column":10},"end":{"line":154,"column":null}},"type":"if","locations":[{"start":{"line":154,"column":10},"end":{"line":154,"column":null}},{"start":{},"end":{}}],"line":154},"33":{"loc":{"start":{"line":154,"column":14},"end":{"line":154,"column":70}},"type":"binary-expr","locations":[{"start":{"line":154,"column":14},"end":{"line":154,"column":52}},{"start":{"line":154,"column":52},"end":{"line":154,"column":70}}],"line":154},"34":{"loc":{"start":{"line":156,"column":40},"end":{"line":156,"column":65}},"type":"binary-expr","locations":[{"start":{"line":156,"column":40},"end":{"line":156,"column":57}},{"start":{"line":156,"column":57},"end":{"line":156,"column":65}}],"line":156},"35":{"loc":{"start":{"line":157,"column":28},"end":{"line":157,"column":51}},"type":"binary-expr","locations":[{"start":{"line":157,"column":28},"end":{"line":157,"column":46}},{"start":{"line":157,"column":46},"end":{"line":157,"column":51}}],"line":157},"36":{"loc":{"start":{"line":159,"column":41},"end":{"line":159,"column":71}},"type":"binary-expr","locations":[{"start":{"line":159,"column":41},"end":{"line":159,"column":61}},{"start":{"line":159,"column":61},"end":{"line":159,"column":71}}],"line":159},"37":{"loc":{"start":{"line":160,"column":34},"end":{"line":160,"column":63}},"type":"binary-expr","locations":[{"start":{"line":160,"column":34},"end":{"line":160,"column":58}},{"start":{"line":160,"column":58},"end":{"line":160,"column":63}}],"line":160},"38":{"loc":{"start":{"line":162,"column":10},"end":{"line":165,"column":null}},"type":"if","locations":[{"start":{"line":162,"column":10},"end":{"line":165,"column":null}},{"start":{},"end":{}}],"line":162},"39":{"loc":{"start":{"line":163,"column":12},"end":{"line":163,"column":null}},"type":"if","locations":[{"start":{"line":163,"column":12},"end":{"line":163,"column":null}},{"start":{},"end":{}}],"line":163},"40":{"loc":{"start":{"line":168,"column":10},"end":{"line":179,"column":null}},"type":"if","locations":[{"start":{"line":168,"column":10},"end":{"line":179,"column":null}},{"start":{"line":174,"column":22},"end":{"line":179,"column":null}}],"line":168},"41":{"loc":{"start":{"line":168,"column":14},"end":{"line":168,"column":75}},"type":"binary-expr","locations":[{"start":{"line":168,"column":14},"end":{"line":168,"column":46}},{"start":{"line":168,"column":46},"end":{"line":168,"column":75}}],"line":168},"42":{"loc":{"start":{"line":169,"column":12},"end":{"line":172,"column":null}},"type":"if","locations":[{"start":{"line":169,"column":12},"end":{"line":172,"column":null}},{"start":{"line":171,"column":19},"end":{"line":172,"column":null}}],"line":169},"43":{"loc":{"start":{"line":174,"column":22},"end":{"line":179,"column":null}},"type":"if","locations":[{"start":{"line":174,"column":22},"end":{"line":179,"column":null}},{"start":{"line":176,"column":21},"end":{"line":179,"column":null}}],"line":174},"44":{"loc":{"start":{"line":174,"column":22},"end":{"line":174,"column":106}},"type":"binary-expr","locations":[{"start":{"line":174,"column":22},"end":{"line":174,"column":55}},{"start":{"line":174,"column":55},"end":{"line":174,"column":76}},{"start":{"line":174,"column":76},"end":{"line":174,"column":106}}],"line":174},"45":{"loc":{"start":{"line":176,"column":21},"end":{"line":179,"column":null}},"type":"if","locations":[{"start":{"line":176,"column":21},"end":{"line":179,"column":null}},{"start":{"line":178,"column":17},"end":{"line":179,"column":null}}],"line":176},"46":{"loc":{"start":{"line":176,"column":21},"end":{"line":176,"column":77}},"type":"binary-expr","locations":[{"start":{"line":176,"column":21},"end":{"line":176,"column":59}},{"start":{"line":176,"column":59},"end":{"line":176,"column":77}}],"line":176},"47":{"loc":{"start":{"line":182,"column":10},"end":{"line":186,"column":null}},"type":"if","locations":[{"start":{"line":182,"column":10},"end":{"line":186,"column":null}},{"start":{},"end":{}}],"line":182},"48":{"loc":{"start":{"line":183,"column":28},"end":{"line":183,"column":102}},"type":"cond-expr","locations":[{"start":{"line":183,"column":52},"end":{"line":183,"column":75}},{"start":{"line":183,"column":78},"end":{"line":183,"column":102}}],"line":183},"49":{"loc":{"start":{"line":186,"column":50},"end":{"line":186,"column":93}},"type":"binary-expr","locations":[{"start":{"line":186,"column":50},"end":{"line":186,"column":88}},{"start":{"line":186,"column":88},"end":{"line":186,"column":93}}],"line":186},"50":{"loc":{"start":{"line":200,"column":27},"end":{"line":200,"column":null}},"type":"binary-expr","locations":[{"start":{"line":200,"column":27},"end":{"line":200,"column":51}},{"start":{"line":200,"column":51},"end":{"line":200,"column":null}}],"line":200},"51":{"loc":{"start":{"line":203,"column":10},"end":{"line":206,"column":null}},"type":"if","locations":[{"start":{"line":203,"column":10},"end":{"line":206,"column":null}},{"start":{},"end":{}}],"line":203},"52":{"loc":{"start":{"line":203,"column":14},"end":{"line":203,"column":45}},"type":"binary-expr","locations":[{"start":{"line":203,"column":14},"end":{"line":203,"column":29}},{"start":{"line":203,"column":29},"end":{"line":203,"column":45}}],"line":203},"53":{"loc":{"start":{"line":204,"column":32},"end":{"line":204,"column":117}},"type":"cond-expr","locations":[{"start":{"line":204,"column":56},"end":{"line":204,"column":79}},{"start":{"line":204,"column":82},"end":{"line":204,"column":117}}],"line":204},"54":{"loc":{"start":{"line":205,"column":12},"end":{"line":206,"column":null}},"type":"if","locations":[{"start":{"line":205,"column":12},"end":{"line":206,"column":null}},{"start":{},"end":{}}],"line":205},"55":{"loc":{"start":{"line":205,"column":16},"end":{"line":205,"column":95}},"type":"binary-expr","locations":[{"start":{"line":205,"column":16},"end":{"line":205,"column":50}},{"start":{"line":205,"column":50},"end":{"line":205,"column":95}}],"line":205},"56":{"loc":{"start":{"line":210,"column":10},"end":{"line":225,"column":null}},"type":"if","locations":[{"start":{"line":210,"column":10},"end":{"line":225,"column":null}},{"start":{},"end":{}}],"line":210},"57":{"loc":{"start":{"line":211,"column":28},"end":{"line":211,"column":113}},"type":"cond-expr","locations":[{"start":{"line":211,"column":52},"end":{"line":211,"column":75}},{"start":{"line":211,"column":78},"end":{"line":211,"column":113}}],"line":211},"58":{"loc":{"start":{"line":217,"column":12},"end":{"line":218,"column":null}},"type":"if","locations":[{"start":{"line":217,"column":12},"end":{"line":218,"column":null}},{"start":{},"end":{}}],"line":217},"59":{"loc":{"start":{"line":221,"column":50},"end":{"line":221,"column":93}},"type":"binary-expr","locations":[{"start":{"line":221,"column":50},"end":{"line":221,"column":88}},{"start":{"line":221,"column":88},"end":{"line":221,"column":93}}],"line":221},"60":{"loc":{"start":{"line":223,"column":12},"end":{"line":225,"column":null}},"type":"if","locations":[{"start":{"line":223,"column":12},"end":{"line":225,"column":null}},{"start":{},"end":{}}],"line":223},"61":{"loc":{"start":{"line":224,"column":14},"end":{"line":224,"column":null}},"type":"if","locations":[{"start":{"line":224,"column":14},"end":{"line":224,"column":null}},{"start":{},"end":{}}],"line":224},"62":{"loc":{"start":{"line":247,"column":12},"end":{"line":247,"column":null}},"type":"if","locations":[{"start":{"line":247,"column":12},"end":{"line":247,"column":null}},{"start":{},"end":{}}],"line":247},"63":{"loc":{"start":{"line":250,"column":10},"end":{"line":250,"column":null}},"type":"if","locations":[{"start":{"line":250,"column":10},"end":{"line":250,"column":null}},{"start":{},"end":{}}],"line":250},"64":{"loc":{"start":{"line":250,"column":52},"end":{"line":250,"column":null}},"type":"if","locations":[{"start":{"line":250,"column":52},"end":{"line":250,"column":null}},{"start":{},"end":{}}],"line":250},"65":{"loc":{"start":{"line":251,"column":10},"end":{"line":251,"column":null}},"type":"if","locations":[{"start":{"line":251,"column":10},"end":{"line":251,"column":null}},{"start":{},"end":{}}],"line":251},"66":{"loc":{"start":{"line":251,"column":52},"end":{"line":251,"column":null}},"type":"if","locations":[{"start":{"line":251,"column":52},"end":{"line":251,"column":null}},{"start":{},"end":{}}],"line":251},"67":{"loc":{"start":{"line":252,"column":10},"end":{"line":252,"column":null}},"type":"if","locations":[{"start":{"line":252,"column":10},"end":{"line":252,"column":null}},{"start":{},"end":{}}],"line":252},"68":{"loc":{"start":{"line":252,"column":54},"end":{"line":252,"column":null}},"type":"if","locations":[{"start":{"line":252,"column":54},"end":{"line":252,"column":null}},{"start":{},"end":{}}],"line":252},"69":{"loc":{"start":{"line":256,"column":16},"end":{"line":256,"column":null}},"type":"cond-expr","locations":[{"start":{"line":256,"column":29},"end":{"line":256,"column":77}},{"start":{"line":256,"column":80},"end":{"line":256,"column":null}}],"line":256},"70":{"loc":{"start":{"line":257,"column":16},"end":{"line":257,"column":null}},"type":"cond-expr","locations":[{"start":{"line":257,"column":29},"end":{"line":257,"column":77}},{"start":{"line":257,"column":80},"end":{"line":257,"column":null}}],"line":257},"71":{"loc":{"start":{"line":258,"column":17},"end":{"line":258,"column":null}},"type":"cond-expr","locations":[{"start":{"line":258,"column":31},"end":{"line":258,"column":81}},{"start":{"line":258,"column":84},"end":{"line":258,"column":null}}],"line":258},"72":{"loc":{"start":{"line":268,"column":10},"end":{"line":276,"column":null}},"type":"if","locations":[{"start":{"line":268,"column":10},"end":{"line":276,"column":null}},{"start":{"line":275,"column":17},"end":{"line":276,"column":null}}],"line":268},"73":{"loc":{"start":{"line":270,"column":12},"end":{"line":273,"column":null}},"type":"if","locations":[{"start":{"line":270,"column":12},"end":{"line":273,"column":null}},{"start":{"line":272,"column":19},"end":{"line":273,"column":null}}],"line":270},"74":{"loc":{"start":{"line":270,"column":16},"end":{"line":270,"column":55}},"type":"binary-expr","locations":[{"start":{"line":270,"column":16},"end":{"line":270,"column":37}},{"start":{"line":270,"column":37},"end":{"line":270,"column":55}}],"line":270},"75":{"loc":{"start":{"line":281,"column":30},"end":{"line":281,"column":null}},"type":"cond-expr","locations":[{"start":{"line":281,"column":51},"end":{"line":281,"column":102}},{"start":{"line":281,"column":105},"end":{"line":281,"column":null}}],"line":281},"76":{"loc":{"start":{"line":284,"column":20},"end":{"line":284,"column":null}},"type":"cond-expr","locations":[{"start":{"line":284,"column":41},"end":{"line":284,"column":63}},{"start":{"line":284,"column":63},"end":{"line":284,"column":null}}],"line":284},"77":{"loc":{"start":{"line":292,"column":18},"end":{"line":292,"column":46}},"type":"cond-expr","locations":[{"start":{"line":292,"column":32},"end":{"line":292,"column":37}},{"start":{"line":292,"column":37},"end":{"line":292,"column":46}}],"line":292},"78":{"loc":{"start":{"line":292,"column":46},"end":{"line":292,"column":null}},"type":"cond-expr","locations":[{"start":{"line":292,"column":60},"end":{"line":292,"column":65}},{"start":{"line":292,"column":65},"end":{"line":292,"column":null}}],"line":292},"79":{"loc":{"start":{"line":297,"column":10},"end":{"line":297,"column":null}},"type":"if","locations":[{"start":{"line":297,"column":10},"end":{"line":297,"column":null}},{"start":{},"end":{}}],"line":297},"80":{"loc":{"start":{"line":298,"column":10},"end":{"line":298,"column":null}},"type":"if","locations":[{"start":{"line":298,"column":10},"end":{"line":298,"column":null}},{"start":{},"end":{}}],"line":298},"81":{"loc":{"start":{"line":307,"column":18},"end":{"line":307,"column":46}},"type":"cond-expr","locations":[{"start":{"line":307,"column":32},"end":{"line":307,"column":37}},{"start":{"line":307,"column":37},"end":{"line":307,"column":46}}],"line":307},"82":{"loc":{"start":{"line":307,"column":46},"end":{"line":307,"column":null}},"type":"cond-expr","locations":[{"start":{"line":307,"column":60},"end":{"line":307,"column":65}},{"start":{"line":307,"column":65},"end":{"line":307,"column":null}}],"line":307},"83":{"loc":{"start":{"line":315,"column":10},"end":{"line":315,"column":null}},"type":"if","locations":[{"start":{"line":315,"column":10},"end":{"line":315,"column":null}},{"start":{},"end":{}}],"line":315},"84":{"loc":{"start":{"line":316,"column":10},"end":{"line":316,"column":null}},"type":"if","locations":[{"start":{"line":316,"column":10},"end":{"line":316,"column":null}},{"start":{},"end":{}}],"line":316},"85":{"loc":{"start":{"line":351,"column":4},"end":{"line":351,"column":null}},"type":"if","locations":[{"start":{"line":351,"column":4},"end":{"line":351,"column":null}},{"start":{},"end":{}}],"line":351},"86":{"loc":{"start":{"line":354,"column":4},"end":{"line":355,"column":null}},"type":"if","locations":[{"start":{"line":354,"column":4},"end":{"line":355,"column":null}},{"start":{},"end":{}}],"line":354},"87":{"loc":{"start":{"line":365,"column":33},"end":{"line":365,"column":59}},"type":"binary-expr","locations":[{"start":{"line":365,"column":33},"end":{"line":365,"column":45}},{"start":{"line":365,"column":45},"end":{"line":365,"column":59}}],"line":365},"88":{"loc":{"start":{"line":366,"column":26},"end":{"line":366,"column":51}},"type":"binary-expr","locations":[{"start":{"line":366,"column":26},"end":{"line":366,"column":46}},{"start":{"line":366,"column":46},"end":{"line":366,"column":51}}],"line":366},"89":{"loc":{"start":{"line":367,"column":18},"end":{"line":367,"column":null}},"type":"binary-expr","locations":[{"start":{"line":367,"column":18},"end":{"line":367,"column":28}},{"start":{"line":367,"column":28},"end":{"line":367,"column":null}}],"line":367},"90":{"loc":{"start":{"line":368,"column":27},"end":{"line":368,"column":53}},"type":"binary-expr","locations":[{"start":{"line":368,"column":27},"end":{"line":368,"column":48}},{"start":{"line":368,"column":48},"end":{"line":368,"column":53}}],"line":368},"91":{"loc":{"start":{"line":370,"column":6},"end":{"line":375,"column":null}},"type":"if","locations":[{"start":{"line":370,"column":6},"end":{"line":375,"column":null}},{"start":{"line":374,"column":13},"end":{"line":375,"column":null}}],"line":370},"92":{"loc":{"start":{"line":370,"column":10},"end":{"line":370,"column":48}},"type":"binary-expr","locations":[{"start":{"line":370,"column":10},"end":{"line":370,"column":25}},{"start":{"line":370,"column":25},"end":{"line":370,"column":48}}],"line":370},"93":{"loc":{"start":{"line":381,"column":6},"end":{"line":381,"column":null}},"type":"if","locations":[{"start":{"line":381,"column":6},"end":{"line":381,"column":null}},{"start":{},"end":{}}],"line":381},"94":{"loc":{"start":{"line":381,"column":10},"end":{"line":381,"column":92}},"type":"binary-expr","locations":[{"start":{"line":381,"column":10},"end":{"line":381,"column":37}},{"start":{"line":381,"column":41},"end":{"line":381,"column":69}},{"start":{"line":381,"column":73},"end":{"line":381,"column":92}}],"line":381},"95":{"loc":{"start":{"line":382,"column":6},"end":{"line":382,"column":null}},"type":"if","locations":[{"start":{"line":382,"column":6},"end":{"line":382,"column":null}},{"start":{},"end":{}}],"line":382},"96":{"loc":{"start":{"line":382,"column":10},"end":{"line":382,"column":92}},"type":"binary-expr","locations":[{"start":{"line":382,"column":10},"end":{"line":382,"column":37}},{"start":{"line":382,"column":41},"end":{"line":382,"column":69}},{"start":{"line":382,"column":73},"end":{"line":382,"column":92}}],"line":382},"97":{"loc":{"start":{"line":442,"column":36},"end":{"line":442,"column":59}},"type":"default-arg","locations":[{"start":{"line":442,"column":49},"end":{"line":442,"column":59}}],"line":442},"98":{"loc":{"start":{"line":461,"column":6},"end":{"line":464,"column":null}},"type":"if","locations":[{"start":{"line":461,"column":6},"end":{"line":464,"column":null}},{"start":{"line":463,"column":13},"end":{"line":464,"column":null}}],"line":461},"99":{"loc":{"start":{"line":468,"column":6},"end":{"line":468,"column":null}},"type":"if","locations":[{"start":{"line":468,"column":6},"end":{"line":468,"column":null}},{"start":{},"end":{}}],"line":468},"100":{"loc":{"start":{"line":475,"column":6},"end":{"line":475,"column":null}},"type":"if","locations":[{"start":{"line":475,"column":6},"end":{"line":475,"column":null}},{"start":{},"end":{}}],"line":475},"101":{"loc":{"start":{"line":475,"column":10},"end":{"line":475,"column":45}},"type":"binary-expr","locations":[{"start":{"line":475,"column":10},"end":{"line":475,"column":21}},{"start":{"line":475,"column":21},"end":{"line":475,"column":45}}],"line":475},"102":{"loc":{"start":{"line":481,"column":8},"end":{"line":482,"column":null}},"type":"if","locations":[{"start":{"line":481,"column":8},"end":{"line":482,"column":null}},{"start":{},"end":{}}],"line":481}},"s":{"0":2,"1":8,"2":8,"3":2,"4":12,"5":12,"6":2,"7":4,"8":4,"9":2,"10":12,"11":12,"12":2,"13":9,"14":9,"15":2,"16":5,"17":0,"18":5,"19":5,"20":5,"21":0,"22":5,"23":5,"24":5,"25":5,"26":0,"27":5,"28":5,"29":0,"30":5,"31":5,"32":5,"33":5,"34":0,"35":5,"36":0,"37":2,"38":5,"39":0,"40":5,"41":0,"42":5,"43":0,"44":5,"45":5,"46":0,"47":0,"48":0,"49":15,"50":15,"51":15,"52":15,"53":15,"54":15,"55":15,"56":15,"57":15,"58":15,"59":15,"60":15,"61":15,"62":15,"63":15,"64":15,"65":15,"66":15,"67":15,"68":15,"69":15,"70":15,"71":15,"72":4,"73":4,"74":4,"75":4,"76":4,"77":4,"78":4,"79":4,"80":4,"81":4,"82":4,"83":4,"84":4,"85":4,"86":8,"87":8,"88":8,"89":8,"90":8,"91":8,"92":8,"93":4,"94":4,"95":8,"96":8,"97":8,"98":8,"99":4,"100":4,"101":4,"102":4,"103":4,"104":4,"105":4,"106":4,"107":4,"108":4,"109":4,"110":4,"111":4,"112":12,"113":12,"114":12,"115":4,"116":4,"117":4,"118":12,"119":12,"120":4,"121":12,"122":12,"123":12,"124":12,"125":12,"126":8,"127":8,"128":8,"129":8,"130":12,"131":4,"132":4,"133":0,"134":8,"135":4,"136":4,"137":0,"138":4,"139":12,"140":12,"141":12,"142":12,"143":12,"144":4,"145":4,"146":4,"147":4,"148":4,"149":4,"150":4,"151":4,"152":4,"153":4,"154":4,"155":4,"156":4,"157":4,"158":4,"159":4,"160":4,"161":4,"162":4,"163":4,"164":4,"165":4,"166":4,"167":4,"168":4,"169":4,"170":4,"171":4,"172":4,"173":4,"174":0,"175":4,"176":4,"177":4,"178":4,"179":4,"180":4,"181":4,"182":4,"183":4,"184":4,"185":0,"186":4,"187":4,"188":4,"189":4,"190":4,"191":4,"192":0,"193":4,"194":0,"195":0,"196":0,"197":4,"198":0,"199":0,"200":0,"201":4,"202":0,"203":0,"204":0,"205":4,"206":4,"207":4,"208":4,"209":4,"210":4,"211":4,"212":4,"213":4,"214":0,"215":4,"216":0,"217":4,"218":4,"219":4,"220":4,"221":4,"222":8,"223":4,"224":4,"225":4,"226":4,"227":4,"228":8,"229":4,"230":4,"231":4,"232":0,"233":0,"234":0,"235":4,"236":4,"237":8,"238":4,"239":4,"240":4,"241":4,"242":4,"243":8,"244":4,"245":4,"246":4,"247":0,"248":0,"249":0,"250":4,"251":4,"252":4,"253":4,"254":4,"255":16,"256":4,"257":4,"258":4,"259":4,"260":0,"261":4,"262":4,"263":4,"264":4,"265":4,"266":0,"267":4,"268":4,"269":15,"270":9,"271":4,"272":5,"273":5,"274":1,"275":2,"276":5,"277":5,"278":5,"279":5,"280":9,"281":9,"282":9,"283":9,"284":9,"285":5,"286":5,"287":5,"288":4,"289":5,"290":9,"291":5,"292":4,"293":4,"294":0,"295":0,"296":0,"297":5,"298":5,"299":9,"300":4,"301":5,"302":30,"303":30,"304":15,"305":1,"306":1,"307":1,"308":1,"309":1,"310":1,"311":1,"312":1,"313":1,"314":1,"315":1,"316":1,"317":1,"318":1,"319":1,"320":1,"321":4,"322":1,"323":1,"324":1,"325":1,"326":2,"327":1,"328":1,"329":1,"330":1,"331":2,"332":1,"333":1,"334":1,"335":1,"336":2,"337":1,"338":1,"339":1,"340":1,"341":1,"342":1,"343":1,"344":1,"345":15,"346":5,"347":5,"348":5,"349":5,"350":5,"351":5,"352":1,"353":4,"354":0,"355":0,"356":0,"357":15,"358":8,"359":8,"360":4,"361":4,"362":4,"363":4,"364":4,"365":4,"366":4,"367":4,"368":0,"369":8,"370":15},"f":{"0":8,"1":12,"2":4,"3":12,"4":9,"5":5,"6":5,"7":15,"8":4,"9":4,"10":8,"11":4,"12":12,"13":4,"14":0,"15":4,"16":4,"17":0,"18":4,"19":4,"20":8,"21":4,"22":8,"23":4,"24":8,"25":4,"26":8,"27":4,"28":16,"29":4,"30":0,"31":4,"32":4,"33":9,"34":2,"35":9,"36":9,"37":4,"38":9,"39":4,"40":30,"41":30,"42":1,"43":4,"44":2,"45":2,"46":2,"47":5,"48":8,"49":8},"b":{"0":[8,0],"1":[12,0],"2":[4,0],"3":[12,0],"4":[9,0],"5":[0,5],"6":[5,5],"7":[0,5],"8":[0,5],"9":[5,5,5],"10":[0,5],"11":[0,5],"12":[5,5,0],"13":[0,5],"14":[5,5],"15":[0,5],"16":[0,5],"17":[5,0],"18":[0,0],"19":[8,4],"20":[8,8],"21":[8,4],"22":[8,0],"23":[4,4],"24":[8,0],"25":[4,4],"26":[4,8],"27":[12,4],"28":[4,0],"29":[4,0],"30":[4,0],"31":[12,0],"32":[4,8],"33":[12,8],"34":[12,8],"35":[12,8],"36":[12,8],"37":[12,8],"38":[8,4],"39":[8,0],"40":[4,8],"41":[12,8],"42":[4,0],"43":[4,4],"44":[8,4,4],"45":[0,4],"46":[4,4],"47":[12,0],"48":[12,0],"49":[12,4],"50":[4,0],"51":[4,0],"52":[4,4],"53":[4,0],"54":[4,0],"55":[4,0],"56":[4,0],"57":[4,0],"58":[4,0],"59":[4,4],"60":[4,0],"61":[4,0],"62":[0,4],"63":[0,4],"64":[0,0],"65":[0,4],"66":[0,0],"67":[0,4],"68":[0,0],"69":[0,4],"70":[0,4],"71":[0,4],"72":[4,0],"73":[0,4],"74":[4,4],"75":[4,0],"76":[4,0],"77":[0,4],"78":[0,4],"79":[4,0],"80":[0,0],"81":[0,4],"82":[0,4],"83":[4,0],"84":[0,0],"85":[4,5],"86":[1,4],"87":[9,4],"88":[9,9],"89":[9,4],"90":[9,9],"91":[5,4],"92":[9,5],"93":[4,0],"94":[4,0,0],"95":[0,0],"96":[0,0,0],"97":[5],"98":[1,4],"99":[0,0],"100":[4,4],"101":[8,4],"102":[4,0]},"meta":{"lastBranch":103,"lastFunction":50,"lastStatement":371,"seen":{"s:7:6:9:Infinity":0,"f:7:6:7:23":0,"s:8:39:8:Infinity":1,"s:9:2:9:Infinity":2,"b:9:9:9:22:9:22:9:Infinity":0,"s:12:6:14:Infinity":3,"f:12:6:12:27":1,"s:13:39:13:Infinity":4,"s:14:2:14:Infinity":5,"b:14:9:14:22:14:22:14:Infinity":1,"s:17:6:21:Infinity":6,"f:17:6:17:25":2,"s:18:39:20:Infinity":7,"s:21:2:21:Infinity":8,"b:21:9:21:26:21:26:21:52":2,"s:24:6:26:Infinity":9,"f:24:6:24:25":3,"s:25:39:25:Infinity":10,"s:26:2:26:Infinity":11,"b:26:9:26:25:26:25:26:Infinity":3,"s:29:6:31:Infinity":12,"f:29:6:29:24":4,"s:30:39:30:Infinity":13,"s:31:2:31:Infinity":14,"b:31:9:31:20:31:20:31:Infinity":4,"s:34:6:53:Infinity":15,"f:34:6:34:22":5,"b:35:2:35:Infinity:undefined:undefined:undefined:undefined":5,"s:35:2:35:Infinity":16,"b:35:6:35:19:35:19:35:39":6,"s:35:39:35:Infinity":17,"s:36:2:53:Infinity":18,"s:37:18:37:37":19,"b:38:4:38:Infinity:undefined:undefined:undefined:undefined":7,"s:38:4:38:Infinity":20,"s:38:28:38:Infinity":21,"s:39:16:39:38":22,"s:40:18:40:Infinity":23,"s:41:17:41:39":24,"b:42:4:42:Infinity:undefined:undefined:undefined:undefined":8,"s:42:4:42:Infinity":25,"b:42:8:42:18:42:22:42:34:42:38:42:49":9,"s:42:51:42:Infinity":26,"s:43:22:43:48":27,"b:44:4:44:Infinity:undefined:undefined:undefined:undefined":10,"s:44:4:44:Infinity":28,"s:44:36:44:Infinity":29,"s:45:18:45:28":30,"s:46:14:46:59":31,"s:47:14:47:53":32,"b:48:4:49:Infinity:undefined:undefined:undefined:undefined":11,"s:48:4:49:Infinity":33,"b:48:8:48:18:48:18:48:29:48:29:48:66":12,"s:49:6:49:Infinity":34,"s:51:4:51:Infinity":35,"s:53:4:53:Infinity":36,"s:57:6:63:Infinity":37,"f:57:6:57:24":6,"b:58:2:58:Infinity:undefined:undefined:undefined:undefined":13,"s:58:2:58:Infinity":38,"b:58:6:58:19:58:19:58:30":14,"s:58:32:58:Infinity":39,"b:59:2:59:Infinity:undefined:undefined:undefined:undefined":15,"s:59:2:59:Infinity":40,"s:59:17:59:Infinity":41,"b:60:2:60:Infinity:undefined:undefined:undefined:undefined":16,"s:60:2:60:Infinity":42,"s:60:18:60:Infinity":43,"b:61:2:61:Infinity:undefined:undefined:undefined:undefined":17,"s:61:2:61:Infinity":44,"s:61:18:61:Infinity":45,"b:62:2:62:Infinity:undefined:undefined:undefined:undefined":18,"s:62:2:62:Infinity":46,"s:62:18:62:Infinity":47,"s:63:2:63:Infinity":48,"f:66:16:66:31":7,"s:67:20:67:57":49,"s:68:18:68:46":50,"s:69:27:69:65":51,"s:72:16:72:126":52,"s:73:20:73:55":53,"s:74:23:74:61":54,"s:75:21:75:57":55,"s:76:23:76:61":56,"s:77:25:77:92":57,"s:78:26:78:87":58,"s:79:25:79:65":59,"s:80:24:80:63":60,"s:81:27:81:69":61,"s:82:21:82:57":62,"s:83:30:83:75":63,"s:84:30:84:75":64,"s:85:20:85:55":65,"s:86:21:86:57":66,"s:87:18:87:51":67,"s:89:19:89:53":68,"s:90:22:90:62":69,"s:91:25:91:63":70,"s:94:2:347:Infinity":71,"f:94:2:94:18":8,"s:95:22:342:Infinity":72,"f:95:22:95:34":9,"s:96:6:342:Infinity":73,"s:97:8:97:Infinity":74,"s:99:55:99:57":75,"s:100:55:100:57":76,"s:101:26:101:64":77,"s:102:25:102:Infinity":78,"s:103:27:103:Infinity":79,"s:104:32:104:Infinity":80,"s:105:52:105:54":81,"s:106:53:106:55":82,"s:107:33:107:35":83,"s:108:27:108:44":84,"s:110:8:128:Infinity":85,"f:110:18:110:26":10,"s:111:10:111:Infinity":86,"s:112:23:112:33":87,"s:113:24:113:75":88,"b:113:38:113:66:113:66:113:75":19,"s:114:10:114:Infinity":89,"b:114:32:114:54:114:54:114:59":20,"s:116:29:116:60":90,"b:116:29:116:58:116:58:116:60":21,"b:117:10:121:Infinity:undefined:undefined:undefined:undefined":22,"s:117:10:121:Infinity":91,"s:118:12:121:Infinity":92,"f:118:23:118:31":11,"s:119:36:119:54":93,"s:120:14:120:Infinity":94,"b:120:45:120:76:120:76:120:81":23,"s:124:10:124:Infinity":95,"b:125:10:125:Infinity:undefined:undefined:undefined:undefined":24,"s:125:10:125:Infinity":96,"s:125:27:125:Infinity":97,"b:126:10:127:Infinity:127:15:127:Infinity":25,"s:126:10:127:Infinity":98,"s:126:35:126:Infinity":99,"s:127:15:127:Infinity":100,"s:130:8:130:Infinity":101,"s:131:8:131:Infinity":102,"s:133:29:133:70":103,"s:134:28:134:Infinity":104,"s:135:28:135:Infinity":105,"s:136:50:136:52":106,"s:137:53:137:55":107,"s:138:57:138:Infinity":108,"s:139:59:139:61":109,"s:140:86:140:88":110,"s:142:8:188:Infinity":111,"f:142:21:142:29":12,"s:143:10:143:Infinity":112,"s:144:23:144:33":113,"b:146:10:149:Infinity:undefined:undefined:undefined:undefined":26,"s:146:10:149:Infinity":114,"b:146:14:146:29:146:29:146:45":27,"s:147:28:147:102":115,"b:147:52:147:75:147:78:147:102":28,"b:148:12:149:Infinity:undefined:undefined:undefined:undefined":29,"s:148:12:149:Infinity":116,"b:148:16:148:50:148:50:148:91":30,"s:149:14:149:Infinity":117,"s:153:32:153:Infinity":118,"b:153:32:153:47:153:47:153:Infinity":31,"b:154:10:154:Infinity:undefined:undefined:undefined:undefined":32,"s:154:10:154:Infinity":119,"b:154:14:154:52:154:52:154:70":33,"s:154:70:154:Infinity":120,"s:156:22:156:65":121,"b:156:40:156:57:156:57:156:65":34,"s:157:10:157:Infinity":122,"b:157:28:157:46:157:46:157:51":35,"s:159:25:159:71":123,"b:159:41:159:61:159:61:159:71":36,"s:160:10:160:Infinity":124,"b:160:34:160:58:160:58:160:63":37,"b:162:10:165:Infinity:undefined:undefined:undefined:undefined":38,"s:162:10:165:Infinity":125,"b:163:12:163:Infinity:undefined:undefined:undefined:undefined":39,"s:163:12:163:Infinity":126,"s:163:39:163:Infinity":127,"s:164:12:164:Infinity":128,"s:165:12:165:Infinity":129,"b:168:10:179:Infinity:174:22:179:Infinity":40,"s:168:10:179:Infinity":130,"b:168:14:168:46:168:46:168:75":41,"b:169:12:172:Infinity:171:19:172:Infinity":42,"s:169:12:172:Infinity":131,"s:170:14:170:Infinity":132,"s:172:14:172:Infinity":133,"b:174:22:179:Infinity:176:21:179:Infinity":43,"s:174:22:179:Infinity":134,"b:174:22:174:55:174:55:174:76:174:76:174:106":44,"s:175:12:175:Infinity":135,"b:176:21:179:Infinity:178:17:179:Infinity":45,"s:176:21:179:Infinity":136,"b:176:21:176:59:176:59:176:77":46,"s:177:12:177:Infinity":137,"s:179:12:179:Infinity":138,"b:182:10:186:Infinity:undefined:undefined:undefined:undefined":47,"s:182:10:186:Infinity":139,"s:183:28:183:102":140,"b:183:52:183:75:183:78:183:102":48,"s:184:29:184:100":141,"s:185:35:185:87":142,"s:186:12:186:Infinity":143,"b:186:50:186:88:186:88:186:93":49,"s:190:29:190:70":144,"s:191:28:191:Infinity":145,"s:192:27:192:Infinity":146,"s:193:59:193:61":147,"s:194:94:194:96":148,"s:195:56:195:58":149,"s:197:8:228:Infinity":150,"f:197:21:197:29":13,"s:198:10:198:Infinity":151,"s:199:23:199:33":152,"s:200:27:200:Infinity":153,"b:200:27:200:51:200:51:200:Infinity":50,"s:201:10:201:Infinity":154,"b:203:10:206:Infinity:undefined:undefined:undefined:undefined":51,"s:203:10:206:Infinity":155,"b:203:14:203:29:203:29:203:45":52,"s:204:32:204:117":156,"b:204:56:204:79:204:82:204:117":53,"b:205:12:206:Infinity:undefined:undefined:undefined:undefined":54,"s:205:12:206:Infinity":157,"b:205:16:205:50:205:50:205:95":55,"s:206:14:206:Infinity":158,"b:210:10:225:Infinity:undefined:undefined:undefined:undefined":56,"s:210:10:225:Infinity":159,"s:211:28:211:113":160,"b:211:52:211:75:211:78:211:113":57,"s:212:28:212:Infinity":161,"s:213:28:213:99":162,"s:214:29:214:100":163,"s:215:35:215:87":164,"b:217:12:218:Infinity:undefined:undefined:undefined:undefined":58,"s:217:12:218:Infinity":165,"s:218:14:218:Infinity":166,"s:220:12:220:Infinity":167,"s:221:12:221:Infinity":168,"b:221:50:221:88:221:88:221:93":59,"b:223:12:225:Infinity:undefined:undefined:undefined:undefined":60,"s:223:12:225:Infinity":169,"b:224:14:224:Infinity:undefined:undefined:undefined:undefined":61,"s:224:14:224:Infinity":170,"s:224:49:224:Infinity":171,"s:225:14:225:Infinity":172,"s:230:35:232:68":173,"f:231:11:231:17":14,"s:231:26:231:67":174,"f:232:11:232:15":15,"s:232:24:232:68":175,"s:234:25:234:28":176,"s:234:41:234:Infinity":177,"s:235:25:235:28":178,"s:235:41:235:Infinity":179,"s:236:26:236:29":180,"s:236:43:236:Infinity":181,"s:237:20:237:30":182,"s:239:8:253:Infinity":183,"f:239:39:239:47":16,"s:240:10:240:Infinity":184,"f:240:17:240:23":17,"s:240:32:240:57":185,"s:241:29:241:Infinity":186,"s:242:34:242:108":187,"s:244:30:244:Infinity":188,"s:245:10:248:Infinity":189,"f:245:17:245:25":18,"s:246:25:246:97":190,"b:247:12:247:Infinity:undefined:undefined:undefined:undefined":62,"s:247:12:247:Infinity":191,"s:247:38:247:Infinity":192,"b:250:10:250:Infinity:undefined:undefined:undefined:undefined":63,"s:250:10:250:Infinity":193,"s:250:38:250:52":194,"b:250:52:250:Infinity:undefined:undefined:undefined:undefined":64,"s:250:52:250:Infinity":195,"s:250:76:250:Infinity":196,"b:251:10:251:Infinity:undefined:undefined:undefined:undefined":65,"s:251:10:251:Infinity":197,"s:251:38:251:52":198,"b:251:52:251:Infinity:undefined:undefined:undefined:undefined":66,"s:251:52:251:Infinity":199,"s:251:76:251:Infinity":200,"b:252:10:252:Infinity:undefined:undefined:undefined:undefined":67,"s:252:10:252:Infinity":201,"s:252:39:252:54":202,"b:252:54:252:Infinity:undefined:undefined:undefined:undefined":68,"s:252:54:252:Infinity":203,"s:252:79:252:Infinity":204,"s:255:8:259:Infinity":205,"b:256:29:256:77:256:80:256:Infinity":69,"b:257:29:257:77:257:80:257:Infinity":70,"b:258:31:258:81:258:84:258:Infinity":71,"s:261:29:261:Infinity":206,"s:262:28:262:Infinity":207,"s:264:8:278:Infinity":208,"f:264:38:264:46":19,"s:265:32:265:Infinity":209,"s:266:33:266:Infinity":210,"b:268:10:276:Infinity:275:17:276:Infinity":72,"s:268:10:276:Infinity":211,"s:269:18:269:Infinity":212,"b:270:12:273:Infinity:272:19:273:Infinity":73,"s:270:12:273:Infinity":213,"b:270:16:270:37:270:37:270:55":74,"s:271:14:271:Infinity":214,"s:273:14:273:Infinity":215,"s:276:12:276:Infinity":216,"s:280:31:280:Infinity":217,"s:281:30:281:Infinity":218,"b:281:51:281:102:281:105:281:Infinity":75,"s:282:8:285:Infinity":219,"b:284:41:284:63:284:63:284:Infinity":76,"s:287:27:287:Infinity":220,"s:288:27:288:96":221,"f:288:55:288:60":20,"s:288:79:288:96":222,"s:289:8:293:Infinity":223,"f:289:19:289:25":21,"s:290:23:290:49":224,"s:291:23:291:49":225,"s:292:10:292:Infinity":226,"b:292:32:292:37:292:37:292:46":77,"b:292:60:292:65:292:65:292:Infinity":78,"s:295:30:295:97":227,"f:295:56:295:61":22,"s:295:80:295:97":228,"s:296:8:300:Infinity":229,"f:296:22:296:28":23,"b:297:10:297:Infinity:undefined:undefined:undefined:undefined":79,"s:297:10:297:Infinity":230,"s:297:33:297:Infinity":231,"b:298:10:298:Infinity:undefined:undefined:undefined:undefined":80,"s:298:10:298:Infinity":232,"s:298:33:298:Infinity":233,"s:299:10:299:Infinity":234,"s:302:28:302:Infinity":235,"s:303:28:303:98":236,"f:303:57:303:62":24,"s:303:81:303:98":237,"s:304:8:308:Infinity":238,"f:304:20:304:26":25,"s:305:23:305:50":239,"s:306:23:306:50":240,"s:307:10:307:Infinity":241,"b:307:32:307:37:307:37:307:46":81,"b:307:60:307:65:307:65:307:Infinity":82,"s:310:24:313:11":242,"f:310:56:310:61":26,"s:310:80:313:11":243,"s:314:8:318:Infinity":244,"f:314:16:314:22":27,"b:315:10:315:Infinity:undefined:undefined:undefined:undefined":83,"s:315:10:315:Infinity":245,"s:315:33:315:Infinity":246,"b:316:10:316:Infinity:undefined:undefined:undefined:undefined":84,"s:316:10:316:Infinity":247,"s:316:33:316:Infinity":248,"s:317:10:317:Infinity":249,"s:320:8:320:Infinity":250,"s:321:8:321:Infinity":251,"s:322:8:322:Infinity":252,"s:323:8:323:Infinity":253,"s:324:8:324:Infinity":254,"f:324:59:324:64":28,"s:324:83:324:100":255,"s:325:8:328:Infinity":256,"s:329:8:329:Infinity":257,"s:330:8:334:Infinity":258,"f:331:11:331:16":29,"s:331:35:331:52":259,"f:332:11:332:17":30,"s:332:26:332:44":260,"s:335:8:335:Infinity":261,"s:336:8:336:Infinity":262,"f:336:66:336:71":31,"s:336:92:336:111":263,"s:337:8:337:Infinity":264,"f:337:66:337:71":32,"s:337:93:337:113":265,"s:340:8:340:Infinity":266,"s:342:8:342:Infinity":267,"s:346:4:346:Infinity":268,"s:350:2:392:Infinity":269,"f:350:2:350:18":33,"b:351:4:351:Infinity:undefined:undefined:undefined:undefined":85,"s:351:4:351:Infinity":270,"s:351:31:351:Infinity":271,"s:353:19:353:Infinity":272,"b:354:4:355:Infinity:undefined:undefined:undefined:undefined":86,"s:354:4:355:Infinity":273,"s:355:6:355:Infinity":274,"f:355:26:355:33":34,"s:355:38:355:66":275,"s:358:48:358:50":276,"s:359:49:359:51":277,"s:360:46:362:Infinity":278,"s:364:4:377:Infinity":279,"f:364:13:364:21":35,"s:365:18:365:59":280,"b:365:33:365:45:365:45:365:59":87,"s:366:6:366:Infinity":281,"b:366:26:366:46:366:46:366:51":88,"s:367:18:367:Infinity":282,"b:367:18:367:28:367:28:367:Infinity":89,"s:368:6:368:Infinity":283,"b:368:27:368:48:368:48:368:53":90,"b:370:6:375:Infinity:374:13:375:Infinity":91,"s:370:6:375:Infinity":284,"b:370:10:370:25:370:25:370:48":92,"s:371:21:371:46":285,"s:372:22:372:42":286,"s:373:8:373:Infinity":287,"s:375:8:375:Infinity":288,"s:379:23:379:92":289,"f:379:51:379:56":36,"s:379:75:379:92":290,"s:380:4:384:Infinity":291,"f:380:15:380:21":37,"b:381:6:381:Infinity:undefined:undefined:undefined:undefined":93,"s:381:6:381:Infinity":292,"b:381:10:381:37:381:41:381:69:381:73:381:92":94,"s:381:92:381:Infinity":293,"b:382:6:382:Infinity:undefined:undefined:undefined:undefined":95,"s:382:6:382:Infinity":294,"b:382:10:382:37:382:41:382:69:382:73:382:92":96,"s:382:92:382:Infinity":295,"s:383:6:383:Infinity":296,"s:386:4:386:Infinity":297,"s:387:4:388:Infinity":298,"f:387:47:387:52":38,"s:387:71:387:88":299,"f:388:7:388:13":39,"s:388:22:388:40":300,"s:389:4:390:Infinity":301,"f:389:41:389:46":40,"s:389:65:389:82":302,"f:390:7:390:14":41,"s:390:22:390:37":303,"s:395:8:438:Infinity":304,"f:395:8:395:32":42,"s:396:21:396:Infinity":305,"s:397:4:397:Infinity":306,"s:399:4:399:Infinity":307,"s:400:4:400:Infinity":308,"s:401:4:401:Infinity":309,"s:402:4:402:Infinity":310,"s:403:4:403:Infinity":311,"s:404:4:404:Infinity":312,"s:406:4:406:Infinity":313,"s:407:4:407:Infinity":314,"s:408:4:408:Infinity":315,"s:409:4:409:Infinity":316,"s:410:4:410:Infinity":317,"s:412:4:412:Infinity":318,"s:413:4:413:Infinity":319,"s:414:4:414:Infinity":320,"f:414:19:414:27":43,"s:414:34:414:76":321,"s:415:4:415:Infinity":322,"s:417:4:417:Infinity":323,"s:418:4:418:Infinity":324,"s:419:4:419:Infinity":325,"f:419:17:419:25":44,"s:419:32:419:74":326,"s:420:4:420:Infinity":327,"s:422:4:422:Infinity":328,"s:423:4:423:Infinity":329,"s:424:4:424:Infinity":330,"f:424:15:424:23":45,"s:424:30:424:72":331,"s:425:4:425:Infinity":332,"s:427:4:427:Infinity":333,"s:428:4:428:Infinity":334,"s:429:4:429:Infinity":335,"f:429:12:429:20":46,"s:429:27:429:69":336,"s:431:23:431:44":337,"s:432:17:432:44":338,"s:433:4:433:Infinity":339,"s:434:20:434:78":340,"s:435:4:435:Infinity":341,"s:436:4:436:Infinity":342,"s:437:4:437:Infinity":343,"s:438:4:438:Infinity":344,"s:442:29:468:Infinity":345,"f:442:29:442:36":47,"b:442:49:442:59":97,"s:443:4:468:Infinity":346,"s:444:18:444:28":347,"s:445:23:445:52":348,"s:447:27:457:Infinity":349,"s:459:6:459:Infinity":350,"b:461:6:464:Infinity:463:13:464:Infinity":98,"s:461:6:464:Infinity":351,"s:462:8:462:Infinity":352,"s:464:8:464:Infinity":353,"s:467:6:467:Infinity":354,"b:468:6:468:Infinity:undefined:undefined:undefined:undefined":99,"s:468:6:468:Infinity":355,"s:468:23:468:Infinity":356,"s:473:2:489:Infinity":357,"f:473:2:473:18":48,"s:474:28:485:Infinity":358,"f:474:28:474:40":49,"b:475:6:475:Infinity:undefined:undefined:undefined:undefined":100,"s:475:6:475:Infinity":359,"b:475:10:475:21:475:21:475:45":101,"s:475:45:475:Infinity":360,"s:476:6:485:Infinity":361,"s:477:20:477:30":362,"s:478:25:478:54":363,"s:479:14:479:62":364,"s:480:24:480:44":365,"b:481:8:482:Infinity:undefined:undefined:undefined:undefined":102,"s:481:8:482:Infinity":366,"s:482:10:482:Infinity":367,"s:485:8:485:Infinity":368,"s:488:4:488:Infinity":369,"s:492:2:501:Infinity":370}}}
}
